#
# There is insufficient memory for the Java Runtime Environment to continue.
# Native memory allocation (malloc) failed to allocate 1493456 bytes for Chunk::new
# Possible reasons:
#   The system is out of physical RAM or swap space
#   In 32 bit mode, the process size limit was hit
# Possible solutions:
#   Reduce memory load on the system
#   Increase physical memory or swap space
#   Check if swap backing store is full
#   Use 64 bit Java on a 64 bit OS
#   Decrease Java heap size (-Xmx/-Xms)
#   Decrease number of Java threads
#   Decrease Java thread stack sizes (-Xss)
#   Set larger code cache with -XX:ReservedCodeCacheSize=
# This output file may be truncated or incomplete.
#
#  Out of Memory Error (allocation.cpp:390), pid=4896, tid=6172
#
# JRE version: Java(TM) SE Runtime Environment (8.0_51-b16) (build 1.8.0_51-b16)
# Java VM: Java HotSpot(TM) 64-Bit Server VM (25.51-b03 mixed mode windows-amd64 compressed oops)
# Failed to write core dump. Minidumps are not enabled by default on client versions of Windows
#

---------------  T H R E A D  ---------------

Current thread (0x0000000007f08800):  JavaThread "C2 CompilerThread0" daemon [_thread_in_native, id=6172, stack(0x00000000084e0000,0x00000000085e0000)]

Stack: [0x00000000084e0000,0x00000000085e0000]
Native frames: (J=compiled Java code, j=interpreted, Vv=VM code, C=native code)
V  [jvm.dll+0x32b4ca]
V  [jvm.dll+0x2797e3]
V  [jvm.dll+0x27a479]
V  [jvm.dll+0x271765]
V  [jvm.dll+0xcba02]
V  [jvm.dll+0xcbecc]
V  [jvm.dll+0x476f72]
V  [jvm.dll+0x4b95ff]
V  [jvm.dll+0x46bb38]
V  [jvm.dll+0x46cd4e]
V  [jvm.dll+0x4501a2]
V  [jvm.dll+0xa43a2]
V  [jvm.dll+0xa4cdf]
V  [jvm.dll+0x2418a4]
V  [jvm.dll+0x29846a]
C  [msvcr100.dll+0x21d9f]
C  [msvcr100.dll+0x21e3b]
C  [KERNEL32.DLL+0x18102]
C  [ntdll.dll+0x5c5b4]


Current CompileTask:
C2:  14687 2190   !   4       com.android.dx.cf.code.Ropper::processBlock (1101 bytes)


---------------  P R O C E S S  ---------------

Java Threads: ( => current thread )
  0x0000000008269800 JavaThread "pool-1-thread-4" [_thread_blocked, id=14088, stack(0x00000000096e0000,0x00000000097e0000)]
  0x0000000008264000 JavaThread "pool-1-thread-3" [_thread_blocked, id=6680, stack(0x00000000095e0000,0x00000000096e0000)]
  0x000000000825f800 JavaThread "pool-1-thread-2" [_thread_blocked, id=3880, stack(0x00000000094e0000,0x00000000095e0000)]
  0x000000000821b000 JavaThread "pool-2-thread-1" [_thread_blocked, id=6220, stack(0x00000000093e0000,0x00000000094e0000)]
  0x000000000821a800 JavaThread "pool-1-thread-1" [_thread_blocked, id=2756, stack(0x00000000092e0000,0x00000000093e0000)]
  0x0000000007f1b000 JavaThread "Service Thread" daemon [_thread_blocked, id=14096, stack(0x00000000088e0000,0x00000000089e0000)]
  0x0000000007f15000 JavaThread "C1 CompilerThread3" daemon [_thread_blocked, id=11876, stack(0x00000000087e0000,0x00000000088e0000)]
  0x0000000007f0f800 JavaThread "C2 CompilerThread2" daemon [_thread_in_native, id=11832, stack(0x00000000086e0000,0x00000000087e0000)]
  0x0000000007f0c800 JavaThread "C2 CompilerThread1" daemon [_thread_in_native, id=10932, stack(0x00000000085e0000,0x00000000086e0000)]
=>0x0000000007f08800 JavaThread "C2 CompilerThread0" daemon [_thread_in_native, id=6172, stack(0x00000000084e0000,0x00000000085e0000)]
  0x0000000007f05800 JavaThread "Attach Listener" daemon [_thread_blocked, id=12236, stack(0x00000000083e0000,0x00000000084e0000)]
  0x0000000007f04800 JavaThread "Signal Dispatcher" daemon [_thread_blocked, id=3440, stack(0x00000000082e0000,0x00000000083e0000)]
  0x00000000022f9800 JavaThread "Finalizer" daemon [_thread_blocked, id=1328, stack(0x0000000007d10000,0x0000000007e10000)]
  0x0000000005e4d800 JavaThread "Reference Handler" daemon [_thread_blocked, id=13548, stack(0x0000000007c10000,0x0000000007d10000)]
  0x00000000020fd800 JavaThread "main" [_thread_blocked, id=11896, stack(0x0000000002100000,0x0000000002200000)]

Other Threads:
  0x0000000005e49000 VMThread [stack: 0x0000000007b10000,0x0000000007c10000] [id=6488]
  0x0000000007f1c000 WatcherThread [stack: 0x00000000089e0000,0x0000000008ae0000] [id=9272]

VM state:not at safepoint (normal execution)

VM Mutex/Monitor currently owned by a thread: None

Heap:
 PSYoungGen      total 148480K, used 23078K [0x00000000eab00000, 0x00000000f5300000, 0x0000000100000000)
  eden space 131072K, 5% used [0x00000000eab00000,0x00000000eb1cdc68,0x00000000f2b00000)
  from space 17408K, 92% used [0x00000000f3e00000,0x00000000f4dbbf08,0x00000000f4f00000)
  to   space 19456K, 0% used [0x00000000f2b00000,0x00000000f2b00000,0x00000000f3e00000)
 ParOldGen       total 87552K, used 23907K [0x00000000c0000000, 0x00000000c5580000, 0x00000000eab00000)
  object space 87552K, 27% used [0x00000000c0000000,0x00000000c1758d30,0x00000000c5580000)
 Metaspace       used 6355K, capacity 7216K, committed 7296K, reserved 1056768K
  class space    used 595K, capacity 616K, committed 640K, reserved 1048576K

Card table byte_map: [0x00000000026d0000,0x00000000028e0000] byte_map_base: 0x00000000020d0000

Marking Bits: (ParMarkBitMap*) 0x000000006e1e4040
 Begin Bits: [0x0000000003240000, 0x0000000004240000)
 End Bits:   [0x0000000004240000, 0x0000000005240000)

Polling page: 0x00000000004a0000

CodeCache: size=245760Kb used=11354Kb max_used=11360Kb free=234405Kb
 bounds [0x000000000f010000, 0x000000000fb40000, 0x000000001e010000]
 total_blobs=2450 nmethods=2180 adapters=182
 compilation: enabled

Compilation events (10 events):
Event: 14.428 Thread 0x0000000007f0c800 2247       4       com.android.dx.dex.code.RopTranslator$LocalVariableAwareTranslationVisitor::visitThrowingCstInsn (11 bytes)
Event: 14.428 Thread 0x0000000007f0f800 2248       4       com.android.dx.dex.code.RopTranslator$TranslationVisitor::visitThrowingCstInsn (225 bytes)
Event: 14.548 Thread 0x0000000007f0c800 nmethod 2247 0x000000000fb2b350 code [0x000000000fb2b620, 0x000000000fb2da40]
Event: 14.548 Thread 0x0000000007f0c800 2249       4       sun.nio.cs.UTF_8$Encoder::encode (359 bytes)
Event: 14.552 Thread 0x0000000007f0c800 nmethod 2249 0x000000000fb12dd0 code [0x000000000fb12f20, 0x000000000fb13178]
Event: 14.552 Thread 0x0000000007f0c800 2250   !   4       com.android.dx.rop.type.Prototype::intern (233 bytes)
Event: 14.561 Thread 0x0000000007f0f800 nmethod 2248 0x000000000fb31090 code [0x000000000fb312e0, 0x000000000fb32dd8]
Event: 14.561 Thread 0x0000000007f0f800 2251 %     4       com.android.dx.util.LabeledList::<init> @ 26 (57 bytes)
Event: 14.569 Thread 0x0000000007f0f800 nmethod 2251% 0x000000000fb12590 code [0x000000000fb126e0, 0x000000000fb12af8]
Event: 14.569 Thread 0x0000000007f0f800 2253       4       com.android.dx.ssa.ConstCollector::updateConstUses (248 bytes)

GC Heap History (10 events):
Event: 5.775 GC heap before
{Heap before GC invocations=2 (full 0):
 PSYoungGen      total 38400K, used 38197K [0x00000000eab00000, 0x00000000ed580000, 0x0000000100000000)
  eden space 33280K, 100% used [0x00000000eab00000,0x00000000ecb80000,0x00000000ecb80000)
  from space 5120K, 96% used [0x00000000ecb80000,0x00000000ed04d670,0x00000000ed080000)
  to   space 5120K, 0% used [0x00000000ed080000,0x00000000ed080000,0x00000000ed580000)
 ParOldGen       total 87552K, used 16K [0x00000000c0000000, 0x00000000c5580000, 0x00000000eab00000)
  object space 87552K, 0% used [0x00000000c0000000,0x00000000c0004000,0x00000000c5580000)
 Metaspace       used 6135K, capacity 7024K, committed 7296K, reserved 1056768K
  class space    used 593K, capacity 616K, committed 640K, reserved 1048576K
Event: 5.970 GC heap after
Heap after GC invocations=2 (full 0):
 PSYoungGen      total 38400K, used 5116K [0x00000000eab00000, 0x00000000ef600000, 0x0000000100000000)
  eden space 33280K, 0% used [0x00000000eab00000,0x00000000eab00000,0x00000000ecb80000)
  from space 5120K, 99% used [0x00000000ed080000,0x00000000ed57f168,0x00000000ed580000)
  to   space 5120K, 0% used [0x00000000ecb80000,0x00000000ecb80000,0x00000000ed080000)
 ParOldGen       total 87552K, used 3158K [0x00000000c0000000, 0x00000000c5580000, 0x00000000eab00000)
  object space 87552K, 3% used [0x00000000c0000000,0x00000000c0315bd0,0x00000000c5580000)
 Metaspace       used 6135K, capacity 7024K, committed 7296K, reserved 1056768K
  class space    used 593K, capacity 616K, committed 640K, reserved 1048576K
}
Event: 6.935 GC heap before
{Heap before GC invocations=3 (full 0):
 PSYoungGen      total 38400K, used 38396K [0x00000000eab00000, 0x00000000ef600000, 0x0000000100000000)
  eden space 33280K, 100% used [0x00000000eab00000,0x00000000ecb80000,0x00000000ecb80000)
  from space 5120K, 99% used [0x00000000ed080000,0x00000000ed57f168,0x00000000ed580000)
  to   space 5120K, 0% used [0x00000000ecb80000,0x00000000ecb80000,0x00000000ed080000)
 ParOldGen       total 87552K, used 3158K [0x00000000c0000000, 0x00000000c5580000, 0x00000000eab00000)
  object space 87552K, 3% used [0x00000000c0000000,0x00000000c0315bd0,0x00000000c5580000)
 Metaspace       used 6189K, capacity 7088K, committed 7296K, reserved 1056768K
  class space    used 594K, capacity 616K, committed 640K, reserved 1048576K
Event: 7.253 GC heap after
Heap after GC invocations=3 (full 0):
 PSYoungGen      total 38400K, used 5118K [0x00000000eab00000, 0x00000000ef600000, 0x0000000100000000)
  eden space 33280K, 0% used [0x00000000eab00000,0x00000000eab00000,0x00000000ecb80000)
  from space 5120K, 99% used [0x00000000ecb80000,0x00000000ed07f8b8,0x00000000ed080000)
  to   space 5120K, 0% used [0x00000000ef100000,0x00000000ef100000,0x00000000ef600000)
 ParOldGen       total 87552K, used 7603K [0x00000000c0000000, 0x00000000c5580000, 0x00000000eab00000)
  object space 87552K, 8% used [0x00000000c0000000,0x00000000c076cf38,0x00000000c5580000)
 Metaspace       used 6189K, capacity 7088K, committed 7296K, reserved 1056768K
  class space    used 594K, capacity 616K, committed 640K, reserved 1048576K
}
Event: 9.625 GC heap before
{Heap before GC invocations=4 (full 0):
 PSYoungGen      total 38400K, used 38398K [0x00000000eab00000, 0x00000000ef600000, 0x0000000100000000)
  eden space 33280K, 100% used [0x00000000eab00000,0x00000000ecb80000,0x00000000ecb80000)
  from space 5120K, 99% used [0x00000000ecb80000,0x00000000ed07f8b8,0x00000000ed080000)
  to   space 5120K, 0% used [0x00000000ef100000,0x00000000ef100000,0x00000000ef600000)
 ParOldGen       total 87552K, used 7603K [0x00000000c0000000, 0x00000000c5580000, 0x00000000eab00000)
  object space 87552K, 8% used [0x00000000c0000000,0x00000000c076cf38,0x00000000c5580000)
 Metaspace       used 6228K, capacity 7152K, committed 7296K, reserved 1056768K
  class space    used 594K, capacity 616K, committed 640K, reserved 1048576K
Event: 9.762 GC heap after
Heap after GC invocations=4 (full 0):
 PSYoungGen      total 71680K, used 5102K [0x00000000eab00000, 0x00000000ef600000, 0x0000000100000000)
  eden space 66560K, 0% used [0x00000000eab00000,0x00000000eab00000,0x00000000eec00000)
  from space 5120K, 99% used [0x00000000ef100000,0x00000000ef5fb8c8,0x00000000ef600000)
  to   space 5120K, 0% used [0x00000000eec00000,0x00000000eec00000,0x00000000ef100000)
 ParOldGen       total 87552K, used 12852K [0x00000000c0000000, 0x00000000c5580000, 0x00000000eab00000)
  object space 87552K, 14% used [0x00000000c0000000,0x00000000c0c8d328,0x00000000c5580000)
 Metaspace       used 6228K, capacity 7152K, committed 7296K, reserved 1056768K
  class space    used 594K, capacity 616K, committed 640K, reserved 1048576K
}
Event: 11.232 GC heap before
{Heap before GC invocations=5 (full 0):
 PSYoungGen      total 71680K, used 71662K [0x00000000eab00000, 0x00000000ef600000, 0x0000000100000000)
  eden space 66560K, 100% used [0x00000000eab00000,0x00000000eec00000,0x00000000eec00000)
  from space 5120K, 99% used [0x00000000ef100000,0x00000000ef5fb8c8,0x00000000ef600000)
  to   space 5120K, 0% used [0x00000000eec00000,0x00000000eec00000,0x00000000ef100000)
 ParOldGen       total 87552K, used 12852K [0x00000000c0000000, 0x00000000c5580000, 0x00000000eab00000)
  object space 87552K, 14% used [0x00000000c0000000,0x00000000c0c8d328,0x00000000c5580000)
 Metaspace       used 6310K, capacity 7152K, committed 7296K, reserved 1056768K
  class space    used 595K, capacity 616K, committed 640K, reserved 1048576K
Event: 11.314 GC heap after
Heap after GC invocations=5 (full 0):
 PSYoungGen      total 71680K, used 5096K [0x00000000eab00000, 0x00000000f4f00000, 0x0000000100000000)
  eden space 66560K, 0% used [0x00000000eab00000,0x00000000eab00000,0x00000000eec00000)
  from space 5120K, 99% used [0x00000000eec00000,0x00000000ef0fa330,0x00000000ef100000)
  to   space 17408K, 0% used [0x00000000f3e00000,0x00000000f3e00000,0x00000000f4f00000)
 ParOldGen       total 87552K, used 23907K [0x00000000c0000000, 0x00000000c5580000, 0x00000000eab00000)
  object space 87552K, 27% used [0x00000000c0000000,0x00000000c1758d30,0x00000000c5580000)
 Metaspace       used 6310K, capacity 7152K, committed 7296K, reserved 1056768K
  class space    used 595K, capacity 616K, committed 640K, reserved 1048576K
}
Event: 14.484 GC heap before
{Heap before GC invocations=6 (full 0):
 PSYoungGen      total 71680K, used 71656K [0x00000000eab00000, 0x00000000f4f00000, 0x0000000100000000)
  eden space 66560K, 100% used [0x00000000eab00000,0x00000000eec00000,0x00000000eec00000)
  from space 5120K, 99% used [0x00000000eec00000,0x00000000ef0fa330,0x00000000ef100000)
  to   space 17408K, 0% used [0x00000000f3e00000,0x00000000f3e00000,0x00000000f4f00000)
 ParOldGen       total 87552K, used 23907K [0x00000000c0000000, 0x00000000c5580000, 0x00000000eab00000)
  object space 87552K, 27% used [0x00000000c0000000,0x00000000c1758d30,0x00000000c5580000)
 Metaspace       used 6355K, capacity 7216K, committed 7296K, reserved 1056768K
  class space    used 595K, capacity 616K, committed 640K, reserved 1048576K
Event: 14.545 GC heap after
Heap after GC invocations=6 (full 0):
 PSYoungGen      total 148480K, used 16111K [0x00000000eab00000, 0x00000000f5300000, 0x0000000100000000)
  eden space 131072K, 0% used [0x00000000eab00000,0x00000000eab00000,0x00000000f2b00000)
  from space 17408K, 92% used [0x00000000f3e00000,0x00000000f4dbbf08,0x00000000f4f00000)
  to   space 19456K, 0% used [0x00000000f2b00000,0x00000000f2b00000,0x00000000f3e00000)
 ParOldGen       total 87552K, used 23907K [0x00000000c0000000, 0x00000000c5580000, 0x00000000eab00000)
  object space 87552K, 27% used [0x00000000c0000000,0x00000000c1758d30,0x00000000c5580000)
 Metaspace       used 6355K, capacity 7216K, committed 7296K, reserved 1056768K
  class space    used 595K, capacity 616K, committed 640K, reserved 1048576K
}

Deoptimization events (10 events):
Event: 10.917 Thread 0x0000000008269800 Uncommon trap: reason=unstable_if action=reinterpret pc=0x000000000f53dc08 method=com.android.dx.ssa.SCCP.simulateStmt(Lcom/android/dx/ssa/SsaInsn;)V @ 53
Event: 10.922 Thread 0x0000000008269800 Uncommon trap: reason=unstable_if action=reinterpret pc=0x000000000f7c04f0 method=com.android.dx.ssa.SCCP.simulateBranch(Lcom/android/dx/ssa/SsaInsn;)V @ 548
Event: 10.925 Thread 0x0000000008269800 Uncommon trap: reason=class_check action=maybe_recompile pc=0x000000000f3cea04 method=java.util.HashMap.putVal(ILjava/lang/Object;Ljava/lang/Object;ZZ)Ljava/lang/Object; @ 203
Event: 11.047 Thread 0x000000000825f800 Uncommon trap: reason=unstable_if action=reinterpret pc=0x000000000f7bd5d4 method=com.android.dx.cf.code.Ropper.addOrReplaceBlock(Lcom/android/dx/rop/code/BasicBlock;Lcom/android/dx/util/IntList;)Z @ 24
Event: 11.672 Thread 0x000000000821a800 Uncommon trap: reason=class_check action=maybe_recompile pc=0x000000000fa4efe8 method=com.android.dx.ssa.SCCP.replaceConstants()V @ 127
Event: 11.678 Thread 0x0000000008269800 Uncommon trap: reason=unstable_if action=reinterpret pc=0x000000000f58aa48 method=com.android.dx.rop.code.LocalItem.compareHandlesNulls(Lcom/android/dx/rop/cst/CstString;Lcom/android/dx/rop/cst/CstString;)I @ 14
Event: 13.212 Thread 0x000000000821a800 Uncommon trap: reason=class_check action=maybe_recompile pc=0x000000000f9d9118 method=com.android.dx.cf.code.BytecodeArray.parseInstruction(ILcom/android/dx/cf/code/BytecodeArray$Visitor;)I @ 1417
Event: 13.234 Thread 0x0000000008264000 Uncommon trap: reason=class_check action=maybe_recompile pc=0x000000000f9d9118 method=com.android.dx.cf.code.BytecodeArray.parseInstruction(ILcom/android/dx/cf/code/BytecodeArray$Visitor;)I @ 1417
Event: 13.235 Thread 0x0000000008264000 Uncommon trap: reason=class_check action=maybe_recompile pc=0x000000000f9d9118 method=com.android.dx.cf.code.BytecodeArray.parseInstruction(ILcom/android/dx/cf/code/BytecodeArray$Visitor;)I @ 1417
Event: 13.346 Thread 0x000000000821a800 Uncommon trap: reason=class_check action=maybe_recompile pc=0x000000000f9d9118 method=com.android.dx.cf.code.BytecodeArray.parseInstruction(ILcom/android/dx/cf/code/BytecodeArray$Visitor;)I @ 1417

Internal exceptions (6 events):
Event: 0.054 Thread 0x00000000020fd800 Exception <a 'java/lang/NoSuchMethodError': Method sun.misc.Unsafe.defineClass(Ljava/lang/String;[BII)Ljava/lang/Class; name or signature does not match> (0x00000000eab0db28) thrown at [C:\re\workspace\8-2-build-windows-amd64-cygwin\jdk8u51\3951\hotspot\sr‡ŸÅÊ´?
Event: 0.054 Thread 0x00000000020fd800 Exception <a 'java/lang/NoSuchMethodError': Method sun.misc.Unsafe.prefetchRead(Ljava/lang/Object;J)V name or signature does not match> (0x00000000eab0ddb8) thrown at [C:\re\workspace\8-2-build-windows-amd64-cygwin\jdk8u51\3951\hotspot\src\share\vm\prims\j˘Ç.≈áÑ@
Event: 3.440 Thread 0x00000000020fd800 Implicit null exception at 0x000000000f30a737 to 0x000000000f30cbad
Event: 3.440 Thread 0x00000000020fd800 Implicit null exception at 0x000000000f3173ad to 0x000000000f319bd9
Event: 3.718 Thread 0x0000000008264000 Implicit null exception at 0x000000000f357d62 to 0x000000000f357e61
Event: 11.678 Thread 0x0000000008269800 Implicit null exception at 0x000000000f58927f to 0x000000000f58aa21

Events (10 events):
Event: 13.234 Thread 0x0000000008264000 DEOPT PACKING pc=0x000000000f9d9118 sp=0x00000000096debb0
Event: 13.234 Thread 0x0000000008264000 DEOPT UNPACKING pc=0x000000000f05582a sp=0x00000000096deb68 mode 2
Event: 13.235 Thread 0x0000000008264000 Uncommon trap: trap_request=0xffffffde fr.pc=0x000000000f9d9118
Event: 13.235 Thread 0x0000000008264000 DEOPT PACKING pc=0x000000000f9d9118 sp=0x00000000096debb0
Event: 13.235 Thread 0x0000000008264000 DEOPT UNPACKING pc=0x000000000f05582a sp=0x00000000096deb68 mode 2
Event: 13.346 Thread 0x000000000821a800 Uncommon trap: trap_request=0xffffffde fr.pc=0x000000000f9d9118
Event: 13.346 Thread 0x000000000821a800 DEOPT PACKING pc=0x000000000f9d9118 sp=0x00000000093de7e0
Event: 13.346 Thread 0x000000000821a800 DEOPT UNPACKING pc=0x000000000f05582a sp=0x00000000093de798 mode 2
Event: 14.483 Executing VM operation: ParallelGCFailedAllocation
Event: 14.545 Executing VM operation: ParallelGCFailedAllocation done


Dynamic libraries:
0x00007ff710740000 - 0x00007ff710777000 	C:\Program Files\Java\jdk1.8.0_51\bin\java.exe
0x00007ff8f2220000 - 0x00007ff8f23e1000 	C:\WINDOWS\SYSTEM32\ntdll.dll
0x00007ff8f0450000 - 0x00007ff8f04fd000 	C:\WINDOWS\system32\KERNEL32.DLL
0x00007ff8ef240000 - 0x00007ff8ef428000 	C:\WINDOWS\system32\KERNELBASE.dll
0x00007ff8efe50000 - 0x00007ff8efef7000 	C:\WINDOWS\system32\ADVAPI32.dll
0x00007ff8f00b0000 - 0x00007ff8f014d000 	C:\WINDOWS\system32\msvcrt.dll
0x00007ff8f08c0000 - 0x00007ff8f091b000 	C:\WINDOWS\system32\sechost.dll
0x00007ff8f01c0000 - 0x00007ff8f02dc000 	C:\WINDOWS\system32\RPCRT4.dll
0x00007ff8f0560000 - 0x00007ff8f06b6000 	C:\WINDOWS\system32\USER32.dll
0x00007ff8f0930000 - 0x00007ff8f0ab6000 	C:\WINDOWS\system32\GDI32.dll
0x00007ff8eaec0000 - 0x00007ff8eb134000 	C:\WINDOWS\WinSxS\amd64_microsoft.windows.common-controls_6595b64144ccf1df_6.0.10586.0_none_8c15ae12515e1c22\COMCTL32.dll
0x00007ff8ef600000 - 0x00007ff8ef87d000 	C:\WINDOWS\system32\combase.dll
0x00007ff8eefd0000 - 0x00007ff8ef03a000 	C:\WINDOWS\system32\bcryptPrimitives.dll
0x00007ff8ef880000 - 0x00007ff8ef8bb000 	C:\WINDOWS\system32\IMM32.DLL
0x00007ff8ed250000 - 0x00007ff8ed281000 	C:\Windows\system32\nvinitx.dll
0x00007ff8ed240000 - 0x00007ff8ed24a000 	C:\WINDOWS\SYSTEM32\VERSION.dll
0x000000000f000000 - 0x000000000f006000 	C:\Program Files\NVIDIA Corporation\CoProcManager\_etoured.dll
0x00007ff8ebc80000 - 0x00007ff8ebcb2000 	C:\Program Files\NVIDIA Corporation\CoProcManager\nvd3d9wrapx.dll
0x00007ff8efa20000 - 0x00007ff8efe49000 	C:\WINDOWS\system32\SETUPAPI.dll
0x00007ff8ef0a0000 - 0x00007ff8ef0e3000 	C:\WINDOWS\system32\CFGMGR32.dll
0x00007ff8eb7d0000 - 0x00007ff8eb7f2000 	C:\Program Files\NVIDIA Corporation\CoProcManager\nvdxgiwrapx.dll
0x000000006d900000 - 0x000000006d9d2000 	C:\Program Files\Java\jdk1.8.0_51\jre\bin\msvcr100.dll
0x000000006d9e0000 - 0x000000006e263000 	C:\Program Files\Java\jdk1.8.0_51\jre\bin\server\jvm.dll
0x00007ff8f0ac0000 - 0x00007ff8f0ac8000 	C:\WINDOWS\system32\PSAPI.DLL
0x00007ff8e25a0000 - 0x00007ff8e25a9000 	C:\WINDOWS\SYSTEM32\WSOCK32.dll
0x00007ff8f0b80000 - 0x00007ff8f0beb000 	C:\WINDOWS\system32\WS2_32.dll
0x00007ff8ebb40000 - 0x00007ff8ebb63000 	C:\WINDOWS\SYSTEM32\WINMM.dll
0x00007ff8ebae0000 - 0x00007ff8ebb0c000 	C:\WINDOWS\SYSTEM32\WINMMBASE.dll
0x000000006fd20000 - 0x000000006fd2f000 	C:\Program Files\Java\jdk1.8.0_51\jre\bin\verify.dll
0x000000006fcf0000 - 0x000000006fd19000 	C:\Program Files\Java\jdk1.8.0_51\jre\bin\java.dll
0x000000006fcd0000 - 0x000000006fce6000 	C:\Program Files\Java\jdk1.8.0_51\jre\bin\zip.dll
0x00007ff8f0bf0000 - 0x00007ff8f214c000 	C:\WINDOWS\system32\SHELL32.dll
0x00007ff8ee980000 - 0x00007ff8eefc5000 	C:\WINDOWS\system32\windows.storage.dll
0x00007ff8eff00000 - 0x00007ff8eff52000 	C:\WINDOWS\system32\shlwapi.dll
0x00007ff8ee840000 - 0x00007ff8ee84f000 	C:\WINDOWS\system32\kernel.appcore.dll
0x0000000007e10000 - 0x0000000007ec5000 	C:\WINDOWS\system32\shcore.dll
0x00007ff8ee850000 - 0x00007ff8ee89b000 	C:\WINDOWS\system32\powrprof.dll
0x00007ff8ee820000 - 0x00007ff8ee834000 	C:\WINDOWS\system32\profapi.dll
0x00007ff8e4920000 - 0x00007ff8e4aac000 	C:\WINDOWS\SYSTEM32\dbghelp.dll

VM Arguments:
jvm_args: -Djava.awt.headless=true -Xmx1024M -Dfile.encoding=windows-1252 -Duser.country=US -Duser.language=en -Duser.variant 
java_command: com.android.dx.command.Main --dex --num-threads=4 --output C:\Users\Omar\EDA397_2016_Group5\PairProgrammingApp\app\build\intermediates\pre-dexed\debug\com.android.support-support-v4-23.1.1_a8ab12dae0f981a61e016deefbf99b1610232ed4.jar C:\Users\Omar\EDA397_2016_Group5\PairProgrammingApp\app\build\intermediates\exploded-aar\com.android.support\support-v4\23.1.1\jars\classes.jar
java_class_path (initial): C:\Users\Omar\AppData\Local\Android\sdk\build-tools\23.0.2\lib\dx.jar
Launcher Type: SUN_STANDARD

Environment Variables:
JAVA_HOME=C:\Program Files\Java\jdk1.8.0_51
PATH=C:\Program Files\Haskell\bin;C:\Program Files\Haskell Platform\7.10.3\lib\extralibs\bin;C:\Program Files\Haskell Platform\7.10.3\bin;C:\Ruby22-x64\bin;C:\Program Files\Common Files\Microsoft Shared\Windows Live;C:\Program Files (x86)\Common Files\Microsoft Shared\Windows Live;C:\ProgramData\Oracle\Java\javapath;C:\Windows\system32;C:\Windows;C:\Windows\System32\Wbem;C:\Windows\System32\WindowsPowerShell\v1.0\;C:\Program Files (x86)\Windows Live\Shared;C:\Program Files\nodejs;C:\Program Files\Java\jdk1.8.0_51\bin;C:\Users\Omar\Desktop\SonarQube\sonar-runner-2.4\bin;C:\Program Files (x86)\NVIDIA Corporation\PhysX\Common;C:\WINDOWS\system32\config\systemprofile\.dnx\bin;C:\Program Files\Microsoft DNX\Dnvm\;C:\Program Files\IBM\SPSS\Statistics\22\JRE\bin;C:\Program Files (x86)\Skype\Phone\;C:\Program Files\nodejs\;C:\Program Files\Git\cmd;C:\Program Files\Git\mingw64\bin;C:\Program Files\Git\usr\bin;C:\Program Files\WIDCOMM\Bluetooth Software\;C:\Program Files\WIDCOMM\Bluetooth Software\syswow64;C:\Program Files (x86)\SoundWire Server;C:\WINDOWS\system32;C:\WINDOWS;C:\WINDOWS\System32\Wbem;C:\WINDOWS\System32\WindowsPowerShell\v1.0\;C:\Program Files\Haskell Platform\7.10.3\mingw\bin;C:\Users\Omar\AppData\Roaming\cabal\bin;C:\MinGW\bin;C:\Gtk+\bin;C:\ThreadScope\threadscope-0.2.2\bin;C:\cygwin\bin;C:\Program Files\erl7.3\bin;C:\Users\Omar\AppData\Roaming\cabal\bin;C:\Users\Omar\AppData\Roaming\npm;C:\Program Files (x86)\Gtk+\bin
USERNAME=Omar
OS=Windows_NT
PROCESSOR_IDENTIFIER=Intel64 Family 6 Model 42 Stepping 7, GenuineIntel



---------------  S Y S T E M  ---------------

OS: Windows 10.0 , 64 bit Build 10586 (10.0.10586.0)

CPU:total 8 (4 cores per cpu, 2 threads per core) family 6 model 42 stepping 7, cmov, cx8, fxsr, mmx, sse, sse2, sse3, ssse3, sse4.1, sse4.2, popcnt, avx, aes, clmul, ht, tsc, tscinvbit

Memory: 4k page, physical 8335212k(1216684k free), swap 10294124k(1112k free)

vm_info: Java HotSpot(TM) 64-Bit Server VM (25.51-b03) for windows-amd64 JRE (1.8.0_51-b16), built on Jun  8 2015 18:03:07 by "java_re" with MS VC++ 10.0 (VS2010)

time: Fri May 06 15:07:24 2016
elapsed time: 14 seconds (0d 0h 0m 14s)

