#
# There is insufficient memory for the Java Runtime Environment to continue.
# Native memory allocation (malloc) failed to allocate 32744 bytes for ChunkPool::allocate
# Possible reasons:
#   The system is out of physical RAM or swap space
#   In 32 bit mode, the process size limit was hit
# Possible solutions:
#   Reduce memory load on the system
#   Increase physical memory or swap space
#   Check if swap backing store is full
#   Use 64 bit Java on a 64 bit OS
#   Decrease Java heap size (-Xmx/-Xms)
#   Decrease number of Java threads
#   Decrease Java thread stack sizes (-Xss)
#   Set larger code cache with -XX:ReservedCodeCacheSize=
# This output file may be truncated or incomplete.
#
#  Out of Memory Error (allocation.cpp:273), pid=13056, tid=9924
#
# JRE version: Java(TM) SE Runtime Environment (8.0_51-b16) (build 1.8.0_51-b16)
# Java VM: Java HotSpot(TM) 64-Bit Server VM (25.51-b03 mixed mode windows-amd64 compressed oops)
# Failed to write core dump. Minidumps are not enabled by default on client versions of Windows
#

---------------  T H R E A D  ---------------

Current thread (0x0000000007fcb800):  JavaThread "C1 CompilerThread3" daemon [_thread_in_native, id=9924, stack(0x0000000008890000,0x0000000008990000)]

Stack: [0x0000000008890000,0x0000000008990000]
Native frames: (J=compiled Java code, j=interpreted, Vv=VM code, C=native code)
V  [jvm.dll+0x32b4ca]
V  [jvm.dll+0x2797e3]
V  [jvm.dll+0x27a479]
V  [jvm.dll+0x271765]
V  [jvm.dll+0xcb824]
V  [jvm.dll+0xcba47]
V  [jvm.dll+0xcbecc]
V  [jvm.dll+0x41f812]
V  [jvm.dll+0x4273eb]
V  [jvm.dll+0x405eb0]
V  [jvm.dll+0x406280]
V  [jvm.dll+0x4063b2]
V  [jvm.dll+0x406581]
V  [jvm.dll+0x40678f]
V  [jvm.dll+0xa43a2]
V  [jvm.dll+0xa4cdf]
V  [jvm.dll+0x2418a4]
V  [jvm.dll+0x29846a]
C  [msvcr100.dll+0x21d9f]
C  [msvcr100.dll+0x21e3b]
C  [KERNEL32.DLL+0x18102]
C  [ntdll.dll+0x5c5b4]


Current CompileTask:
C1:    164   60  s!   3       sun.misc.URLClassPath::getLoader (197 bytes)


---------------  P R O C E S S  ---------------

Java Threads: ( => current thread )
  0x000000000805b800 JavaThread "Service Thread" daemon [_thread_blocked, id=11584, stack(0x0000000008990000,0x0000000008a90000)]
=>0x0000000007fcb800 JavaThread "C1 CompilerThread3" daemon [_thread_in_native, id=9924, stack(0x0000000008890000,0x0000000008990000)]
  0x0000000007fc8800 JavaThread "C2 CompilerThread2" daemon [_thread_blocked, id=8556, stack(0x0000000008790000,0x0000000008890000)]
  0x0000000007fbe800 JavaThread "C2 CompilerThread1" daemon [_thread_blocked, id=4500, stack(0x0000000008690000,0x0000000008790000)]
  0x0000000007fb9800 JavaThread "C2 CompilerThread0" daemon [_thread_blocked, id=11496, stack(0x0000000008590000,0x0000000008690000)]
  0x0000000007fb6800 JavaThread "Attach Listener" daemon [_thread_blocked, id=9148, stack(0x0000000008490000,0x0000000008590000)]
  0x0000000007fb6000 JavaThread "Signal Dispatcher" daemon [_thread_blocked, id=7236, stack(0x0000000008390000,0x0000000008490000)]
  0x000000000249a000 JavaThread "Finalizer" daemon [_thread_blocked, id=11540, stack(0x0000000007e90000,0x0000000007f90000)]
  0x0000000005fbd800 JavaThread "Reference Handler" daemon [_thread_blocked, id=7488, stack(0x0000000007d90000,0x0000000007e90000)]
  0x00000000009bd800 JavaThread "main" [_thread_in_vm, id=5476, stack(0x0000000002210000,0x0000000002310000)]

Other Threads:
  0x0000000005fb9000 VMThread [stack: 0x0000000007c90000,0x0000000007d90000] [id=11840]
  0x0000000008064800 WatcherThread [stack: 0x0000000008a90000,0x0000000008b90000] [id=948]

VM state:not at safepoint (normal execution)

VM Mutex/Monitor currently owned by a thread: None

Heap:
 PSYoungGen      total 38400K, used 3361K [0x00000000eab00000, 0x00000000ed580000, 0x0000000100000000)
  eden space 33280K, 10% used [0x00000000eab00000,0x00000000eae48508,0x00000000ecb80000)
  from space 5120K, 0% used [0x00000000ed080000,0x00000000ed080000,0x00000000ed580000)
  to   space 5120K, 0% used [0x00000000ecb80000,0x00000000ecb80000,0x00000000ed080000)
 ParOldGen       total 87552K, used 0K [0x00000000c0000000, 0x00000000c5580000, 0x00000000eab00000)
  object space 87552K, 0% used [0x00000000c0000000,0x00000000c0000000,0x00000000c5580000)
 Metaspace       used 3471K, capacity 4784K, committed 5120K, reserved 1058816K
  class space    used 384K, capacity 424K, committed 512K, reserved 1048576K

Card table byte_map: [0x0000000002860000,0x0000000002a70000] byte_map_base: 0x0000000002260000

Marking Bits: (ParMarkBitMap*) 0x0000000072c34040
 Begin Bits: [0x00000000033d0000, 0x00000000043d0000)
 End Bits:   [0x00000000043d0000, 0x00000000053d0000)

Polling page: 0x0000000000550000

CodeCache: size=245760Kb used=1178Kb max_used=1178Kb free=244581Kb
 bounds [0x000000000f010000, 0x000000000f280000, 0x000000001e010000]
 total_blobs=310 nmethods=58 adapters=165
 compilation: enabled

Compilation events (10 events):
Event: 0.123 Thread 0x0000000007fcb800 nmethod 54 0x000000000f134090 code [0x000000000f1341e0, 0x000000000f1342f0]
Event: 0.124 Thread 0x0000000007fcb800   55       1       java.net.URL::getProtocol (5 bytes)
Event: 0.124 Thread 0x0000000007fcb800 nmethod 55 0x000000000f134350 code [0x000000000f1344a0, 0x000000000f1345b0]
Event: 0.124 Thread 0x0000000007fcb800   56       3       java.lang.String::getChars (62 bytes)
Event: 0.124 Thread 0x0000000007fcb800 nmethod 56 0x000000000f134610 code [0x000000000f1347c0, 0x000000000f134bf8]
Event: 0.124 Thread 0x0000000007fcb800   57       1       java.lang.String::length (6 bytes)
Event: 0.125 Thread 0x0000000007fcb800 nmethod 57 0x000000000f134e10 code [0x000000000f134f60, 0x000000000f135070]
Event: 0.125 Thread 0x0000000007fcb800   58       3       java.lang.AbstractStringBuilder::expandCapacity (50 bytes)
Event: 0.125 Thread 0x0000000007fcb800 nmethod 58 0x000000000f135110 code [0x000000000f1352a0, 0x000000000f1357f8]
Event: 0.125 Thread 0x0000000007fcb800   60  s!   3       sun.misc.URLClassPath::getLoader (197 bytes)

GC Heap History (0 events):
No events

Deoptimization events (0 events):
No events

Internal exceptions (2 events):
Event: 0.035 Thread 0x00000000009bd800 Exception <a 'java/lang/NoSuchMethodError': Method sun.misc.Unsafe.defineClass(Ljava/lang/String;[BII)Ljava/lang/Class; name or signature does not match> (0x00000000eab0d9c0) thrown at [C:\re\workspace\8-2-build-windows-amd64-cygwin\jdk8u51\3951\hotspot\srM§êD×-¢?
Event: 0.036 Thread 0x00000000009bd800 Exception <a 'java/lang/NoSuchMethodError': Method sun.misc.Unsafe.prefetchRead(Ljava/lang/Object;J)V name or signature does not match> (0x00000000eab0dc50) thrown at [C:\re\workspace\8-2-build-windows-amd64-cygwin\jdk8u51\3951\hotspot\src\share\vm\prims\j

Events (10 events):
Event: 0.124 loading class com/android/dx/command/DxConsole$1
Event: 0.124 loading class com/android/dx/command/DxConsole$1 done
Event: 0.124 loading class com/android/dx/dex/DexOptions
Event: 0.124 loading class com/android/dx/dex/DexOptions done
Event: 0.125 loading class com/android/dx/dex/file/DexFile
Event: 0.125 loading class com/android/dx/dex/file/DexFile done
Event: 0.127 loading class com/android/dx/rop/cst/Constant
Event: 0.127 loading class com/android/dx/rop/cst/Constant done
Event: 0.127 loading class com/android/dx/util/ToHuman
Event: 0.127 loading class com/android/dx/util/ToHuman done


Dynamic libraries:
0x00007ff787ce0000 - 0x00007ff787d17000 	C:\Program Files\Java\jdk1.8.0_51\bin\java.exe
0x00007ff84e3e0000 - 0x00007ff84e5a1000 	C:\WINDOWS\SYSTEM32\ntdll.dll
0x00007ff84bf60000 - 0x00007ff84c00d000 	C:\WINDOWS\system32\KERNEL32.DLL
0x00007ff84ab30000 - 0x00007ff84ad18000 	C:\WINDOWS\system32\KERNELBASE.dll
0x00007ff84b8e0000 - 0x00007ff84b987000 	C:\WINDOWS\system32\ADVAPI32.dll
0x00007ff84e2c0000 - 0x00007ff84e35d000 	C:\WINDOWS\system32\msvcrt.dll
0x00007ff84c0e0000 - 0x00007ff84c13b000 	C:\WINDOWS\system32\sechost.dll
0x00007ff84b7c0000 - 0x00007ff84b8dc000 	C:\WINDOWS\system32\RPCRT4.dll
0x00007ff84c140000 - 0x00007ff84c296000 	C:\WINDOWS\system32\USER32.dll
0x00007ff84ba00000 - 0x00007ff84bb86000 	C:\WINDOWS\system32\GDI32.dll
0x00007ff846460000 - 0x00007ff8466d4000 	C:\WINDOWS\WinSxS\amd64_microsoft.windows.common-controls_6595b64144ccf1df_6.0.10586.0_none_8c15ae12515e1c22\COMCTL32.dll
0x00007ff84bca0000 - 0x00007ff84bf1d000 	C:\WINDOWS\system32\combase.dll
0x00007ff84b470000 - 0x00007ff84b4da000 	C:\WINDOWS\system32\bcryptPrimitives.dll
0x00007ff84bf20000 - 0x00007ff84bf5b000 	C:\WINDOWS\system32\IMM32.DLL
0x00007ff84a8d0000 - 0x00007ff84a901000 	C:\Windows\system32\nvinitx.dll
0x00007ff84a8c0000 - 0x00007ff84a8ca000 	C:\WINDOWS\SYSTEM32\VERSION.dll
0x000000000f000000 - 0x000000000f006000 	C:\Program Files\NVIDIA Corporation\CoProcManager\_etoured.dll
0x00007ff849140000 - 0x00007ff849172000 	C:\Program Files\NVIDIA Corporation\CoProcManager\nvd3d9wrapx.dll
0x00007ff84de30000 - 0x00007ff84e259000 	C:\WINDOWS\system32\SETUPAPI.dll
0x00007ff84b390000 - 0x00007ff84b3d3000 	C:\WINDOWS\system32\CFGMGR32.dll
0x00007ff848fe0000 - 0x00007ff849002000 	C:\Program Files\NVIDIA Corporation\CoProcManager\nvdxgiwrapx.dll
0x0000000072130000 - 0x0000000072202000 	C:\Program Files\Java\jdk1.8.0_51\jre\bin\msvcr100.dll
0x0000000072430000 - 0x0000000072cb3000 	C:\Program Files\Java\jdk1.8.0_51\jre\bin\server\jvm.dll
0x00007ff84dcc0000 - 0x00007ff84dcc8000 	C:\WINDOWS\system32\PSAPI.DLL
0x00007ff848c10000 - 0x00007ff848c33000 	C:\WINDOWS\SYSTEM32\WINMM.dll
0x00007ff83f9c0000 - 0x00007ff83f9c9000 	C:\WINDOWS\SYSTEM32\WSOCK32.dll
0x00007ff84bb90000 - 0x00007ff84bbfb000 	C:\WINDOWS\system32\WS2_32.dll
0x00000000009f0000 - 0x0000000000a1c000 	C:\WINDOWS\SYSTEM32\WINMMBASE.dll
0x0000000074500000 - 0x000000007450f000 	C:\Program Files\Java\jdk1.8.0_51\jre\bin\verify.dll
0x00000000744d0000 - 0x00000000744f9000 	C:\Program Files\Java\jdk1.8.0_51\jre\bin\java.dll
0x00000000744b0000 - 0x00000000744c6000 	C:\Program Files\Java\jdk1.8.0_51\jre\bin\zip.dll
0x00007ff84c760000 - 0x00007ff84dcbc000 	C:\WINDOWS\system32\SHELL32.dll
0x00007ff84ad20000 - 0x00007ff84b365000 	C:\WINDOWS\system32\windows.storage.dll
0x00007ff84e260000 - 0x00007ff84e2b2000 	C:\WINDOWS\system32\shlwapi.dll
0x00007ff84aa10000 - 0x00007ff84aa1f000 	C:\WINDOWS\system32\kernel.appcore.dll
0x0000000000a20000 - 0x0000000000ad5000 	C:\WINDOWS\system32\shcore.dll
0x00007ff84aa20000 - 0x00007ff84aa6b000 	C:\WINDOWS\system32\powrprof.dll
0x00007ff84a9e0000 - 0x00007ff84a9f4000 	C:\WINDOWS\system32\profapi.dll
0x00007ff83fa60000 - 0x00007ff83fbec000 	C:\WINDOWS\SYSTEM32\dbghelp.dll

VM Arguments:
jvm_args: -Djava.awt.headless=true -Xmx1024M -Dfile.encoding=windows-1252 -Duser.country=US -Duser.language=en -Duser.variant 
java_command: com.android.dx.command.Main --dex --num-threads=4 --output C:\Users\Omar\EDA397_2016_Group5\PairProgrammingApp\app\build\intermediates\pre-dexed\debug\debug_519ef0e785d3a5321d58bc2d11c35a5a38f49643.jar C:\Users\Omar\EDA397_2016_Group5\PairProgrammingApp\app\build\intermediates\classes\debug
java_class_path (initial): C:\Users\Omar\AppData\Local\Android\sdk\build-tools\23.0.2\lib\dx.jar
Launcher Type: SUN_STANDARD

Environment Variables:
JAVA_HOME=C:\Program Files\Java\jdk1.8.0_51
PATH=C:\Program Files\Haskell\bin;C:\Program Files\Haskell Platform\7.10.3\lib\extralibs\bin;C:\Program Files\Haskell Platform\7.10.3\bin;C:\Ruby22-x64\bin;C:\Program Files\Common Files\Microsoft Shared\Windows Live;C:\Program Files (x86)\Common Files\Microsoft Shared\Windows Live;C:\ProgramData\Oracle\Java\javapath;C:\Windows\system32;C:\Windows;C:\Windows\System32\Wbem;C:\Windows\System32\WindowsPowerShell\v1.0\;C:\Program Files (x86)\Windows Live\Shared;C:\Program Files\nodejs;C:\Program Files\Java\jdk1.8.0_51\bin;C:\Users\Omar\Desktop\SonarQube\sonar-runner-2.4\bin;C:\Program Files (x86)\NVIDIA Corporation\PhysX\Common;C:\WINDOWS\system32\config\systemprofile\.dnx\bin;C:\Program Files\Microsoft DNX\Dnvm\;C:\Program Files\IBM\SPSS\Statistics\22\JRE\bin;C:\Program Files (x86)\Skype\Phone\;C:\Program Files\nodejs\;C:\Program Files\Git\cmd;C:\Program Files\Git\mingw64\bin;C:\Program Files\Git\usr\bin;C:\Program Files\WIDCOMM\Bluetooth Software\;C:\Program Files\WIDCOMM\Bluetooth Software\syswow64;C:\Program Files (x86)\SoundWire Server;C:\WINDOWS\system32;C:\WINDOWS;C:\WINDOWS\System32\Wbem;C:\WINDOWS\System32\WindowsPowerShell\v1.0\;C:\Program Files\Haskell Platform\7.10.3\mingw\bin;C:\Users\Omar\AppData\Roaming\cabal\bin;C:\Gtk+\bin;C:\Users\Omar\AppData\Roaming\cabal\bin;C:\Users\Omar\AppData\Roaming\npm;C:\Program Files (x86)\Gtk+\bin
USERNAME=Omar
OS=Windows_NT
PROCESSOR_IDENTIFIER=Intel64 Family 6 Model 42 Stepping 7, GenuineIntel



---------------  S Y S T E M  ---------------

OS: Windows 10.0 , 64 bit Build 10586 (10.0.10586.0)

CPU:total 8 (4 cores per cpu, 2 threads per core) family 6 model 42 stepping 7, cmov, cx8, fxsr, mmx, sse, sse2, sse3, ssse3, sse4.1, sse4.2, popcnt, avx, aes, clmul, ht, tsc, tscinvbit

Memory: 4k page, physical 8335212k(1760732k free), swap 10294124k(1580k free)

vm_info: Java HotSpot(TM) 64-Bit Server VM (25.51-b03) for windows-amd64 JRE (1.8.0_51-b16), built on Jun  8 2015 18:03:07 by "java_re" with MS VC++ 10.0 (VS2010)

time: Tue Apr 05 18:13:27 2016
elapsed time: 0 seconds (0d 0h 0m 0s)

