#
# There is insufficient memory for the Java Runtime Environment to continue.
# Native memory allocation (malloc) failed to allocate 1859376 bytes for Chunk::new
# Possible reasons:
#   The system is out of physical RAM or swap space
#   In 32 bit mode, the process size limit was hit
# Possible solutions:
#   Reduce memory load on the system
#   Increase physical memory or swap space
#   Check if swap backing store is full
#   Use 64 bit Java on a 64 bit OS
#   Decrease Java heap size (-Xmx/-Xms)
#   Decrease number of Java threads
#   Decrease Java thread stack sizes (-Xss)
#   Set larger code cache with -XX:ReservedCodeCacheSize=
# This output file may be truncated or incomplete.
#
#  Out of Memory Error (allocation.cpp:390), pid=7556, tid=1920
#
# JRE version: Java(TM) SE Runtime Environment (8.0_51-b16) (build 1.8.0_51-b16)
# Java VM: Java HotSpot(TM) 64-Bit Server VM (25.51-b03 mixed mode windows-amd64 compressed oops)
# Failed to write core dump. Minidumps are not enabled by default on client versions of Windows
#

---------------  T H R E A D  ---------------

Current thread (0x0000000007f38800):  JavaThread "C2 CompilerThread0" daemon [_thread_in_native, id=1920, stack(0x0000000008510000,0x0000000008610000)]

Stack: [0x0000000008510000,0x0000000008610000]
Native frames: (J=compiled Java code, j=interpreted, Vv=VM code, C=native code)
V  [jvm.dll+0x32b4ca]


Current CompileTask:
C2:  14510 2151   !   4       com.android.dx.cf.code.BytecodeArray::parseInstruction (2764 bytes)


---------------  P R O C E S S  ---------------

Java Threads: ( => current thread )
  0x00000000095b2800 JavaThread "pool-1-thread-4" [_thread_blocked, id=6736, stack(0x000000000a6e0000,0x000000000a7e0000)]
  0x0000000009734000 JavaThread "pool-1-thread-3" [_thread_blocked, id=8644, stack(0x000000000a5e0000,0x000000000a6e0000)]
  0x0000000008fba000 JavaThread "pool-1-thread-2" [_thread_blocked, id=2336, stack(0x000000000a4e0000,0x000000000a5e0000)]
  0x00000000082c3000 JavaThread "pool-2-thread-1" [_thread_blocked, id=11580, stack(0x000000000a3e0000,0x000000000a4e0000)]
  0x00000000082c2800 JavaThread "pool-1-thread-1" [_thread_blocked, id=740, stack(0x000000000a2e0000,0x000000000a3e0000)]
  0x0000000007fa1800 JavaThread "Service Thread" daemon [_thread_blocked, id=5064, stack(0x0000000008910000,0x0000000008a10000)]
  0x0000000007f99800 JavaThread "C1 CompilerThread3" daemon [_thread_blocked, id=13924, stack(0x0000000008810000,0x0000000008910000)]
  0x0000000007f96800 JavaThread "C2 CompilerThread2" daemon [_thread_blocked, id=4188, stack(0x0000000008710000,0x0000000008810000)]
  0x0000000007f3c800 JavaThread "C2 CompilerThread1" daemon [_thread_in_native, id=8032, stack(0x0000000008610000,0x0000000008710000)]
=>0x0000000007f38800 JavaThread "C2 CompilerThread0" daemon [_thread_in_native, id=1920, stack(0x0000000008510000,0x0000000008610000)]
  0x0000000007f35800 JavaThread "Attach Listener" daemon [_thread_blocked, id=14204, stack(0x0000000008410000,0x0000000008510000)]
  0x0000000007f34800 JavaThread "Signal Dispatcher" daemon [_thread_blocked, id=11828, stack(0x0000000008310000,0x0000000008410000)]
  0x0000000002359800 JavaThread "Finalizer" daemon [_thread_blocked, id=1412, stack(0x0000000007d50000,0x0000000007e50000)]
  0x0000000005e7d800 JavaThread "Reference Handler" daemon [_thread_blocked, id=6440, stack(0x0000000007c50000,0x0000000007d50000)]
  0x00000000020dd800 JavaThread "main" [_thread_blocked, id=7452, stack(0x0000000002160000,0x0000000002260000)]

Other Threads:
  0x0000000005e79000 VMThread [stack: 0x0000000007b50000,0x0000000007c50000] [id=5656]
  0x0000000007fa2800 WatcherThread [stack: 0x0000000008a10000,0x0000000008b10000] [id=4488]

VM state:not at safepoint (normal execution)

VM Mutex/Monitor currently owned by a thread: None

Heap:
 PSYoungGen      total 71680K, used 56846K [0x00000000eab00000, 0x00000000ef600000, 0x0000000100000000)
  eden space 66560K, 77% used [0x00000000eab00000,0x00000000edd8bb38,0x00000000eec00000)
  from space 5120K, 99% used [0x00000000ef100000,0x00000000ef5f8028,0x00000000ef600000)
  to   space 5120K, 0% used [0x00000000eec00000,0x00000000eec00000,0x00000000ef100000)
 ParOldGen       total 87552K, used 14441K [0x00000000c0000000, 0x00000000c5580000, 0x00000000eab00000)
  object space 87552K, 16% used [0x00000000c0000000,0x00000000c0e1a4c0,0x00000000c5580000)
 Metaspace       used 6309K, capacity 7152K, committed 7296K, reserved 1056768K
  class space    used 588K, capacity 616K, committed 640K, reserved 1048576K

Card table byte_map: [0x0000000002720000,0x0000000002930000] byte_map_base: 0x0000000002120000

Marking Bits: (ParMarkBitMap*) 0x000000006e1e4040
 Begin Bits: [0x0000000003290000, 0x0000000004290000)
 End Bits:   [0x0000000004290000, 0x0000000005290000)

Polling page: 0x00000000020c0000

CodeCache: size=245760Kb used=10597Kb max_used=10597Kb free=235162Kb
 bounds [0x000000000f010000, 0x000000000fa80000, 0x000000001e010000]
 total_blobs=2419 nmethods=2149 adapters=182
 compilation: enabled

Compilation events (10 events):
Event: 14.376 Thread 0x0000000007f99800 2158       3       java.lang.String::lastIndexOf (25 bytes)
Event: 14.376 Thread 0x0000000007f99800 nmethod 2158 0x000000000fa2b890 code [0x000000000fa2ba00, 0x000000000fa2bba8]
Event: 14.406 Thread 0x0000000007f99800 2159       3       com.android.dx.dex.file.ClassDataItem::<init> (96 bytes)
Event: 14.407 Thread 0x0000000007f99800 nmethod 2159 0x000000000fa2a1d0 code [0x000000000fa2a3e0, 0x000000000fa2aa88]
Event: 14.407 Thread 0x0000000007f99800 2160   !   3       com.android.dx.dex.cf.CfTranslator::processFields (251 bytes)
Event: 14.411 Thread 0x0000000007f99800 nmethod 2160 0x000000000fa66710 code [0x000000000fa66c00, 0x000000000fa69fe8]
Event: 14.440 Thread 0x0000000007f99800 2161       3       com.android.dx.dex.cf.AttributeTranslator::translateEnclosingMethod (50 bytes)
Event: 14.441 Thread 0x0000000007f99800 nmethod 2161 0x000000000fa28b10 code [0x000000000fa28d60, 0x000000000fa29bc8]
Event: 14.441 Thread 0x0000000007f99800 2162       3       com.android.dx.dex.cf.AttributeTranslator::translateInnerClasses (356 bytes)
Event: 14.446 Thread 0x0000000007f99800 nmethod 2162 0x000000000fa6c5d0 code [0x000000000fa6cbe0, 0x000000000fa71018]

GC Heap History (8 events):
Event: 2.951 GC heap before
{Heap before GC invocations=1 (full 0):
 PSYoungGen      total 38400K, used 33280K [0x00000000eab00000, 0x00000000ed580000, 0x0000000100000000)
  eden space 33280K, 100% used [0x00000000eab00000,0x00000000ecb80000,0x00000000ecb80000)
  from space 5120K, 0% used [0x00000000ed080000,0x00000000ed080000,0x00000000ed580000)
  to   space 5120K, 0% used [0x00000000ecb80000,0x00000000ecb80000,0x00000000ed080000)
 ParOldGen       total 87552K, used 0K [0x00000000c0000000, 0x00000000c5580000, 0x00000000eab00000)
  object space 87552K, 0% used [0x00000000c0000000,0x00000000c0000000,0x00000000c5580000)
 Metaspace       used 5774K, capacity 6768K, committed 7040K, reserved 1056768K
  class space    used 586K, capacity 616K, committed 640K, reserved 1048576K
Event: 2.969 GC heap after
Heap after GC invocations=1 (full 0):
 PSYoungGen      total 38400K, used 4793K [0x00000000eab00000, 0x00000000ed580000, 0x0000000100000000)
  eden space 33280K, 0% used [0x00000000eab00000,0x00000000eab00000,0x00000000ecb80000)
  from space 5120K, 93% used [0x00000000ecb80000,0x00000000ed02e430,0x00000000ed080000)
  to   space 5120K, 0% used [0x00000000ed080000,0x00000000ed080000,0x00000000ed580000)
 ParOldGen       total 87552K, used 8K [0x00000000c0000000, 0x00000000c5580000, 0x00000000eab00000)
  object space 87552K, 0% used [0x00000000c0000000,0x00000000c0002000,0x00000000c5580000)
 Metaspace       used 5774K, capacity 6768K, committed 7040K, reserved 1056768K
  class space    used 586K, capacity 616K, committed 640K, reserved 1048576K
}
Event: 5.783 GC heap before
{Heap before GC invocations=2 (full 0):
 PSYoungGen      total 38400K, used 38073K [0x00000000eab00000, 0x00000000ed580000, 0x0000000100000000)
  eden space 33280K, 100% used [0x00000000eab00000,0x00000000ecb80000,0x00000000ecb80000)
  from space 5120K, 93% used [0x00000000ecb80000,0x00000000ed02e430,0x00000000ed080000)
  to   space 5120K, 0% used [0x00000000ed080000,0x00000000ed080000,0x00000000ed580000)
 ParOldGen       total 87552K, used 8K [0x00000000c0000000, 0x00000000c5580000, 0x00000000eab00000)
  object space 87552K, 0% used [0x00000000c0000000,0x00000000c0002000,0x00000000c5580000)
 Metaspace       used 6073K, capacity 7024K, committed 7296K, reserved 1056768K
  class space    used 588K, capacity 616K, committed 640K, reserved 1048576K
Event: 5.866 GC heap after
Heap after GC invocations=2 (full 0):
 PSYoungGen      total 38400K, used 5111K [0x00000000eab00000, 0x00000000ef600000, 0x0000000100000000)
  eden space 33280K, 0% used [0x00000000eab00000,0x00000000eab00000,0x00000000ecb80000)
  from space 5120K, 99% used [0x00000000ed080000,0x00000000ed57dca8,0x00000000ed580000)
  to   space 5120K, 0% used [0x00000000ecb80000,0x00000000ecb80000,0x00000000ed080000)
 ParOldGen       total 87552K, used 2561K [0x00000000c0000000, 0x00000000c5580000, 0x00000000eab00000)
  object space 87552K, 2% used [0x00000000c0000000,0x00000000c02804b0,0x00000000c5580000)
 Metaspace       used 6073K, capacity 7024K, committed 7296K, reserved 1056768K
  class space    used 588K, capacity 616K, committed 640K, reserved 1048576K
}
Event: 9.579 GC heap before
{Heap before GC invocations=3 (full 0):
 PSYoungGen      total 38400K, used 38391K [0x00000000eab00000, 0x00000000ef600000, 0x0000000100000000)
  eden space 33280K, 100% used [0x00000000eab00000,0x00000000ecb80000,0x00000000ecb80000)
  from space 5120K, 99% used [0x00000000ed080000,0x00000000ed57dca8,0x00000000ed580000)
  to   space 5120K, 0% used [0x00000000ecb80000,0x00000000ecb80000,0x00000000ed080000)
 ParOldGen       total 87552K, used 2561K [0x00000000c0000000, 0x00000000c5580000, 0x00000000eab00000)
  object space 87552K, 2% used [0x00000000c0000000,0x00000000c02804b0,0x00000000c5580000)
 Metaspace       used 6212K, capacity 7088K, committed 7296K, reserved 1056768K
  class space    used 588K, capacity 616K, committed 640K, reserved 1048576K
Event: 9.720 GC heap after
Heap after GC invocations=3 (full 0):
 PSYoungGen      total 38400K, used 5088K [0x00000000eab00000, 0x00000000ef600000, 0x0000000100000000)
  eden space 33280K, 0% used [0x00000000eab00000,0x00000000eab00000,0x00000000ecb80000)
  from space 5120K, 99% used [0x00000000ecb80000,0x00000000ed078028,0x00000000ed080000)
  to   space 5120K, 0% used [0x00000000ef100000,0x00000000ef100000,0x00000000ef600000)
 ParOldGen       total 87552K, used 8207K [0x00000000c0000000, 0x00000000c5580000, 0x00000000eab00000)
  object space 87552K, 9% used [0x00000000c0000000,0x00000000c0803ec0,0x00000000c5580000)
 Metaspace       used 6212K, capacity 7088K, committed 7296K, reserved 1056768K
  class space    used 588K, capacity 616K, committed 640K, reserved 1048576K
}
Event: 11.364 GC heap before
{Heap before GC invocations=4 (full 0):
 PSYoungGen      total 38400K, used 38368K [0x00000000eab00000, 0x00000000ef600000, 0x0000000100000000)
  eden space 33280K, 100% used [0x00000000eab00000,0x00000000ecb80000,0x00000000ecb80000)
  from space 5120K, 99% used [0x00000000ecb80000,0x00000000ed078028,0x00000000ed080000)
  to   space 5120K, 0% used [0x00000000ef100000,0x00000000ef100000,0x00000000ef600000)
 ParOldGen       total 87552K, used 8207K [0x00000000c0000000, 0x00000000c5580000, 0x00000000eab00000)
  object space 87552K, 9% used [0x00000000c0000000,0x00000000c0803ec0,0x00000000c5580000)
 Metaspace       used 6244K, capacity 7088K, committed 7296K, reserved 1056768K
  class space    used 588K, capacity 616K, committed 640K, reserved 1048576K
Event: 11.567 GC heap after
Heap after GC invocations=4 (full 0):
 PSYoungGen      total 71680K, used 5088K [0x00000000eab00000, 0x00000000ef600000, 0x0000000100000000)
  eden space 66560K, 0% used [0x00000000eab00000,0x00000000eab00000,0x00000000eec00000)
  from space 5120K, 99% used [0x00000000ef100000,0x00000000ef5f8028,0x00000000ef600000)
  to   space 5120K, 0% used [0x00000000eec00000,0x00000000eec00000,0x00000000ef100000)
 ParOldGen       total 87552K, used 14441K [0x00000000c0000000, 0x00000000c5580000, 0x00000000eab00000)
  object space 87552K, 16% used [0x00000000c0000000,0x00000000c0e1a4c0,0x00000000c5580000)
 Metaspace       used 6244K, capacity 7088K, committed 7296K, reserved 1056768K
  class space    used 588K, capacity 616K, committed 640K, reserved 1048576K
}

Deoptimization events (10 events):
Event: 12.562 Thread 0x00000000020dd800 Uncommon trap: reason=unstable_if action=reinterpret pc=0x000000000f8670f4 method=com.android.dx.util.BitIntSet.has(I)Z @ 8
Event: 12.568 Thread 0x00000000020dd800 Uncommon trap: reason=unstable_if action=reinterpret pc=0x000000000f61f3f8 method=com.android.dx.util.BitIntSet.has(I)Z @ 8
Event: 12.827 Thread 0x00000000095b2800 Uncommon trap: reason=unstable_if action=reinterpret pc=0x000000000f9797e8 method=com.android.dx.cf.code.Merger.mergeType(Lcom/android/dx/rop/type/TypeBearer;Lcom/android/dx/rop/type/TypeBearer;)Lcom/android/dx/rop/type/TypeBearer; @ 52
Event: 12.833 Thread 0x00000000095b2800 Uncommon trap: reason=unstable_if action=reinterpret pc=0x000000000f9b669c method=com.android.dx.ssa.SCCP.simulateBranch(Lcom/android/dx/ssa/SsaInsn;)V @ 140
Event: 12.930 Thread 0x00000000020dd800 Uncommon trap: reason=unstable_if action=reinterpret pc=0x000000000f4f4d30 method=com.android.dx.ssa.SCCP.simulateStmt(Lcom/android/dx/ssa/SsaInsn;)V @ 53
Event: 13.069 Thread 0x00000000095b2800 Uncommon trap: reason=uninitialized action=reinterpret pc=0x000000000f87e8fc method=com.android.dx.cf.code.BytecodeArray.parseInstruction(ILcom/android/dx/cf/code/BytecodeArray$Visitor;)I @ 1031
Event: 13.070 Thread 0x00000000095b2800 Uncommon trap: reason=class_check action=maybe_recompile pc=0x000000000f823194 method=com.android.dx.rop.cst.CstLiteral32.equals(Ljava/lang/Object;)Z @ 20
Event: 13.090 Thread 0x00000000095b2800 Uncommon trap: reason=class_check action=maybe_recompile pc=0x000000000f823194 method=com.android.dx.rop.cst.CstLiteral32.equals(Ljava/lang/Object;)Z @ 20
Event: 13.091 Thread 0x00000000095b2800 Uncommon trap: reason=class_check action=maybe_recompile pc=0x000000000f823194 method=com.android.dx.rop.cst.CstLiteral32.equals(Ljava/lang/Object;)Z @ 20
Event: 13.092 Thread 0x00000000095b2800 Uncommon trap: reason=class_check action=maybe_recompile pc=0x000000000f823194 method=com.android.dx.rop.cst.CstLiteral32.equals(Ljava/lang/Object;)Z @ 20

Internal exceptions (3 events):
Event: 0.051 Thread 0x00000000020dd800 Exception <a 'java/lang/NoSuchMethodError': Method sun.misc.Unsafe.defineClass(Ljava/lang/String;[BII)Ljava/lang/Class; name or signature does not match> (0x00000000eab0db60) thrown at [C:\re\workspace\8-2-build-windows-amd64-cygwin\jdk8u51\3951\hotspot\sr˚ÜyÙ™U™?
Event: 0.051 Thread 0x00000000020dd800 Exception <a 'java/lang/NoSuchMethodError': Method sun.misc.Unsafe.prefetchRead(Ljava/lang/Object;J)V name or signature does not match> (0x00000000eab0ddf0) thrown at [C:\re\workspace\8-2-build-windows-amd64-cygwin\jdk8u51\3951\hotspot\src\share\vm\prims\jê∑Ç?@
Event: 6.562 Thread 0x0000000009734000 Implicit null exception at 0x000000000f32bc62 to 0x000000000f32bd52

Events (10 events):
Event: 13.070 Thread 0x00000000095b2800 DEOPT UNPACKING pc=0x000000000f05582a sp=0x000000000a7de4e0 mode 2
Event: 13.090 Thread 0x00000000095b2800 Uncommon trap: trap_request=0xffffffde fr.pc=0x000000000f823194
Event: 13.090 Thread 0x00000000095b2800 DEOPT PACKING pc=0x000000000f823194 sp=0x000000000a7de870
Event: 13.090 Thread 0x00000000095b2800 DEOPT UNPACKING pc=0x000000000f05582a sp=0x000000000a7de800 mode 2
Event: 13.091 Thread 0x00000000095b2800 Uncommon trap: trap_request=0xffffffde fr.pc=0x000000000f823194
Event: 13.091 Thread 0x00000000095b2800 DEOPT PACKING pc=0x000000000f823194 sp=0x000000000a7dea30
Event: 13.091 Thread 0x00000000095b2800 DEOPT UNPACKING pc=0x000000000f05582a sp=0x000000000a7de9c0 mode 2
Event: 13.091 Thread 0x00000000095b2800 Uncommon trap: trap_request=0xffffffde fr.pc=0x000000000f823194
Event: 13.092 Thread 0x00000000095b2800 DEOPT PACKING pc=0x000000000f823194 sp=0x000000000a7dea30
Event: 13.092 Thread 0x00000000095b2800 DEOPT UNPACKING pc=0x000000000f05582a sp=0x000000000a7de9c0 mode 2


Dynamic libraries:
0x00007ff710740000 - 0x00007ff710777000 	C:\Program Files\Java\jdk1.8.0_51\bin\java.exe
0x00007ff8f2220000 - 0x00007ff8f23e1000 	C:\WINDOWS\SYSTEM32\ntdll.dll
0x00007ff8f0450000 - 0x00007ff8f04fd000 	C:\WINDOWS\system32\KERNEL32.DLL
0x00007ff8ef240000 - 0x00007ff8ef428000 	C:\WINDOWS\system32\KERNELBASE.dll
0x00007ff8efe50000 - 0x00007ff8efef7000 	C:\WINDOWS\system32\ADVAPI32.dll
0x00007ff8f00b0000 - 0x00007ff8f014d000 	C:\WINDOWS\system32\msvcrt.dll
0x00007ff8f08c0000 - 0x00007ff8f091b000 	C:\WINDOWS\system32\sechost.dll
0x00007ff8f01c0000 - 0x00007ff8f02dc000 	C:\WINDOWS\system32\RPCRT4.dll
0x00007ff8f0560000 - 0x00007ff8f06b6000 	C:\WINDOWS\system32\USER32.dll
0x00007ff8f0930000 - 0x00007ff8f0ab6000 	C:\WINDOWS\system32\GDI32.dll
0x00007ff8eaec0000 - 0x00007ff8eb134000 	C:\WINDOWS\WinSxS\amd64_microsoft.windows.common-controls_6595b64144ccf1df_6.0.10586.0_none_8c15ae12515e1c22\COMCTL32.dll
0x00007ff8ef600000 - 0x00007ff8ef87d000 	C:\WINDOWS\system32\combase.dll
0x00007ff8eefd0000 - 0x00007ff8ef03a000 	C:\WINDOWS\system32\bcryptPrimitives.dll
0x00007ff8ef880000 - 0x00007ff8ef8bb000 	C:\WINDOWS\system32\IMM32.DLL
0x00007ff8ed250000 - 0x00007ff8ed281000 	C:\Windows\system32\nvinitx.dll
0x00007ff8ed240000 - 0x00007ff8ed24a000 	C:\WINDOWS\SYSTEM32\VERSION.dll
0x000000000f000000 - 0x000000000f006000 	C:\Program Files\NVIDIA Corporation\CoProcManager\_etoured.dll
0x00007ff8ebc80000 - 0x00007ff8ebcb2000 	C:\Program Files\NVIDIA Corporation\CoProcManager\nvd3d9wrapx.dll
0x00007ff8efa20000 - 0x00007ff8efe49000 	C:\WINDOWS\system32\SETUPAPI.dll
0x00007ff8ef0a0000 - 0x00007ff8ef0e3000 	C:\WINDOWS\system32\CFGMGR32.dll
0x00007ff8eb7d0000 - 0x00007ff8eb7f2000 	C:\Program Files\NVIDIA Corporation\CoProcManager\nvdxgiwrapx.dll
0x000000006d900000 - 0x000000006d9d2000 	C:\Program Files\Java\jdk1.8.0_51\jre\bin\msvcr100.dll
0x000000006d9e0000 - 0x000000006e263000 	C:\Program Files\Java\jdk1.8.0_51\jre\bin\server\jvm.dll
0x00007ff8f0ac0000 - 0x00007ff8f0ac8000 	C:\WINDOWS\system32\PSAPI.DLL
0x00007ff8ebb40000 - 0x00007ff8ebb63000 	C:\WINDOWS\SYSTEM32\WINMM.dll
0x00007ff8e25a0000 - 0x00007ff8e25a9000 	C:\WINDOWS\SYSTEM32\WSOCK32.dll
0x00007ff8f0b80000 - 0x00007ff8f0beb000 	C:\WINDOWS\system32\WS2_32.dll
0x00007ff8ebae0000 - 0x00007ff8ebb0c000 	C:\WINDOWS\SYSTEM32\WINMMBASE.dll
0x000000006fd20000 - 0x000000006fd2f000 	C:\Program Files\Java\jdk1.8.0_51\jre\bin\verify.dll
0x000000006fcf0000 - 0x000000006fd19000 	C:\Program Files\Java\jdk1.8.0_51\jre\bin\java.dll
0x000000006fcd0000 - 0x000000006fce6000 	C:\Program Files\Java\jdk1.8.0_51\jre\bin\zip.dll
0x00007ff8f0bf0000 - 0x00007ff8f214c000 	C:\WINDOWS\system32\SHELL32.dll
0x00007ff8ee980000 - 0x00007ff8eefc5000 	C:\WINDOWS\system32\windows.storage.dll
0x00007ff8eff00000 - 0x00007ff8eff52000 	C:\WINDOWS\system32\shlwapi.dll
0x00007ff8ee840000 - 0x00007ff8ee84f000 	C:\WINDOWS\system32\kernel.appcore.dll
0x0000000007e50000 - 0x0000000007f05000 	C:\WINDOWS\system32\shcore.dll
0x00007ff8ee850000 - 0x00007ff8ee89b000 	C:\WINDOWS\system32\powrprof.dll
0x00007ff8ee820000 - 0x00007ff8ee834000 	C:\WINDOWS\system32\profapi.dll
0x00007ff8e4920000 - 0x00007ff8e4aac000 	C:\WINDOWS\SYSTEM32\dbghelp.dll

VM Arguments:
jvm_args: -Djava.awt.headless=true -Xmx1024M -Dfile.encoding=windows-1252 -Duser.country=US -Duser.language=en -Duser.variant 
java_command: com.android.dx.command.Main --dex --num-threads=4 --output C:\Users\Omar\EDA397_2016_Group5\PairProgrammingApp\app\build\intermediates\pre-dexed\debug\com.google.android.gms-play-services-basement-8.1.0_f45d3f987c8ec55d30b52821933c258ec5859ca5.jar C:\Users\Omar\EDA397_2016_Group5\PairProgrammingApp\app\build\intermediates\exploded-aar\com.google.android.gms\play-services-basement\8.1.0\jars\classes.jar
java_class_path (initial): C:\Users\Omar\AppData\Local\Android\sdk\build-tools\23.0.2\lib\dx.jar
Launcher Type: SUN_STANDARD

Environment Variables:
JAVA_HOME=C:\Program Files\Java\jdk1.8.0_51
PATH=C:\Program Files\Haskell\bin;C:\Program Files\Haskell Platform\7.10.3\lib\extralibs\bin;C:\Program Files\Haskell Platform\7.10.3\bin;C:\Ruby22-x64\bin;C:\Program Files\Common Files\Microsoft Shared\Windows Live;C:\Program Files (x86)\Common Files\Microsoft Shared\Windows Live;C:\ProgramData\Oracle\Java\javapath;C:\Windows\system32;C:\Windows;C:\Windows\System32\Wbem;C:\Windows\System32\WindowsPowerShell\v1.0\;C:\Program Files (x86)\Windows Live\Shared;C:\Program Files\nodejs;C:\Program Files\Java\jdk1.8.0_51\bin;C:\Users\Omar\Desktop\SonarQube\sonar-runner-2.4\bin;C:\Program Files (x86)\NVIDIA Corporation\PhysX\Common;C:\WINDOWS\system32\config\systemprofile\.dnx\bin;C:\Program Files\Microsoft DNX\Dnvm\;C:\Program Files\IBM\SPSS\Statistics\22\JRE\bin;C:\Program Files (x86)\Skype\Phone\;C:\Program Files\nodejs\;C:\Program Files\Git\cmd;C:\Program Files\Git\mingw64\bin;C:\Program Files\Git\usr\bin;C:\Program Files\WIDCOMM\Bluetooth Software\;C:\Program Files\WIDCOMM\Bluetooth Software\syswow64;C:\Program Files (x86)\SoundWire Server;C:\WINDOWS\system32;C:\WINDOWS;C:\WINDOWS\System32\Wbem;C:\WINDOWS\System32\WindowsPowerShell\v1.0\;C:\Program Files\Haskell Platform\7.10.3\mingw\bin;C:\Users\Omar\AppData\Roaming\cabal\bin;C:\MinGW\bin;C:\Gtk+\bin;C:\ThreadScope\threadscope-0.2.2\bin;C:\cygwin\bin;C:\Program Files\erl7.3\bin;C:\Users\Omar\AppData\Roaming\cabal\bin;C:\Users\Omar\AppData\Roaming\npm;C:\Program Files (x86)\Gtk+\bin
USERNAME=Omar
OS=Windows_NT
PROCESSOR_IDENTIFIER=Intel64 Family 6 Model 42 Stepping 7, GenuineIntel



---------------  S Y S T E M  ---------------

OS: Windows 10.0 , 64 bit Build 10586 (10.0.10586.0)

CPU:total 8 (4 cores per cpu, 2 threads per core) family 6 model 42 stepping 7, cmov, cx8, fxsr, mmx, sse, sse2, sse3, ssse3, sse4.1, sse4.2, popcnt, avx, aes, clmul, ht, tsc, tscinvbit

Memory: 4k page, physical 8335212k(1216552k free), swap 10294124k(3100k free)

vm_info: Java HotSpot(TM) 64-Bit Server VM (25.51-b03) for windows-amd64 JRE (1.8.0_51-b16), built on Jun  8 2015 18:03:07 by "java_re" with MS VC++ 10.0 (VS2010)

time: Fri May 06 15:07:24 2016
elapsed time: 14 seconds (0d 0h 0m 14s)

