#
# There is insufficient memory for the Java Runtime Environment to continue.
# Native memory allocation (malloc) failed to allocate 1332976 bytes for Chunk::new
# Possible reasons:
#   The system is out of physical RAM or swap space
#   In 32 bit mode, the process size limit was hit
# Possible solutions:
#   Reduce memory load on the system
#   Increase physical memory or swap space
#   Check if swap backing store is full
#   Use 64 bit Java on a 64 bit OS
#   Decrease Java heap size (-Xmx/-Xms)
#   Decrease number of Java threads
#   Decrease Java thread stack sizes (-Xss)
#   Set larger code cache with -XX:ReservedCodeCacheSize=
# This output file may be truncated or incomplete.
#
#  Out of Memory Error (allocation.cpp:390), pid=5460, tid=12084
#
# JRE version: Java(TM) SE Runtime Environment (8.0_51-b16) (build 1.8.0_51-b16)
# Java VM: Java HotSpot(TM) 64-Bit Server VM (25.51-b03 mixed mode windows-amd64 compressed oops)
# Failed to write core dump. Minidumps are not enabled by default on client versions of Windows
#

---------------  T H R E A D  ---------------

Current thread (0x0000000008029800):  JavaThread "C2 CompilerThread0" daemon [_thread_in_native, id=12084, stack(0x0000000008600000,0x0000000008700000)]

Stack: [0x0000000008600000,0x0000000008700000]
Native frames: (J=compiled Java code, j=interpreted, Vv=VM code, C=native code)
V  [jvm.dll+0x32b4ca]
V  [jvm.dll+0x2797e3]
V  [jvm.dll+0x27a479]
V  [jvm.dll+0x271765]
V  [jvm.dll+0xcba02]
V  [jvm.dll+0xcbecc]
V  [jvm.dll+0x476f72]
V  [jvm.dll+0x4b95ff]
V  [jvm.dll+0x46c011]
V  [jvm.dll+0x46cd4e]
V  [jvm.dll+0x4501a2]
V  [jvm.dll+0xa43a2]
V  [jvm.dll+0xa4cdf]
V  [jvm.dll+0x2418a4]
V  [jvm.dll+0x29846a]
C  [msvcr100.dll+0x21d9f]
C  [msvcr100.dll+0x21e3b]
C  [KERNEL32.DLL+0x18102]
C  [ntdll.dll+0x5c5b4]


Current CompileTask:
C2:    810  899       4       com.android.dx.merge.DexMerger::transformDebugInfoItem (313 bytes)


---------------  P R O C E S S  ---------------

Java Threads: ( => current thread )
  0x00000000080d1800 JavaThread "Service Thread" daemon [_thread_blocked, id=6868, stack(0x0000000008a00000,0x0000000008b00000)]
  0x0000000008037800 JavaThread "C1 CompilerThread3" daemon [_thread_blocked, id=8820, stack(0x0000000008900000,0x0000000008a00000)]
  0x0000000008033000 JavaThread "C2 CompilerThread2" daemon [_thread_in_native, id=8740, stack(0x0000000008800000,0x0000000008900000)]
  0x000000000802f000 JavaThread "C2 CompilerThread1" daemon [_thread_blocked, id=7508, stack(0x0000000008700000,0x0000000008800000)]
=>0x0000000008029800 JavaThread "C2 CompilerThread0" daemon [_thread_in_native, id=12084, stack(0x0000000008600000,0x0000000008700000)]
  0x0000000008027000 JavaThread "Attach Listener" daemon [_thread_blocked, id=10212, stack(0x0000000008500000,0x0000000008600000)]
  0x0000000008026000 JavaThread "Signal Dispatcher" daemon [_thread_blocked, id=11892, stack(0x0000000008400000,0x0000000008500000)]
  0x000000000250a000 JavaThread "Finalizer" daemon [_thread_blocked, id=12768, stack(0x0000000007f00000,0x0000000008000000)]
  0x0000000002503000 JavaThread "Reference Handler" daemon [_thread_blocked, id=12336, stack(0x0000000007e00000,0x0000000007f00000)]
  0x000000000220e800 JavaThread "main" [_thread_in_Java, id=10372, stack(0x0000000002310000,0x0000000002410000)]

Other Threads:
  0x0000000006029800 VMThread [stack: 0x0000000007d00000,0x0000000007e00000] [id=10204]
  0x00000000080d2000 WatcherThread [stack: 0x0000000008b00000,0x0000000008c00000] [id=5596]

VM state:not at safepoint (normal execution)

VM Mutex/Monitor currently owned by a thread: None

Heap:
 PSYoungGen      total 38400K, used 16441K [0x00000000eab00000, 0x00000000ed580000, 0x0000000100000000)
  eden space 33280K, 34% used [0x00000000eab00000,0x00000000eb615878,0x00000000ecb80000)
  from space 5120K, 99% used [0x00000000ed080000,0x00000000ed578f10,0x00000000ed580000)
  to   space 5120K, 0% used [0x00000000ecb80000,0x00000000ecb80000,0x00000000ed080000)
 ParOldGen       total 87552K, used 37992K [0x00000000c0000000, 0x00000000c5580000, 0x00000000eab00000)
  object space 87552K, 43% used [0x00000000c0000000,0x00000000c251a3f0,0x00000000c5580000)
 Metaspace       used 4577K, capacity 5428K, committed 5632K, reserved 1056768K
  class space    used 490K, capacity 492K, committed 512K, reserved 1048576K

Card table byte_map: [0x00000000028d0000,0x0000000002ae0000] byte_map_base: 0x00000000022d0000

Marking Bits: (ParMarkBitMap*) 0x0000000072c34040
 Begin Bits: [0x0000000003440000, 0x0000000004440000)
 End Bits:   [0x0000000004440000, 0x0000000005440000)

Polling page: 0x0000000000990000

CodeCache: size=245760Kb used=3347Kb max_used=3367Kb free=242412Kb
 bounds [0x000000000f010000, 0x000000000f360000, 0x000000001e010000]
 total_blobs=1250 nmethods=981 adapters=182
 compilation: enabled

Compilation events (10 events):
Event: 0.734 Thread 0x0000000008037800  980       1       java.util.HashMap$Node::getValue (5 bytes)
Event: 0.735 Thread 0x0000000008037800 nmethod 980 0x000000000f33de90 code [0x000000000f33dfe0, 0x000000000f33e0f0]
Event: 0.736 Thread 0x0000000008037800  982       3       java.lang.Integer::reverseBytes (26 bytes)
Event: 0.736 Thread 0x0000000008037800 nmethod 982 0x000000000f342950 code [0x000000000f342aa0, 0x000000000f342bf0]
Event: 0.737 Thread 0x0000000008037800  984       3       sun.security.provider.SHA::implCompress (491 bytes)
Event: 0.738 Thread 0x0000000008037800 nmethod 984 0x000000000f342c50 code [0x000000000f342e40, 0x000000000f343728]
Event: 0.738 Thread 0x0000000008037800  985       3       sun.security.provider.ByteArrayAccess::b2iBig64 (614 bytes)
Event: 0.739 Thread 0x0000000008037800 nmethod 985 0x000000000f343f90 code [0x000000000f3441a0, 0x000000000f344f68]
Event: 0.764 Thread 0x0000000008037800  988       3       sun.security.provider.DigestBase::implCompressMultiBlock (23 bytes)
Event: 0.764 Thread 0x0000000008037800 nmethod 988 0x000000000f3455d0 code [0x000000000f345740, 0x000000000f345a28]

GC Heap History (4 events):
Event: 0.339 GC heap before
{Heap before GC invocations=1 (full 0):
 PSYoungGen      total 38400K, used 33280K [0x00000000eab00000, 0x00000000ed580000, 0x0000000100000000)
  eden space 33280K, 100% used [0x00000000eab00000,0x00000000ecb80000,0x00000000ecb80000)
  from space 5120K, 0% used [0x00000000ed080000,0x00000000ed080000,0x00000000ed580000)
  to   space 5120K, 0% used [0x00000000ecb80000,0x00000000ecb80000,0x00000000ed080000)
 ParOldGen       total 87552K, used 0K [0x00000000c0000000, 0x00000000c5580000, 0x00000000eab00000)
  object space 87552K, 0% used [0x00000000c0000000,0x00000000c0000000,0x00000000c5580000)
 Metaspace       used 3781K, capacity 4944K, committed 5120K, reserved 1056768K
  class space    used 408K, capacity 456K, committed 512K, reserved 1048576K
Event: 0.347 GC heap after
Heap after GC invocations=1 (full 0):
 PSYoungGen      total 38400K, used 5104K [0x00000000eab00000, 0x00000000ed580000, 0x0000000100000000)
  eden space 33280K, 0% used [0x00000000eab00000,0x00000000eab00000,0x00000000ecb80000)
  from space 5120K, 99% used [0x00000000ecb80000,0x00000000ed07c1b8,0x00000000ed080000)
  to   space 5120K, 0% used [0x00000000ed080000,0x00000000ed080000,0x00000000ed580000)
 ParOldGen       total 87552K, used 28693K [0x00000000c0000000, 0x00000000c5580000, 0x00000000eab00000)
  object space 87552K, 32% used [0x00000000c0000000,0x00000000c1c05518,0x00000000c5580000)
 Metaspace       used 3781K, capacity 4944K, committed 5120K, reserved 1056768K
  class space    used 408K, capacity 456K, committed 512K, reserved 1048576K
}
Event: 0.667 GC heap before
{Heap before GC invocations=2 (full 0):
 PSYoungGen      total 38400K, used 38384K [0x00000000eab00000, 0x00000000ed580000, 0x0000000100000000)
  eden space 33280K, 100% used [0x00000000eab00000,0x00000000ecb80000,0x00000000ecb80000)
  from space 5120K, 99% used [0x00000000ecb80000,0x00000000ed07c1b8,0x00000000ed080000)
  to   space 5120K, 0% used [0x00000000ed080000,0x00000000ed080000,0x00000000ed580000)
 ParOldGen       total 87552K, used 28693K [0x00000000c0000000, 0x00000000c5580000, 0x00000000eab00000)
  object space 87552K, 32% used [0x00000000c0000000,0x00000000c1c05518,0x00000000c5580000)
 Metaspace       used 4333K, capacity 5424K, committed 5632K, reserved 1056768K
  class space    used 460K, capacity 488K, committed 512K, reserved 1048576K
Event: 0.672 GC heap after
Heap after GC invocations=2 (full 0):
 PSYoungGen      total 38400K, used 5091K [0x00000000eab00000, 0x00000000ed580000, 0x0000000100000000)
  eden space 33280K, 0% used [0x00000000eab00000,0x00000000eab00000,0x00000000ecb80000)
  from space 5120K, 99% used [0x00000000ed080000,0x00000000ed578f10,0x00000000ed580000)
  to   space 5120K, 0% used [0x00000000ecb80000,0x00000000ecb80000,0x00000000ed080000)
 ParOldGen       total 87552K, used 37992K [0x00000000c0000000, 0x00000000c5580000, 0x00000000eab00000)
  object space 87552K, 43% used [0x00000000c0000000,0x00000000c251a3f0,0x00000000c5580000)
 Metaspace       used 4333K, capacity 5424K, committed 5632K, reserved 1056768K
  class space    used 460K, capacity 488K, committed 512K, reserved 1048576K
}

Deoptimization events (10 events):
Event: 0.525 Thread 0x000000000220e800 Uncommon trap: reason=unstable_if action=reinterpret pc=0x000000000f20bb6c method=java.util.HashMap.getNode(ILjava/lang/Object;)Ljava/util/HashMap$Node; @ 84
Event: 0.529 Thread 0x000000000220e800 Uncommon trap: reason=unstable_if action=reinterpret pc=0x000000000f2145b4 method=com.android.dx.merge.IndexMap.adjustString(I)I @ 2
Event: 0.729 Thread 0x000000000220e800 Uncommon trap: reason=speculate_class_check action=maybe_recompile pc=0x000000000f291ea8 method=java.util.HashMap.putVal(ILjava/lang/Object;Ljava/lang/Object;ZZ)Ljava/lang/Object; @ 56
Event: 0.729 Thread 0x000000000220e800 Uncommon trap: reason=speculate_class_check action=maybe_recompile pc=0x000000000f291efc method=java.util.HashMap.putVal(ILjava/lang/Object;Ljava/lang/Object;ZZ)Ljava/lang/Object; @ 152
Event: 0.729 Thread 0x000000000220e800 Uncommon trap: reason=speculate_class_check action=maybe_recompile pc=0x000000000f291ea8 method=java.util.HashMap.putVal(ILjava/lang/Object;Ljava/lang/Object;ZZ)Ljava/lang/Object; @ 56
Event: 0.729 Thread 0x000000000220e800 Uncommon trap: reason=speculate_class_check action=maybe_recompile pc=0x000000000f291ea8 method=java.util.HashMap.putVal(ILjava/lang/Object;Ljava/lang/Object;ZZ)Ljava/lang/Object; @ 56
Event: 0.729 Thread 0x000000000220e800 Uncommon trap: reason=class_check action=maybe_recompile pc=0x000000000f276b30 method=java.util.HashMap.putVal(ILjava/lang/Object;Ljava/lang/Object;ZZ)Ljava/lang/Object; @ 56
Event: 0.729 Thread 0x000000000220e800 Uncommon trap: reason=class_check action=maybe_recompile pc=0x000000000f276b30 method=java.util.HashMap.putVal(ILjava/lang/Object;Ljava/lang/Object;ZZ)Ljava/lang/Object; @ 56
Event: 0.729 Thread 0x000000000220e800 Uncommon trap: reason=class_check action=maybe_recompile pc=0x000000000f276b30 method=java.util.HashMap.putVal(ILjava/lang/Object;Ljava/lang/Object;ZZ)Ljava/lang/Object; @ 56
Event: 0.729 Thread 0x000000000220e800 Uncommon trap: reason=class_check action=maybe_recompile pc=0x000000000f276b30 method=java.util.HashMap.putVal(ILjava/lang/Object;Ljava/lang/Object;ZZ)Ljava/lang/Object; @ 56

Internal exceptions (2 events):
Event: 0.034 Thread 0x000000000220e800 Exception <a 'java/lang/NoSuchMethodError': Method sun.misc.Unsafe.defineClass(Ljava/lang/String;[BII)Ljava/lang/Class; name or signature does not match> (0x00000000eab0e4f8) thrown at [C:\re\workspace\8-2-build-windows-amd64-cygwin\jdk8u51\3951\hotspot\sr»'Ù%û«¡?
Event: 0.035 Thread 0x000000000220e800 Exception <a 'java/lang/NoSuchMethodError': Method sun.misc.Unsafe.prefetchRead(Ljava/lang/Object;J)V name or signature does not match> (0x00000000eab0e788) thrown at [C:\re\workspace\8-2-build-windows-amd64-cygwin\jdk8u51\3951\hotspot\src\share\vm\prims\j

Events (10 events):
Event: 0.735 loading class sun/security/provider/SHA
Event: 0.735 loading class sun/security/provider/DigestBase
Event: 0.735 loading class sun/security/provider/DigestBase done
Event: 0.735 loading class sun/security/provider/SHA done
Event: 0.735 loading class sun/security/jca/GetInstance$Instance
Event: 0.735 loading class sun/security/jca/GetInstance$Instance done
Event: 0.735 loading class java/security/MessageDigest$Delegate
Event: 0.735 loading class java/security/MessageDigest$Delegate done
Event: 0.735 loading class sun/security/provider/ByteArrayAccess
Event: 0.735 loading class sun/security/provider/ByteArrayAccess done


Dynamic libraries:
0x00007ff787ce0000 - 0x00007ff787d17000 	C:\Program Files\Java\jdk1.8.0_51\bin\java.exe
0x00007ff84e3e0000 - 0x00007ff84e5a1000 	C:\WINDOWS\SYSTEM32\ntdll.dll
0x00007ff84bf60000 - 0x00007ff84c00d000 	C:\WINDOWS\system32\KERNEL32.DLL
0x00007ff84ab30000 - 0x00007ff84ad18000 	C:\WINDOWS\system32\KERNELBASE.dll
0x00007ff84b8e0000 - 0x00007ff84b987000 	C:\WINDOWS\system32\ADVAPI32.dll
0x00007ff84e2c0000 - 0x00007ff84e35d000 	C:\WINDOWS\system32\msvcrt.dll
0x00007ff84c0e0000 - 0x00007ff84c13b000 	C:\WINDOWS\system32\sechost.dll
0x00007ff84b7c0000 - 0x00007ff84b8dc000 	C:\WINDOWS\system32\RPCRT4.dll
0x00007ff84c140000 - 0x00007ff84c296000 	C:\WINDOWS\system32\USER32.dll
0x00007ff84ba00000 - 0x00007ff84bb86000 	C:\WINDOWS\system32\GDI32.dll
0x00007ff846460000 - 0x00007ff8466d4000 	C:\WINDOWS\WinSxS\amd64_microsoft.windows.common-controls_6595b64144ccf1df_6.0.10586.0_none_8c15ae12515e1c22\COMCTL32.dll
0x00007ff84bca0000 - 0x00007ff84bf1d000 	C:\WINDOWS\system32\combase.dll
0x00007ff84b470000 - 0x00007ff84b4da000 	C:\WINDOWS\system32\bcryptPrimitives.dll
0x00007ff84bf20000 - 0x00007ff84bf5b000 	C:\WINDOWS\system32\IMM32.DLL
0x00007ff84a8d0000 - 0x00007ff84a901000 	C:\Windows\system32\nvinitx.dll
0x00007ff84a8c0000 - 0x00007ff84a8ca000 	C:\WINDOWS\SYSTEM32\VERSION.dll
0x000000000f000000 - 0x000000000f006000 	C:\Program Files\NVIDIA Corporation\CoProcManager\_etoured.dll
0x00007ff849140000 - 0x00007ff849172000 	C:\Program Files\NVIDIA Corporation\CoProcManager\nvd3d9wrapx.dll
0x00007ff84de30000 - 0x00007ff84e259000 	C:\WINDOWS\system32\SETUPAPI.dll
0x00007ff84b390000 - 0x00007ff84b3d3000 	C:\WINDOWS\system32\CFGMGR32.dll
0x00007ff848fe0000 - 0x00007ff849002000 	C:\Program Files\NVIDIA Corporation\CoProcManager\nvdxgiwrapx.dll
0x0000000072130000 - 0x0000000072202000 	C:\Program Files\Java\jdk1.8.0_51\jre\bin\msvcr100.dll
0x0000000072430000 - 0x0000000072cb3000 	C:\Program Files\Java\jdk1.8.0_51\jre\bin\server\jvm.dll
0x00007ff84dcc0000 - 0x00007ff84dcc8000 	C:\WINDOWS\system32\PSAPI.DLL
0x00007ff83f9c0000 - 0x00007ff83f9c9000 	C:\WINDOWS\SYSTEM32\WSOCK32.dll
0x00007ff848c10000 - 0x00007ff848c33000 	C:\WINDOWS\SYSTEM32\WINMM.dll
0x00007ff84bb90000 - 0x00007ff84bbfb000 	C:\WINDOWS\system32\WS2_32.dll
0x00007ff848bb0000 - 0x00007ff848bdc000 	C:\WINDOWS\SYSTEM32\WINMMBASE.dll
0x0000000074500000 - 0x000000007450f000 	C:\Program Files\Java\jdk1.8.0_51\jre\bin\verify.dll
0x00000000744d0000 - 0x00000000744f9000 	C:\Program Files\Java\jdk1.8.0_51\jre\bin\java.dll
0x00000000744b0000 - 0x00000000744c6000 	C:\Program Files\Java\jdk1.8.0_51\jre\bin\zip.dll
0x00007ff84c760000 - 0x00007ff84dcbc000 	C:\WINDOWS\system32\SHELL32.dll
0x00007ff84ad20000 - 0x00007ff84b365000 	C:\WINDOWS\system32\windows.storage.dll
0x00007ff84e260000 - 0x00007ff84e2b2000 	C:\WINDOWS\system32\shlwapi.dll
0x00007ff84aa10000 - 0x00007ff84aa1f000 	C:\WINDOWS\system32\kernel.appcore.dll
0x0000000002120000 - 0x00000000021d5000 	C:\WINDOWS\system32\shcore.dll
0x00007ff84aa20000 - 0x00007ff84aa6b000 	C:\WINDOWS\system32\powrprof.dll
0x00007ff84a9e0000 - 0x00007ff84a9f4000 	C:\WINDOWS\system32\profapi.dll
0x00007ff83fa60000 - 0x00007ff83fbec000 	C:\WINDOWS\SYSTEM32\dbghelp.dll

VM Arguments:
jvm_args: -Djava.awt.headless=true -Xmx1024M -Dfile.encoding=windows-1252 -Duser.country=US -Duser.language=en -Duser.variant 
java_command: com.android.dx.command.Main --dex --num-threads=4 --output C:\Users\Omar\EDA397_2016_Group5\PairProgrammingApp\app\build\intermediates\transforms\dex\debug\folders\1000\1f\main C:\Users\Omar\EDA397_2016_Group5\PairProgrammingApp\app\build\intermediates\pre-dexed\debug\support-annotations-23.1.1_ff1eee94c9a6016a518afdc5b2b161747ec9666b.jar C:\Users\Omar\EDA397_2016_Group5\PairProgrammingApp\app\build\intermediates\pre-dexed\debug\com.google.android.gms-play-services-appindexing-8.1.0_24726b9231bb64bf00656d811418669c599da240.jar C:\Users\Omar\EDA397_2016_Group5\PairProgrammingApp\app\build\intermediates\pre-dexed\debug\debug_519ef0e785d3a5321d58bc2d11c35a5a38f49643.jar C:\Users\Omar\EDA397_2016_Group5\PairProgrammingApp\app\build\intermediates\pre-dexed\debug\internal_impl-23.1.1_422a8a70293e7947fc9e3631ae2f6f3fcfd64c4f.jar C:\Users\Omar\EDA397_2016_Group5\PairProgrammingApp\app\build\intermediates\pre-dexed\debug\com.android.support-design-23.1.1_9547a8bea9afbea175f0011c1062ba9000c61e3b.jar C:\Users\Omar\EDA397_2016_Group5\PairProgrammingApp\app\build\intermediates\pre-dexed\debug\com.android.support-recyclerview-v7-23.1.1_70a164876d2012b2c2e29ca2252aecec331370a7.jar C:\Users\Omar\EDA397_2016_Group5\PairProgrammingApp\app\build\intermediates\pre-dexed\debug\com.android.support-appcompat-v7-23.1.1_ed3201e04bf763b3bce4ba7343088107bdeb069a.jar C:\Users\Omar\EDA397_2016_Group5\PairProgrammingApp\app\build\intermediates\pre-dexed\debug\com.google.android.gms-play-services-basement-8.1.0_f45d3f987c8ec55d30b52821933c258ec5859ca5.jar C:\Users\Omar\EDA397_2016_Group5\PairProgrammingApp\app\build\intermediates\pre-dexed\debug\com.android.support-support-v4-23.1.1_a8ab12dae0f981a61e016deefbf99b1610232ed4.jar
java_class_path (initial): C:\Users\Omar\AppData\Local\Android\sdk\build-tools\23.0.2\lib\dx.jar
Launcher Type: SUN_STANDARD

Environment Variables:
JAVA_HOME=C:\Program Files\Java\jdk1.8.0_51
PATH=C:\Program Files\Haskell\bin;C:\Program Files\Haskell Platform\7.10.3\lib\extralibs\bin;C:\Program Files\Haskell Platform\7.10.3\bin;C:\Ruby22-x64\bin;C:\Program Files\Common Files\Microsoft Shared\Windows Live;C:\Program Files (x86)\Common Files\Microsoft Shared\Windows Live;C:\ProgramData\Oracle\Java\javapath;C:\Windows\system32;C:\Windows;C:\Windows\System32\Wbem;C:\Windows\System32\WindowsPowerShell\v1.0\;C:\Program Files (x86)\Windows Live\Shared;C:\Program Files\nodejs;C:\Program Files\Java\jdk1.8.0_51\bin;C:\Users\Omar\Desktop\SonarQube\sonar-runner-2.4\bin;C:\Program Files (x86)\NVIDIA Corporation\PhysX\Common;C:\WINDOWS\system32\config\systemprofile\.dnx\bin;C:\Program Files\Microsoft DNX\Dnvm\;C:\Program Files\IBM\SPSS\Statistics\22\JRE\bin;C:\Program Files (x86)\Skype\Phone\;C:\Program Files\nodejs\;C:\Program Files\Git\cmd;C:\Program Files\Git\mingw64\bin;C:\Program Files\Git\usr\bin;C:\Program Files\WIDCOMM\Bluetooth Software\;C:\Program Files\WIDCOMM\Bluetooth Software\syswow64;C:\Program Files (x86)\SoundWire Server;C:\WINDOWS\system32;C:\WINDOWS;C:\WINDOWS\System32\Wbem;C:\WINDOWS\System32\WindowsPowerShell\v1.0\;C:\Program Files\Haskell Platform\7.10.3\mingw\bin;C:\Users\Omar\AppData\Roaming\cabal\bin;C:\Gtk+\bin;C:\Users\Omar\AppData\Roaming\cabal\bin;C:\Users\Omar\AppData\Roaming\npm;C:\Program Files (x86)\Gtk+\bin
USERNAME=Omar
OS=Windows_NT
PROCESSOR_IDENTIFIER=Intel64 Family 6 Model 42 Stepping 7, GenuineIntel



---------------  S Y S T E M  ---------------

OS: Windows 10.0 , 64 bit Build 10586 (10.0.10586.0)

CPU:total 8 (4 cores per cpu, 2 threads per core) family 6 model 42 stepping 7, cmov, cx8, fxsr, mmx, sse, sse2, sse3, ssse3, sse4.1, sse4.2, popcnt, avx, aes, clmul, ht, tsc, tscinvbit

Memory: 4k page, physical 8335212k(1807160k free), swap 10294124k(13140k free)

vm_info: Java HotSpot(TM) 64-Bit Server VM (25.51-b03) for windows-amd64 JRE (1.8.0_51-b16), built on Jun  8 2015 18:03:07 by "java_re" with MS VC++ 10.0 (VS2010)

time: Tue Apr 05 18:21:57 2016
elapsed time: 0 seconds (0d 0h 0m 0s)

