#
# There is insufficient memory for the Java Runtime Environment to continue.
# Native memory allocation (malloc) failed to allocate 1048576 bytes for AllocateHeap
# Possible reasons:
#   The system is out of physical RAM or swap space
#   In 32 bit mode, the process size limit was hit
# Possible solutions:
#   Reduce memory load on the system
#   Increase physical memory or swap space
#   Check if swap backing store is full
#   Use 64 bit Java on a 64 bit OS
#   Decrease Java heap size (-Xmx/-Xms)
#   Decrease number of Java threads
#   Decrease Java thread stack sizes (-Xss)
#   Set larger code cache with -XX:ReservedCodeCacheSize=
# This output file may be truncated or incomplete.
#
#  Out of Memory Error (memory/allocation.inline.hpp:61), pid=5600, tid=10564
#
# JRE version:  (8.0_51-b16) (build )
# Java VM: Java HotSpot(TM) 64-Bit Server VM (25.51-b03 mixed mode windows-amd64 compressed oops)
# Failed to write core dump. Minidumps are not enabled by default on client versions of Windows
#

---------------  T H R E A D  ---------------

Current thread (0x000000000223d800):  JavaThread "Unknown thread" [_thread_in_vm, id=10564, stack(0x00000000020f0000,0x00000000021f0000)]

Stack: [0x00000000020f0000,0x00000000021f0000]
Native frames: (J=compiled Java code, j=interpreted, Vv=VM code, C=native code)
V  [jvm.dll+0x32b4ca]
V  [jvm.dll+0x2797e3]
V  [jvm.dll+0x27a479]
V  [jvm.dll+0x271765]
V  [jvm.dll+0x1606]
V  [jvm.dll+0x3c0822]
V  [jvm.dll+0x3eead2]
V  [jvm.dll+0x3eefdc]
V  [jvm.dll+0x3ea537]
V  [jvm.dll+0xf2c22]
V  [jvm.dll+0x20f0a9]
V  [jvm.dll+0x240d2a]
V  [jvm.dll+0x15b9a1]
C  [java.exe+0x216e]
C  [java.exe+0xcd07]
C  [java.exe+0xcd9b]
C  [KERNEL32.DLL+0x18102]
C  [ntdll.dll+0x5c5b4]


---------------  P R O C E S S  ---------------

Java Threads: ( => current thread )

Other Threads:

=>0x000000000223d800 (exited) JavaThread "Unknown thread" [_thread_in_vm, id=10564, stack(0x00000000020f0000,0x00000000021f0000)]

VM state:not at safepoint (normal execution)

VM Mutex/Monitor currently owned by a thread: None

Heap:
 PSYoungGen      total 38400K, used 665K [0x00000000eab00000, 0x00000000ed580000, 0x0000000100000000)
  eden space 33280K, 2% used [0x00000000eab00000,0x00000000eaba6670,0x00000000ecb80000)
  from space 5120K, 0% used [0x00000000ed080000,0x00000000ed080000,0x00000000ed580000)
  to   space 5120K, 0% used [0x00000000ecb80000,0x00000000ecb80000,0x00000000ed080000)
 ParOldGen       total 87552K, used 0K [0x00000000c0000000, 0x00000000c5580000, 0x00000000eab00000)
  object space 87552K, 0% used [0x00000000c0000000,0x00000000c0000000,0x00000000c5580000)
 Metaspace       used 766K, capacity 4480K, committed 4480K, reserved 1056768K
  class space    used 75K, capacity 384K, committed 384K, reserved 1048576K

Card table byte_map: [0x0000000002700000,0x0000000002910000] byte_map_base: 0x0000000002100000

Marking Bits: (ParMarkBitMap*) 0x000000006ac14040
 Begin Bits: [0x0000000003270000, 0x0000000004270000)
 End Bits:   [0x0000000004270000, 0x0000000005270000)

Polling page: 0x00000000020c0000

CodeCache: size=245760Kb used=328Kb max_used=328Kb free=245431Kb
 bounds [0x000000000f010000, 0x000000000f280000, 0x000000001e010000]
 total_blobs=57 nmethods=0 adapters=37
 compilation: enabled

Compilation events (0 events):
No events

GC Heap History (0 events):
No events

Deoptimization events (0 events):
No events

Internal exceptions (0 events):
No events

Events (10 events):
Event: 0.020 loading class java/lang/Short
Event: 0.020 loading class java/lang/Short done
Event: 0.020 loading class java/lang/Integer
Event: 0.020 loading class java/lang/Integer done
Event: 0.020 loading class java/lang/Long
Event: 0.020 loading class java/lang/Long done
Event: 0.021 loading class java/lang/NullPointerException
Event: 0.021 loading class java/lang/NullPointerException done
Event: 0.021 loading class java/lang/ArithmeticException
Event: 0.021 loading class java/lang/ArithmeticException done


Dynamic libraries:
0x00007ff6b0a60000 - 0x00007ff6b0a97000 	C:\Program Files\Java\jdk1.8.0_51\bin\java.exe
0x00007ffecfc70000 - 0x00007ffecfe31000 	C:\WINDOWS\SYSTEM32\ntdll.dll
0x00007ffecd280000 - 0x00007ffecd32d000 	C:\WINDOWS\system32\KERNEL32.DLL
0x00007ffecc360000 - 0x00007ffecc548000 	C:\WINDOWS\system32\KERNELBASE.dll
0x00007ffecf940000 - 0x00007ffecf9e7000 	C:\WINDOWS\system32\ADVAPI32.dll
0x00007ffecf8a0000 - 0x00007ffecf93d000 	C:\WINDOWS\system32\msvcrt.dll
0x00007ffecdd90000 - 0x00007ffecddeb000 	C:\WINDOWS\system32\sechost.dll
0x00007ffecdfc0000 - 0x00007ffece0dc000 	C:\WINDOWS\system32\RPCRT4.dll
0x00007ffecd120000 - 0x00007ffecd276000 	C:\WINDOWS\system32\USER32.dll
0x00007ffecd8d0000 - 0x00007ffecda56000 	C:\WINDOWS\system32\GDI32.dll
0x00007ffec7c90000 - 0x00007ffec7f04000 	C:\WINDOWS\WinSxS\amd64_microsoft.windows.common-controls_6595b64144ccf1df_6.0.10586.0_none_8c15ae12515e1c22\COMCTL32.dll
0x00007ffecf9f0000 - 0x00007ffecfc6d000 	C:\WINDOWS\system32\combase.dll
0x00007ffeccd80000 - 0x00007ffeccdea000 	C:\WINDOWS\system32\bcryptPrimitives.dll
0x00007ffecd330000 - 0x00007ffecd36b000 	C:\WINDOWS\system32\IMM32.DLL
0x00007ffecaca0000 - 0x00007ffecacd1000 	C:\Windows\system32\nvinitx.dll
0x00007ffecac90000 - 0x00007ffecac9a000 	C:\WINDOWS\SYSTEM32\VERSION.dll
0x000000000f000000 - 0x000000000f006000 	C:\Program Files\NVIDIA Corporation\CoProcManager\_etoured.dll
0x00007ffec9c10000 - 0x00007ffec9c42000 	C:\Program Files\NVIDIA Corporation\CoProcManager\nvd3d9wrapx.dll
0x00007ffecd370000 - 0x00007ffecd799000 	C:\WINDOWS\system32\SETUPAPI.dll
0x00007ffeccd30000 - 0x00007ffeccd73000 	C:\WINDOWS\system32\CFGMGR32.dll
0x00007ffec9af0000 - 0x00007ffec9b12000 	C:\Program Files\NVIDIA Corporation\CoProcManager\nvdxgiwrapx.dll
0x000000006a0e0000 - 0x000000006a1b2000 	C:\Program Files\Java\jdk1.8.0_51\jre\bin\msvcr100.dll
0x000000006a410000 - 0x000000006ac93000 	C:\Program Files\Java\jdk1.8.0_51\jre\bin\server\jvm.dll
0x00007ffecf890000 - 0x00007ffecf898000 	C:\WINDOWS\system32\PSAPI.DLL
0x00007ffec1ba0000 - 0x00007ffec1ba9000 	C:\WINDOWS\SYSTEM32\WSOCK32.dll
0x00007ffeca290000 - 0x00007ffeca2b3000 	C:\WINDOWS\SYSTEM32\WINMM.dll
0x00007ffecddf0000 - 0x00007ffecde5b000 	C:\WINDOWS\system32\WS2_32.dll
0x00007ffeca230000 - 0x00007ffeca25c000 	C:\WINDOWS\SYSTEM32\WINMMBASE.dll
0x000000006b170000 - 0x000000006b17f000 	C:\Program Files\Java\jdk1.8.0_51\jre\bin\verify.dll
0x000000006b140000 - 0x000000006b169000 	C:\Program Files\Java\jdk1.8.0_51\jre\bin\java.dll
0x000000006b120000 - 0x000000006b136000 	C:\Program Files\Java\jdk1.8.0_51\jre\bin\zip.dll
0x00007ffec1c30000 - 0x00007ffec1dbc000 	C:\WINDOWS\SYSTEM32\dbghelp.dll

VM Arguments:
jvm_args: -Djava.awt.headless=true -Xmx1024M -Dfile.encoding=windows-1252 -Duser.country=US -Duser.language=en -Duser.variant 
java_command: com.android.dx.command.Main --dex --num-threads=4 --output C:\Users\Omar\EDA397_2016_Group5\PairProgrammingApp\app\build\intermediates\pre-dexed\debug\debug_519ef0e785d3a5321d58bc2d11c35a5a38f49643.jar C:\Users\Omar\EDA397_2016_Group5\PairProgrammingApp\app\build\intermediates\classes\debug
java_class_path (initial): C:\Users\Omar\AppData\Local\Android\sdk\build-tools\23.0.2\lib\dx.jar
Launcher Type: SUN_STANDARD

Environment Variables:
JAVA_HOME=C:\Program Files\Java\jdk1.8.0_51
PATH=C:\Program Files\Haskell\bin;C:\Program Files\Haskell Platform\7.10.3\lib\extralibs\bin;C:\Program Files\Haskell Platform\7.10.3\bin;C:\Ruby22-x64\bin;C:\Program Files\Common Files\Microsoft Shared\Windows Live;C:\Program Files (x86)\Common Files\Microsoft Shared\Windows Live;C:\ProgramData\Oracle\Java\javapath;C:\Windows\system32;C:\Windows;C:\Windows\System32\Wbem;C:\Windows\System32\WindowsPowerShell\v1.0\;C:\Program Files (x86)\Windows Live\Shared;C:\Program Files\nodejs;C:\Program Files\Java\jdk1.8.0_51\bin;C:\Users\Omar\Desktop\SonarQube\sonar-runner-2.4\bin;C:\Program Files (x86)\NVIDIA Corporation\PhysX\Common;C:\WINDOWS\system32\config\systemprofile\.dnx\bin;C:\Program Files\Microsoft DNX\Dnvm\;C:\Program Files\IBM\SPSS\Statistics\22\JRE\bin;C:\Program Files (x86)\Skype\Phone\;C:\Program Files\nodejs\;C:\Program Files\Git\cmd;C:\Program Files\Git\mingw64\bin;C:\Program Files\Git\usr\bin;C:\Program Files\WIDCOMM\Bluetooth Software\;C:\Program Files\WIDCOMM\Bluetooth Software\syswow64;C:\Program Files (x86)\SoundWire Server;C:\WINDOWS\system32;C:\WINDOWS;C:\WINDOWS\System32\Wbem;C:\WINDOWS\System32\WindowsPowerShell\v1.0\;C:\Program Files\Haskell Platform\7.10.3\mingw\bin;C:\Users\Omar\AppData\Roaming\cabal\bin;C:\MinGW\bin;C:\Gtk+\bin;C:\ThreadScope\threadscope-0.2.2\bin;C:\cygwin\bin;C:\Users\Omar\AppData\Roaming\cabal\bin;C:\Users\Omar\AppData\Roaming\npm;C:\Program Files (x86)\Gtk+\bin
USERNAME=Omar
OS=Windows_NT
PROCESSOR_IDENTIFIER=Intel64 Family 6 Model 42 Stepping 7, GenuineIntel



---------------  S Y S T E M  ---------------

OS: Windows 10.0 , 64 bit Build 10586 (10.0.10586.0)

CPU:total 8 (4 cores per cpu, 2 threads per core) family 6 model 42 stepping 7, cmov, cx8, fxsr, mmx, sse, sse2, sse3, ssse3, sse4.1, sse4.2, popcnt, avx, aes, clmul, ht, tsc, tscinvbit

Memory: 4k page, physical 8335212k(1843784k free), swap 10294124k(5640k free)

vm_info: Java HotSpot(TM) 64-Bit Server VM (25.51-b03) for windows-amd64 JRE (1.8.0_51-b16), built on Jun  8 2015 18:03:07 by "java_re" with MS VC++ 10.0 (VS2010)

time: Mon Apr 25 21:10:22 2016
elapsed time: 0 seconds (0d 0h 0m 0s)

