#
# There is insufficient memory for the Java Runtime Environment to continue.
# Native memory allocation (malloc) failed to allocate 1380976 bytes for Chunk::new
# Possible reasons:
#   The system is out of physical RAM or swap space
#   In 32 bit mode, the process size limit was hit
# Possible solutions:
#   Reduce memory load on the system
#   Increase physical memory or swap space
#   Check if swap backing store is full
#   Use 64 bit Java on a 64 bit OS
#   Decrease Java heap size (-Xmx/-Xms)
#   Decrease number of Java threads
#   Decrease Java thread stack sizes (-Xss)
#   Set larger code cache with -XX:ReservedCodeCacheSize=
# This output file may be truncated or incomplete.
#
#  Out of Memory Error (allocation.cpp:390), pid=9784, tid=5956
#
# JRE version: Java(TM) SE Runtime Environment (8.0_51-b16) (build 1.8.0_51-b16)
# Java VM: Java HotSpot(TM) 64-Bit Server VM (25.51-b03 mixed mode windows-amd64 compressed oops)
# Failed to write core dump. Minidumps are not enabled by default on client versions of Windows
#

---------------  T H R E A D  ---------------

Current thread (0x0000000007eb2800):  JavaThread "C2 CompilerThread1" daemon [_thread_in_native, id=5956, stack(0x0000000008580000,0x0000000008680000)]

Stack: [0x0000000008580000,0x0000000008680000]
Native frames: (J=compiled Java code, j=interpreted, Vv=VM code, C=native code)
V  [jvm.dll+0x32b4ca]
V  [jvm.dll+0x2797e3]
V  [jvm.dll+0x27a479]
V  [jvm.dll+0x271765]
V  [jvm.dll+0xcba02]
V  [jvm.dll+0xcbecc]
V  [jvm.dll+0x476f72]
V  [jvm.dll+0x4b95ff]
V  [jvm.dll+0x46c011]
V  [jvm.dll+0x46cd4e]
V  [jvm.dll+0x4501a2]
V  [jvm.dll+0xa43a2]
V  [jvm.dll+0xa4cdf]
V  [jvm.dll+0x2418a4]
V  [jvm.dll+0x29846a]
C  [msvcr100.dll+0x21d9f]
C  [msvcr100.dll+0x21e3b]
C  [KERNEL32.DLL+0x18102]
C  [ntdll.dll+0x5c5b4]


Current CompileTask:
C2:    772  896       4       com.android.dx.merge.DexMerger::transformDebugInfoItem (313 bytes)


---------------  P R O C E S S  ---------------

Java Threads: ( => current thread )
  0x0000000007edc000 JavaThread "Service Thread" daemon [_thread_blocked, id=10108, stack(0x0000000008880000,0x0000000008980000)]
  0x0000000007eb7800 JavaThread "C1 CompilerThread3" daemon [_thread_blocked, id=4292, stack(0x0000000008780000,0x0000000008880000)]
  0x0000000007eb4800 JavaThread "C2 CompilerThread2" daemon [_thread_in_native, id=10916, stack(0x0000000008680000,0x0000000008780000)]
=>0x0000000007eb2800 JavaThread "C2 CompilerThread1" daemon [_thread_in_native, id=5956, stack(0x0000000008580000,0x0000000008680000)]
  0x0000000007ea9000 JavaThread "C2 CompilerThread0" daemon [_thread_in_native, id=6744, stack(0x0000000008480000,0x0000000008580000)]
  0x0000000007ea7000 JavaThread "Attach Listener" daemon [_thread_blocked, id=10912, stack(0x0000000008380000,0x0000000008480000)]
  0x0000000007ea6000 JavaThread "Signal Dispatcher" daemon [_thread_blocked, id=11972, stack(0x0000000008280000,0x0000000008380000)]
  0x000000000236b000 JavaThread "Finalizer" daemon [_thread_blocked, id=4584, stack(0x0000000007d80000,0x0000000007e80000)]
  0x0000000005e8d000 JavaThread "Reference Handler" daemon [_thread_blocked, id=2396, stack(0x0000000007c80000,0x0000000007d80000)]
  0x000000000223e800 JavaThread "main" [_thread_in_Java, id=3524, stack(0x0000000002110000,0x0000000002210000)]

Other Threads:
  0x0000000005e89000 VMThread [stack: 0x0000000007b80000,0x0000000007c80000] [id=9044]
  0x0000000007edd000 WatcherThread [stack: 0x0000000008980000,0x0000000008a80000] [id=11868]

VM state:not at safepoint (normal execution)

VM Mutex/Monitor currently owned by a thread: None

Heap:
 PSYoungGen      total 38400K, used 17120K [0x00000000eab00000, 0x00000000ed580000, 0x0000000100000000)
  eden space 33280K, 36% used [0x00000000eab00000,0x00000000eb6b8ee0,0x00000000ecb80000)
  from space 5120K, 99% used [0x00000000ed080000,0x00000000ed57f380,0x00000000ed580000)
  to   space 5120K, 0% used [0x00000000ecb80000,0x00000000ecb80000,0x00000000ed080000)
 ParOldGen       total 87552K, used 46942K [0x00000000c0000000, 0x00000000c5580000, 0x00000000eab00000)
  object space 87552K, 53% used [0x00000000c0000000,0x00000000c2dd7b38,0x00000000c5580000)
 Metaspace       used 4577K, capacity 5428K, committed 5632K, reserved 1056768K
  class space    used 490K, capacity 492K, committed 512K, reserved 1048576K

Card table byte_map: [0x0000000002730000,0x0000000002940000] byte_map_base: 0x0000000002130000

Marking Bits: (ParMarkBitMap*) 0x0000000059454040
 Begin Bits: [0x00000000032a0000, 0x00000000042a0000)
 End Bits:   [0x00000000042a0000, 0x00000000052a0000)

Polling page: 0x0000000000950000

CodeCache: size=245760Kb used=3362Kb max_used=3375Kb free=242397Kb
 bounds [0x000000000f010000, 0x000000000f360000, 0x000000001e010000]
 total_blobs=1251 nmethods=982 adapters=182
 compilation: enabled

Compilation events (10 events):
Event: 0.731 Thread 0x0000000007eb7800  995       1       sun.util.locale.BaseLocale::getLanguage (5 bytes)
Event: 0.731 Thread 0x0000000007eb7800 nmethod 995 0x000000000f353e50 code [0x000000000f353fa0, 0x000000000f3540b0]
Event: 0.731 Thread 0x0000000007eb7800  996       1       java.util.HashMap$Node::getValue (5 bytes)
Event: 0.732 Thread 0x0000000007eb7800 nmethod 996 0x000000000f354110 code [0x000000000f354260, 0x000000000f354370]
Event: 0.733 Thread 0x0000000007eb7800  998       3       java.lang.Integer::reverseBytes (26 bytes)
Event: 0.733 Thread 0x0000000007eb7800 nmethod 998 0x000000000f354790 code [0x000000000f3548e0, 0x000000000f354a30]
Event: 0.735 Thread 0x0000000007eb7800 1000       3       sun.security.provider.SHA::implCompress (491 bytes)
Event: 0.736 Thread 0x0000000007eb7800 nmethod 1000 0x000000000f354a90 code [0x000000000f354c80, 0x000000000f355568]
Event: 0.736 Thread 0x0000000007eb7800 1001       3       sun.security.provider.ByteArrayAccess::b2iBig64 (614 bytes)
Event: 0.738 Thread 0x0000000007eb7800 nmethod 1001 0x000000000f355dd0 code [0x000000000f355fe0, 0x000000000f356da8]

GC Heap History (4 events):
Event: 0.329 GC heap before
{Heap before GC invocations=1 (full 0):
 PSYoungGen      total 38400K, used 33280K [0x00000000eab00000, 0x00000000ed580000, 0x0000000100000000)
  eden space 33280K, 100% used [0x00000000eab00000,0x00000000ecb80000,0x00000000ecb80000)
  from space 5120K, 0% used [0x00000000ed080000,0x00000000ed080000,0x00000000ed580000)
  to   space 5120K, 0% used [0x00000000ecb80000,0x00000000ecb80000,0x00000000ed080000)
 ParOldGen       total 87552K, used 0K [0x00000000c0000000, 0x00000000c5580000, 0x00000000eab00000)
  object space 87552K, 0% used [0x00000000c0000000,0x00000000c0000000,0x00000000c5580000)
 Metaspace       used 3786K, capacity 4944K, committed 5120K, reserved 1056768K
  class space    used 408K, capacity 456K, committed 512K, reserved 1048576K
Event: 0.337 GC heap after
Heap after GC invocations=1 (full 0):
 PSYoungGen      total 38400K, used 5119K [0x00000000eab00000, 0x00000000ed580000, 0x0000000100000000)
  eden space 33280K, 0% used [0x00000000eab00000,0x00000000eab00000,0x00000000ecb80000)
  from space 5120K, 99% used [0x00000000ecb80000,0x00000000ed07fc88,0x00000000ed080000)
  to   space 5120K, 0% used [0x00000000ed080000,0x00000000ed080000,0x00000000ed580000)
 ParOldGen       total 87552K, used 26482K [0x00000000c0000000, 0x00000000c5580000, 0x00000000eab00000)
  object space 87552K, 30% used [0x00000000c0000000,0x00000000c19dcbe0,0x00000000c5580000)
 Metaspace       used 3786K, capacity 4944K, committed 5120K, reserved 1056768K
  class space    used 408K, capacity 456K, committed 512K, reserved 1048576K
}
Event: 0.659 GC heap before
{Heap before GC invocations=2 (full 0):
 PSYoungGen      total 38400K, used 38399K [0x00000000eab00000, 0x00000000ed580000, 0x0000000100000000)
  eden space 33280K, 100% used [0x00000000eab00000,0x00000000ecb80000,0x00000000ecb80000)
  from space 5120K, 99% used [0x00000000ecb80000,0x00000000ed07fc88,0x00000000ed080000)
  to   space 5120K, 0% used [0x00000000ed080000,0x00000000ed080000,0x00000000ed580000)
 ParOldGen       total 87552K, used 26482K [0x00000000c0000000, 0x00000000c5580000, 0x00000000eab00000)
  object space 87552K, 30% used [0x00000000c0000000,0x00000000c19dcbe0,0x00000000c5580000)
 Metaspace       used 4331K, capacity 5424K, committed 5632K, reserved 1056768K
  class space    used 460K, capacity 488K, committed 512K, reserved 1048576K
Event: 0.666 GC heap after
Heap after GC invocations=2 (full 0):
 PSYoungGen      total 38400K, used 5116K [0x00000000eab00000, 0x00000000ed580000, 0x0000000100000000)
  eden space 33280K, 0% used [0x00000000eab00000,0x00000000eab00000,0x00000000ecb80000)
  from space 5120K, 99% used [0x00000000ed080000,0x00000000ed57f380,0x00000000ed580000)
  to   space 5120K, 0% used [0x00000000ecb80000,0x00000000ecb80000,0x00000000ed080000)
 ParOldGen       total 87552K, used 46942K [0x00000000c0000000, 0x00000000c5580000, 0x00000000eab00000)
  object space 87552K, 53% used [0x00000000c0000000,0x00000000c2dd7b38,0x00000000c5580000)
 Metaspace       used 4331K, capacity 5424K, committed 5632K, reserved 1056768K
  class space    used 460K, capacity 488K, committed 512K, reserved 1048576K
}

Deoptimization events (10 events):
Event: 0.567 Thread 0x000000000223e800 Uncommon trap: reason=unstable_if action=reinterpret pc=0x000000000f28ed54 method=java.util.HashMap.getNode(ILjava/lang/Object;)Ljava/util/HashMap$Node; @ 84
Event: 0.567 Thread 0x000000000223e800 Uncommon trap: reason=unstable_if action=reinterpret pc=0x000000000f260ed0 method=java.util.HashMap.getNode(ILjava/lang/Object;)Ljava/util/HashMap$Node; @ 84
Event: 0.726 Thread 0x000000000223e800 Uncommon trap: reason=speculate_class_check action=maybe_recompile pc=0x000000000f2a1ba8 method=java.util.HashMap.putVal(ILjava/lang/Object;Ljava/lang/Object;ZZ)Ljava/lang/Object; @ 56
Event: 0.726 Thread 0x000000000223e800 Uncommon trap: reason=speculate_class_check action=maybe_recompile pc=0x000000000f2a1bfc method=java.util.HashMap.putVal(ILjava/lang/Object;Ljava/lang/Object;ZZ)Ljava/lang/Object; @ 152
Event: 0.726 Thread 0x000000000223e800 Uncommon trap: reason=speculate_class_check action=maybe_recompile pc=0x000000000f2a1ba8 method=java.util.HashMap.putVal(ILjava/lang/Object;Ljava/lang/Object;ZZ)Ljava/lang/Object; @ 56
Event: 0.726 Thread 0x000000000223e800 Uncommon trap: reason=speculate_class_check action=maybe_recompile pc=0x000000000f2a1ba8 method=java.util.HashMap.putVal(ILjava/lang/Object;Ljava/lang/Object;ZZ)Ljava/lang/Object; @ 56
Event: 0.726 Thread 0x000000000223e800 Uncommon trap: reason=class_check action=maybe_recompile pc=0x000000000f277b70 method=java.util.HashMap.putVal(ILjava/lang/Object;Ljava/lang/Object;ZZ)Ljava/lang/Object; @ 56
Event: 0.726 Thread 0x000000000223e800 Uncommon trap: reason=class_check action=maybe_recompile pc=0x000000000f277b70 method=java.util.HashMap.putVal(ILjava/lang/Object;Ljava/lang/Object;ZZ)Ljava/lang/Object; @ 56
Event: 0.726 Thread 0x000000000223e800 Uncommon trap: reason=class_check action=maybe_recompile pc=0x000000000f277b70 method=java.util.HashMap.putVal(ILjava/lang/Object;Ljava/lang/Object;ZZ)Ljava/lang/Object; @ 56
Event: 0.726 Thread 0x000000000223e800 Uncommon trap: reason=class_check action=maybe_recompile pc=0x000000000f277b70 method=java.util.HashMap.putVal(ILjava/lang/Object;Ljava/lang/Object;ZZ)Ljava/lang/Object; @ 56

Internal exceptions (2 events):
Event: 0.033 Thread 0x000000000223e800 Exception <a 'java/lang/NoSuchMethodError': Method sun.misc.Unsafe.defineClass(Ljava/lang/String;[BII)Ljava/lang/Class; name or signature does not match> (0x00000000eab0e578) thrown at [C:\re\workspace\8-2-build-windows-amd64-cygwin\jdk8u51\3951\hotspot\srŒ’–·°?
Event: 0.033 Thread 0x000000000223e800 Exception <a 'java/lang/NoSuchMethodError': Method sun.misc.Unsafe.prefetchRead(Ljava/lang/Object;J)V name or signature does not match> (0x00000000eab0e808) thrown at [C:\re\workspace\8-2-build-windows-amd64-cygwin\jdk8u51\3951\hotspot\src\share\vm\prims\j

Events (10 events):
Event: 0.732 loading class sun/security/provider/SHA
Event: 0.732 loading class sun/security/provider/DigestBase
Event: 0.732 loading class sun/security/provider/DigestBase done
Event: 0.732 loading class sun/security/provider/SHA done
Event: 0.732 loading class sun/security/jca/GetInstance$Instance
Event: 0.732 loading class sun/security/jca/GetInstance$Instance done
Event: 0.732 loading class java/security/MessageDigest$Delegate
Event: 0.732 loading class java/security/MessageDigest$Delegate done
Event: 0.732 loading class sun/security/provider/ByteArrayAccess
Event: 0.732 loading class sun/security/provider/ByteArrayAccess done


Dynamic libraries:
0x00007ff739980000 - 0x00007ff7399b7000 	C:\Program Files\Java\jdk1.8.0_51\bin\java.exe
0x00007ffd068c0000 - 0x00007ffd06a81000 	C:\WINDOWS\SYSTEM32\ntdll.dll
0x00007ffd06810000 - 0x00007ffd068bd000 	C:\WINDOWS\system32\KERNEL32.DLL
0x00007ffd03020000 - 0x00007ffd03208000 	C:\WINDOWS\system32\KERNELBASE.dll
0x00007ffd04c40000 - 0x00007ffd04ce7000 	C:\WINDOWS\system32\ADVAPI32.dll
0x00007ffd049d0000 - 0x00007ffd04a6d000 	C:\WINDOWS\system32\msvcrt.dll
0x00007ffd05210000 - 0x00007ffd0526b000 	C:\WINDOWS\system32\sechost.dll
0x00007ffd050f0000 - 0x00007ffd0520c000 	C:\WINDOWS\system32\RPCRT4.dll
0x00007ffd03e50000 - 0x00007ffd03fa6000 	C:\WINDOWS\system32\USER32.dll
0x00007ffd03cc0000 - 0x00007ffd03e46000 	C:\WINDOWS\system32\GDI32.dll
0x00007ffcfe850000 - 0x00007ffcfeac4000 	C:\WINDOWS\WinSxS\amd64_microsoft.windows.common-controls_6595b64144ccf1df_6.0.10586.0_none_8c15ae12515e1c22\COMCTL32.dll
0x00007ffd04320000 - 0x00007ffd0459d000 	C:\WINDOWS\system32\combase.dll
0x00007ffd03520000 - 0x00007ffd0358a000 	C:\WINDOWS\system32\bcryptPrimitives.dll
0x00007ffd067d0000 - 0x00007ffd0680b000 	C:\WINDOWS\system32\IMM32.DLL
0x00007ffd018f0000 - 0x00007ffd01921000 	C:\Windows\system32\nvinitx.dll
0x00007ffd018e0000 - 0x00007ffd018ea000 	C:\WINDOWS\SYSTEM32\VERSION.dll
0x000000000f000000 - 0x000000000f006000 	C:\Program Files\NVIDIA Corporation\CoProcManager\_etoured.dll
0x00007ffd00650000 - 0x00007ffd00682000 	C:\Program Files\NVIDIA Corporation\CoProcManager\nvd3d9wrapx.dll
0x00007ffd045a0000 - 0x00007ffd049c9000 	C:\WINDOWS\system32\SETUPAPI.dll
0x00007ffd034d0000 - 0x00007ffd03513000 	C:\WINDOWS\system32\CFGMGR32.dll
0x00007ffd00590000 - 0x00007ffd005b2000 	C:\Program Files\NVIDIA Corporation\CoProcManager\nvdxgiwrapx.dll
0x00000000587e0000 - 0x00000000588b2000 	C:\Program Files\Java\jdk1.8.0_51\jre\bin\msvcr100.dll
0x0000000058c50000 - 0x00000000594d3000 	C:\Program Files\Java\jdk1.8.0_51\jre\bin\server\jvm.dll
0x00007ffd04c30000 - 0x00007ffd04c38000 	C:\WINDOWS\system32\PSAPI.DLL
0x00007ffcf8280000 - 0x00007ffcf8289000 	C:\WINDOWS\SYSTEM32\WSOCK32.dll
0x00007ffd01410000 - 0x00007ffd01433000 	C:\WINDOWS\SYSTEM32\WINMM.dll
0x00007ffd03fb0000 - 0x00007ffd0401b000 	C:\WINDOWS\system32\WS2_32.dll
0x00000000020e0000 - 0x000000000210c000 	C:\WINDOWS\SYSTEM32\WINMMBASE.dll
0x000000005a520000 - 0x000000005a52f000 	C:\Program Files\Java\jdk1.8.0_51\jre\bin\verify.dll
0x0000000058c20000 - 0x0000000058c49000 	C:\Program Files\Java\jdk1.8.0_51\jre\bin\java.dll
0x0000000058c00000 - 0x0000000058c16000 	C:\Program Files\Java\jdk1.8.0_51\jre\bin\zip.dll
0x00007ffd05270000 - 0x00007ffd067cc000 	C:\WINDOWS\system32\SHELL32.dll
0x00007ffd03650000 - 0x00007ffd03c95000 	C:\WINDOWS\system32\windows.storage.dll
0x00007ffd04ed0000 - 0x00007ffd04f22000 	C:\WINDOWS\system32\shlwapi.dll
0x00007ffd02ec0000 - 0x00007ffd02ecf000 	C:\WINDOWS\system32\kernel.appcore.dll
0x00007ffd03590000 - 0x00007ffd03645000 	C:\WINDOWS\system32\shcore.dll
0x00007ffd02ed0000 - 0x00007ffd02f1b000 	C:\WINDOWS\system32\powrprof.dll
0x00007ffd02f30000 - 0x00007ffd02f44000 	C:\WINDOWS\system32\profapi.dll
0x00007ffcf8800000 - 0x00007ffcf898c000 	C:\WINDOWS\SYSTEM32\dbghelp.dll

VM Arguments:
jvm_args: -Djava.awt.headless=true -Xmx1024M -Dfile.encoding=windows-1252 -Duser.country=US -Duser.language=en -Duser.variant 
java_command: com.android.dx.command.Main --dex --num-threads=4 --output C:\Users\Omar\EDA397_2016_Group5\PairProgrammingApp\app\build\intermediates\transforms\dex\debug\folders\1000\1f\main C:\Users\Omar\EDA397_2016_Group5\PairProgrammingApp\app\build\intermediates\pre-dexed\debug\support-annotations-23.1.1_ff1eee94c9a6016a518afdc5b2b161747ec9666b.jar C:\Users\Omar\EDA397_2016_Group5\PairProgrammingApp\app\build\intermediates\pre-dexed\debug\com.google.android.gms-play-services-appindexing-8.1.0_24726b9231bb64bf00656d811418669c599da240.jar C:\Users\Omar\EDA397_2016_Group5\PairProgrammingApp\app\build\intermediates\pre-dexed\debug\debug_519ef0e785d3a5321d58bc2d11c35a5a38f49643.jar C:\Users\Omar\EDA397_2016_Group5\PairProgrammingApp\app\build\intermediates\pre-dexed\debug\internal_impl-23.1.1_422a8a70293e7947fc9e3631ae2f6f3fcfd64c4f.jar C:\Users\Omar\EDA397_2016_Group5\PairProgrammingApp\app\build\intermediates\pre-dexed\debug\com.android.support-design-23.1.1_9547a8bea9afbea175f0011c1062ba9000c61e3b.jar C:\Users\Omar\EDA397_2016_Group5\PairProgrammingApp\app\build\intermediates\pre-dexed\debug\com.android.support-recyclerview-v7-23.1.1_70a164876d2012b2c2e29ca2252aecec331370a7.jar C:\Users\Omar\EDA397_2016_Group5\PairProgrammingApp\app\build\intermediates\pre-dexed\debug\com.android.support-appcompat-v7-23.1.1_ed3201e04bf763b3bce4ba7343088107bdeb069a.jar C:\Users\Omar\EDA397_2016_Group5\PairProgrammingApp\app\build\intermediates\pre-dexed\debug\com.google.android.gms-play-services-basement-8.1.0_f45d3f987c8ec55d30b52821933c258ec5859ca5.jar C:\Users\Omar\EDA397_2016_Group5\PairProgrammingApp\app\build\intermediates\pre-dexed\debug\com.android.support-support-v4-23.1.1_a8ab12dae0f981a61e016deefbf99b1610232ed4.jar
java_class_path (initial): C:\Users\Omar\AppData\Local\Android\sdk\build-tools\23.0.2\lib\dx.jar
Launcher Type: SUN_STANDARD

Environment Variables:
JAVA_HOME=C:\Program Files\Java\jdk1.8.0_51
PATH=C:\Program Files\Haskell\bin;C:\Program Files\Haskell Platform\7.10.3\lib\extralibs\bin;C:\Program Files\Haskell Platform\7.10.3\bin;C:\Ruby22-x64\bin;C:\Program Files\Common Files\Microsoft Shared\Windows Live;C:\Program Files (x86)\Common Files\Microsoft Shared\Windows Live;C:\ProgramData\Oracle\Java\javapath;C:\Windows\system32;C:\Windows;C:\Windows\System32\Wbem;C:\Windows\System32\WindowsPowerShell\v1.0\;C:\Program Files (x86)\Windows Live\Shared;C:\Program Files\nodejs;C:\Program Files\Java\jdk1.8.0_51\bin;C:\Users\Omar\Desktop\SonarQube\sonar-runner-2.4\bin;C:\Program Files (x86)\NVIDIA Corporation\PhysX\Common;C:\WINDOWS\system32\config\systemprofile\.dnx\bin;C:\Program Files\Microsoft DNX\Dnvm\;C:\Program Files\IBM\SPSS\Statistics\22\JRE\bin;C:\Program Files (x86)\Skype\Phone\;C:\Program Files\nodejs\;C:\Program Files\Git\cmd;C:\Program Files\Git\mingw64\bin;C:\Program Files\Git\usr\bin;C:\Program Files\WIDCOMM\Bluetooth Software\;C:\Program Files\WIDCOMM\Bluetooth Software\syswow64;C:\Program Files (x86)\SoundWire Server;C:\WINDOWS\system32;C:\WINDOWS;C:\WINDOWS\System32\Wbem;C:\WINDOWS\System32\WindowsPowerShell\v1.0\;C:\Program Files\Haskell Platform\7.10.3\mingw\bin;C:\Users\Omar\AppData\Roaming\cabal\bin;C:\MinGW\bin;C:\Gtk+\bin;C:\ThreadScope\threadscope-0.2.2\bin;C:\cygwin\bin;C:\Users\Omar\AppData\Roaming\cabal\bin;C:\Users\Omar\AppData\Roaming\npm;C:\Program Files (x86)\Gtk+\bin
USERNAME=Omar
OS=Windows_NT
PROCESSOR_IDENTIFIER=Intel64 Family 6 Model 42 Stepping 7, GenuineIntel



---------------  S Y S T E M  ---------------

OS: Windows 10.0 , 64 bit Build 10586 (10.0.10586.0)

CPU:total 8 (4 cores per cpu, 2 threads per core) family 6 model 42 stepping 7, cmov, cx8, fxsr, mmx, sse, sse2, sse3, ssse3, sse4.1, sse4.2, popcnt, avx, aes, clmul, ht, tsc, tscinvbit

Memory: 4k page, physical 8335212k(1858716k free), swap 10294124k(6520k free)

vm_info: Java HotSpot(TM) 64-Bit Server VM (25.51-b03) for windows-amd64 JRE (1.8.0_51-b16), built on Jun  8 2015 18:03:07 by "java_re" with MS VC++ 10.0 (VS2010)

time: Wed Apr 20 12:24:18 2016
elapsed time: 0 seconds (0d 0h 0m 0s)

