#
# There is insufficient memory for the Java Runtime Environment to continue.
# Native memory allocation (malloc) failed to allocate 1684976 bytes for Chunk::new
# Possible reasons:
#   The system is out of physical RAM or swap space
#   In 32 bit mode, the process size limit was hit
# Possible solutions:
#   Reduce memory load on the system
#   Increase physical memory or swap space
#   Check if swap backing store is full
#   Use 64 bit Java on a 64 bit OS
#   Decrease Java heap size (-Xmx/-Xms)
#   Decrease number of Java threads
#   Decrease Java thread stack sizes (-Xss)
#   Set larger code cache with -XX:ReservedCodeCacheSize=
# This output file may be truncated or incomplete.
#
#  Out of Memory Error (allocation.cpp:390), pid=13204, tid=8508
#
# JRE version: Java(TM) SE Runtime Environment (8.0_51-b16) (build 1.8.0_51-b16)
# Java VM: Java HotSpot(TM) 64-Bit Server VM (25.51-b03 mixed mode windows-amd64 compressed oops)
# Failed to write core dump. Minidumps are not enabled by default on client versions of Windows
#

---------------  T H R E A D  ---------------

Current thread (0x0000000007d9d800):  JavaThread "C2 CompilerThread1" daemon [_thread_in_native, id=8508, stack(0x0000000008470000,0x0000000008570000)]

Stack: [0x0000000008470000,0x0000000008570000]
Native frames: (J=compiled Java code, j=interpreted, Vv=VM code, C=native code)
V  [jvm.dll+0x32b4ca]
V  [jvm.dll+0x2797e3]
V  [jvm.dll+0x27a479]
V  [jvm.dll+0x271765]
V  [jvm.dll+0xcba02]
V  [jvm.dll+0xcbecc]
V  [jvm.dll+0x476f72]
V  [jvm.dll+0x4b95ff]
V  [jvm.dll+0x46c011]
V  [jvm.dll+0x46cd4e]
V  [jvm.dll+0x4501a2]
V  [jvm.dll+0xa43a2]
V  [jvm.dll+0xa4cdf]
V  [jvm.dll+0x2418a4]
V  [jvm.dll+0x29846a]
C  [msvcr100.dll+0x21d9f]
C  [msvcr100.dll+0x21e3b]
C  [KERNEL32.DLL+0x18102]
C  [ntdll.dll+0x5c5b4]


Current CompileTask:
C2:  11911 2385       4       com.android.dx.dex.code.OutputFinisher::addConstants (93 bytes)


---------------  P R O C E S S  ---------------

Java Threads: ( => current thread )
  0x0000000007e1e000 JavaThread "Service Thread" daemon [_thread_blocked, id=5624, stack(0x0000000008770000,0x0000000008870000)]
  0x0000000007da5000 JavaThread "C1 CompilerThread3" daemon [_thread_blocked, id=6888, stack(0x0000000008670000,0x0000000008770000)]
  0x0000000007d9f800 JavaThread "C2 CompilerThread2" daemon [_thread_in_native, id=8440, stack(0x0000000008570000,0x0000000008670000)]
=>0x0000000007d9d800 JavaThread "C2 CompilerThread1" daemon [_thread_in_native, id=8508, stack(0x0000000008470000,0x0000000008570000)]
  0x0000000007d98000 JavaThread "C2 CompilerThread0" daemon [_thread_in_native, id=1200, stack(0x0000000008370000,0x0000000008470000)]
  0x0000000007d95800 JavaThread "Attach Listener" daemon [_thread_blocked, id=8532, stack(0x0000000008270000,0x0000000008370000)]
  0x0000000007d94800 JavaThread "Signal Dispatcher" daemon [_thread_blocked, id=272, stack(0x0000000008170000,0x0000000008270000)]
  0x0000000002283800 JavaThread "Finalizer" daemon [_thread_blocked, id=11832, stack(0x0000000007c70000,0x0000000007d70000)]
  0x0000000005dad800 JavaThread "Reference Handler" daemon [_thread_blocked, id=11284, stack(0x0000000007b70000,0x0000000007c70000)]
  0x000000000218d800 JavaThread "main" [_thread_in_Java, id=7300, stack(0x0000000002020000,0x0000000002120000)]

Other Threads:
  0x0000000005da8800 VMThread [stack: 0x0000000007a70000,0x0000000007b70000] [id=5340]
  0x0000000007e1f000 WatcherThread [stack: 0x0000000008870000,0x0000000008970000] [id=9692]

VM state:not at safepoint (normal execution)

VM Mutex/Monitor currently owned by a thread: None

Heap:
 PSYoungGen      total 290816K, used 91098K [0x00000000eab00000, 0x00000000fef00000, 0x0000000100000000)
  eden space 262144K, 25% used [0x00000000eab00000,0x00000000eeb84df8,0x00000000fab00000)
  from space 28672K, 87% used [0x00000000fcb00000,0x00000000fe371a70,0x00000000fe700000)
  to   space 32768K, 0% used [0x00000000fab00000,0x00000000fab00000,0x00000000fcb00000)
 ParOldGen       total 87552K, used 44084K [0x00000000c0000000, 0x00000000c5580000, 0x00000000eab00000)
  object space 87552K, 50% used [0x00000000c0000000,0x00000000c2b0d320,0x00000000c5580000)
 Metaspace       used 6701K, capacity 7480K, committed 7680K, reserved 1056768K
  class space    used 632K, capacity 688K, committed 768K, reserved 1048576K

Card table byte_map: [0x0000000002650000,0x0000000002860000] byte_map_base: 0x0000000002050000

Marking Bits: (ParMarkBitMap*) 0x0000000061a84040
 Begin Bits: [0x00000000031c0000, 0x00000000041c0000)
 End Bits:   [0x00000000041c0000, 0x00000000051c0000)

Polling page: 0x0000000000460000

CodeCache: size=245760Kb used=11378Kb max_used=11378Kb free=234381Kb
 bounds [0x000000000f010000, 0x000000000fb40000, 0x000000001e010000]
 total_blobs=2680 nmethods=2410 adapters=182
 compilation: enabled

Compilation events (10 events):
Event: 11.865 Thread 0x0000000007da5000 2481       2       com.android.dx.dex.file.AnnotationItem::sortByTypeIdIndex (8 bytes)
Event: 11.865 Thread 0x0000000007da5000 nmethod 2481 0x000000000fb21750 code [0x000000000fb218c0, 0x000000000fb21a28]
Event: 11.865 Thread 0x0000000007da5000 2485       1       java.util.Arrays$LegacyMergeSort::access$000 (4 bytes)
Event: 11.865 Thread 0x0000000007da5000 nmethod 2485 0x000000000fb21ad0 code [0x000000000fb21c20, 0x000000000fb21d10]
Event: 11.865 Thread 0x0000000007da5000 2483       2       com.android.dx.dex.file.AnnotationItem$TypeIdSorter::compare (13 bytes)
Event: 11.866 Thread 0x0000000007da5000 nmethod 2483 0x000000000fb21d50 code [0x000000000fb21ee0, 0x000000000fb22258]
Event: 11.866 Thread 0x0000000007da5000 2484       2       com.android.dx.dex.file.AnnotationItem$TypeIdSorter::compare (35 bytes)
Event: 11.866 Thread 0x0000000007da5000 nmethod 2484 0x000000000fb22590 code [0x000000000fb22720, 0x000000000fb22a38]
Event: 11.868 Thread 0x0000000007da5000 2486  s    2       java.util.Vector::addElement (38 bytes)
Event: 11.868 Thread 0x0000000007da5000 nmethod 2486 0x000000000fb22c90 code [0x000000000fb22e00, 0x000000000fb231c8]

GC Heap History (10 events):
Event: 4.510 GC heap before
{Heap before GC invocations=2 (full 0):
 PSYoungGen      total 38400K, used 38280K [0x00000000eab00000, 0x00000000ef600000, 0x0000000100000000)
  eden space 33280K, 100% used [0x00000000eab00000,0x00000000ecb80000,0x00000000ecb80000)
  from space 5120K, 97% used [0x00000000ecb80000,0x00000000ed062158,0x00000000ed080000)
  to   space 5120K, 0% used [0x00000000ef100000,0x00000000ef100000,0x00000000ef600000)
 ParOldGen       total 87552K, used 16K [0x00000000c0000000, 0x00000000c5580000, 0x00000000eab00000)
  object space 87552K, 0% used [0x00000000c0000000,0x00000000c0004000,0x00000000c5580000)
 Metaspace       used 6099K, capacity 7024K, committed 7296K, reserved 1056768K
  class space    used 593K, capacity 616K, committed 640K, reserved 1048576K
Event: 4.577 GC heap after
Heap after GC invocations=2 (full 0):
 PSYoungGen      total 71680K, used 5104K [0x00000000eab00000, 0x00000000ef600000, 0x0000000100000000)
  eden space 66560K, 0% used [0x00000000eab00000,0x00000000eab00000,0x00000000eec00000)
  from space 5120K, 99% used [0x00000000ef100000,0x00000000ef5fc038,0x00000000ef600000)
  to   space 5120K, 0% used [0x00000000eec00000,0x00000000eec00000,0x00000000ef100000)
 ParOldGen       total 87552K, used 2727K [0x00000000c0000000, 0x00000000c5580000, 0x00000000eab00000)
  object space 87552K, 3% used [0x00000000c0000000,0x00000000c02a9c98,0x00000000c5580000)
 Metaspace       used 6099K, capacity 7024K, committed 7296K, reserved 1056768K
  class space    used 593K, capacity 616K, committed 640K, reserved 1048576K
}
Event: 6.545 GC heap before
{Heap before GC invocations=3 (full 0):
 PSYoungGen      total 71680K, used 71664K [0x00000000eab00000, 0x00000000ef600000, 0x0000000100000000)
  eden space 66560K, 100% used [0x00000000eab00000,0x00000000eec00000,0x00000000eec00000)
  from space 5120K, 99% used [0x00000000ef100000,0x00000000ef5fc038,0x00000000ef600000)
  to   space 5120K, 0% used [0x00000000eec00000,0x00000000eec00000,0x00000000ef100000)
 ParOldGen       total 87552K, used 2727K [0x00000000c0000000, 0x00000000c5580000, 0x00000000eab00000)
  object space 87552K, 3% used [0x00000000c0000000,0x00000000c02a9c98,0x00000000c5580000)
 Metaspace       used 6222K, capacity 7088K, committed 7296K, reserved 1056768K
  class space    used 595K, capacity 616K, committed 640K, reserved 1048576K
Event: 6.578 GC heap after
Heap after GC invocations=3 (full 0):
 PSYoungGen      total 71680K, used 5094K [0x00000000eab00000, 0x00000000f3700000, 0x0000000100000000)
  eden space 66560K, 0% used [0x00000000eab00000,0x00000000eab00000,0x00000000eec00000)
  from space 5120K, 99% used [0x00000000eec00000,0x00000000ef0f99d0,0x00000000ef100000)
  to   space 5120K, 0% used [0x00000000f3200000,0x00000000f3200000,0x00000000f3700000)
 ParOldGen       total 87552K, used 12463K [0x00000000c0000000, 0x00000000c5580000, 0x00000000eab00000)
  object space 87552K, 14% used [0x00000000c0000000,0x00000000c0c2bed8,0x00000000c5580000)
 Metaspace       used 6222K, capacity 7088K, committed 7296K, reserved 1056768K
  class space    used 595K, capacity 616K, committed 640K, reserved 1048576K
}
Event: 6.991 GC heap before
{Heap before GC invocations=4 (full 0):
 PSYoungGen      total 71680K, used 71654K [0x00000000eab00000, 0x00000000f3700000, 0x0000000100000000)
  eden space 66560K, 100% used [0x00000000eab00000,0x00000000eec00000,0x00000000eec00000)
  from space 5120K, 99% used [0x00000000eec00000,0x00000000ef0f99d0,0x00000000ef100000)
  to   space 5120K, 0% used [0x00000000f3200000,0x00000000f3200000,0x00000000f3700000)
 ParOldGen       total 87552K, used 12463K [0x00000000c0000000, 0x00000000c5580000, 0x00000000eab00000)
  object space 87552K, 14% used [0x00000000c0000000,0x00000000c0c2bed8,0x00000000c5580000)
 Metaspace       used 6304K, capacity 7152K, committed 7296K, reserved 1056768K
  class space    used 595K, capacity 616K, committed 640K, reserved 1048576K
Event: 7.022 GC heap after
Heap after GC invocations=4 (full 0):
 PSYoungGen      total 138240K, used 5117K [0x00000000eab00000, 0x00000000f3700000, 0x0000000100000000)
  eden space 133120K, 0% used [0x00000000eab00000,0x00000000eab00000,0x00000000f2d00000)
  from space 5120K, 99% used [0x00000000f3200000,0x00000000f36ff480,0x00000000f3700000)
  to   space 5120K, 0% used [0x00000000f2d00000,0x00000000f2d00000,0x00000000f3200000)
 ParOldGen       total 87552K, used 23286K [0x00000000c0000000, 0x00000000c5580000, 0x00000000eab00000)
  object space 87552K, 26% used [0x00000000c0000000,0x00000000c16bd840,0x00000000c5580000)
 Metaspace       used 6304K, capacity 7152K, committed 7296K, reserved 1056768K
  class space    used 595K, capacity 616K, committed 640K, reserved 1048576K
}
Event: 7.577 GC heap before
{Heap before GC invocations=5 (full 0):
 PSYoungGen      total 138240K, used 138237K [0x00000000eab00000, 0x00000000f3700000, 0x0000000100000000)
  eden space 133120K, 100% used [0x00000000eab00000,0x00000000f2d00000,0x00000000f2d00000)
  from space 5120K, 99% used [0x00000000f3200000,0x00000000f36ff480,0x00000000f3700000)
  to   space 5120K, 0% used [0x00000000f2d00000,0x00000000f2d00000,0x00000000f3200000)
 ParOldGen       total 87552K, used 23286K [0x00000000c0000000, 0x00000000c5580000, 0x00000000eab00000)
  object space 87552K, 26% used [0x00000000c0000000,0x00000000c16bd840,0x00000000c5580000)
 Metaspace       used 6453K, capacity 7256K, committed 7424K, reserved 1056768K
  class space    used 615K, capacity 656K, committed 768K, reserved 1048576K
Event: 7.636 GC heap after
Heap after GC invocations=5 (full 0):
 PSYoungGen      total 138240K, used 5108K [0x00000000eab00000, 0x00000000fe700000, 0x0000000100000000)
  eden space 133120K, 0% used [0x00000000eab00000,0x00000000eab00000,0x00000000f2d00000)
  from space 5120K, 99% used [0x00000000f2d00000,0x00000000f31fd310,0x00000000f3200000)
  to   space 28672K, 0% used [0x00000000fcb00000,0x00000000fcb00000,0x00000000fe700000)
 ParOldGen       total 87552K, used 44076K [0x00000000c0000000, 0x00000000c5580000, 0x00000000eab00000)
  object space 87552K, 50% used [0x00000000c0000000,0x00000000c2b0b320,0x00000000c5580000)
 Metaspace       used 6453K, capacity 7256K, committed 7424K, reserved 1056768K
  class space    used 615K, capacity 656K, committed 768K, reserved 1048576K
}
Event: 8.683 GC heap before
{Heap before GC invocations=6 (full 0):
 PSYoungGen      total 138240K, used 138228K [0x00000000eab00000, 0x00000000fe700000, 0x0000000100000000)
  eden space 133120K, 100% used [0x00000000eab00000,0x00000000f2d00000,0x00000000f2d00000)
  from space 5120K, 99% used [0x00000000f2d00000,0x00000000f31fd310,0x00000000f3200000)
  to   space 28672K, 0% used [0x00000000fcb00000,0x00000000fcb00000,0x00000000fe700000)
 ParOldGen       total 87552K, used 44076K [0x00000000c0000000, 0x00000000c5580000, 0x00000000eab00000)
  object space 87552K, 50% used [0x00000000c0000000,0x00000000c2b0b320,0x00000000c5580000)
 Metaspace       used 6463K, capacity 7256K, committed 7424K, reserved 1056768K
  class space    used 615K, capacity 656K, committed 768K, reserved 1048576K
Event: 8.897 GC heap after
Heap after GC invocations=6 (full 0):
 PSYoungGen      total 290816K, used 25030K [0x00000000eab00000, 0x00000000fef00000, 0x0000000100000000)
  eden space 262144K, 0% used [0x00000000eab00000,0x00000000eab00000,0x00000000fab00000)
  from space 28672K, 87% used [0x00000000fcb00000,0x00000000fe371a70,0x00000000fe700000)
  to   space 32768K, 0% used [0x00000000fab00000,0x00000000fab00000,0x00000000fcb00000)
 ParOldGen       total 87552K, used 44084K [0x00000000c0000000, 0x00000000c5580000, 0x00000000eab00000)
  object space 87552K, 50% used [0x00000000c0000000,0x00000000c2b0d320,0x00000000c5580000)
 Metaspace       used 6463K, capacity 7256K, committed 7424K, reserved 1056768K
  class space    used 615K, capacity 656K, committed 768K, reserved 1048576K
}

Deoptimization events (10 events):
Event: 8.069 Thread 0x0000000008a5c800 Uncommon trap: reason=class_check action=maybe_recompile pc=0x000000000f941d10 method=com.android.dx.cf.code.BytecodeArray.parseInstruction(ILcom/android/dx/cf/code/BytecodeArray$Visitor;)I @ 1417
Event: 8.069 Thread 0x0000000008a5c800 Uncommon trap: reason=class_check action=maybe_recompile pc=0x000000000f94220c method=com.android.dx.cf.code.BytecodeArray.parseInstruction(ILcom/android/dx/cf/code/BytecodeArray$Visitor;)I @ 1807
Event: 9.249 Thread 0x000000000218d800 Uncommon trap: reason=unstable_if action=reinterpret pc=0x000000000f674354 method=java.util.HashMap.resize()[Ljava/util/HashMap$Node; @ 206
Event: 10.154 Thread 0x0000000008ac7800 Uncommon trap: reason=bimorphic action=maybe_recompile pc=0x000000000f9ffaf8 method=com.android.dx.cf.code.BytecodeArray.parseInstruction(ILcom/android/dx/cf/code/BytecodeArray$Visitor;)I @ 939
Event: 10.154 Thread 0x0000000008ac7800 Uncommon trap: reason=bimorphic action=maybe_recompile pc=0x000000000f9ffaf8 method=com.android.dx.cf.code.BytecodeArray.parseInstruction(ILcom/android/dx/cf/code/BytecodeArray$Visitor;)I @ 939
Event: 10.725 Thread 0x000000000218d800 Uncommon trap: reason=class_check action=maybe_recompile pc=0x000000000f488cc8 method=java.util.Arrays.hashCode([Ljava/lang/Object;)I @ 43
Event: 10.725 Thread 0x000000000218d800 Uncommon trap: reason=class_check action=maybe_recompile pc=0x000000000f488cc8 method=java.util.Arrays.hashCode([Ljava/lang/Object;)I @ 43
Event: 10.726 Thread 0x000000000218d800 Uncommon trap: reason=class_check action=maybe_recompile pc=0x000000000f488cc8 method=java.util.Arrays.hashCode([Ljava/lang/Object;)I @ 43
Event: 10.726 Thread 0x000000000218d800 Uncommon trap: reason=class_check action=maybe_recompile pc=0x000000000f488cc8 method=java.util.Arrays.hashCode([Ljava/lang/Object;)I @ 43
Event: 10.726 Thread 0x000000000218d800 Uncommon trap: reason=class_check action=maybe_recompile pc=0x000000000f4892b4 method=java.util.Arrays.hashCode([Ljava/lang/Object;)I @ 43

Internal exceptions (7 events):
Event: 0.110 Thread 0x000000000218d800 Exception <a 'java/lang/NoSuchMethodError': Method sun.misc.Unsafe.defineClass(Ljava/lang/String;[BII)Ljava/lang/Class; name or signature does not match> (0x00000000eab0daf0) thrown at [C:\re\workspace\8-2-build-windows-amd64-cygwin\jdk8u51\3951\hotspot\srx¥ªH¼?
Event: 0.110 Thread 0x000000000218d800 Exception <a 'java/lang/NoSuchMethodError': Method sun.misc.Unsafe.prefetchRead(Ljava/lang/Object;J)V name or signature does not match> (0x00000000eab0dd80) thrown at [C:\re\workspace\8-2-build-windows-amd64-cygwin\jdk8u51\3951\hotspot\src\share\vm\prims\j Œº^@5@
Event: 3.901 Thread 0x0000000008a5c800 Implicit null exception at 0x000000000f3917a2 to 0x000000000f3918a1
Event: 7.097 Thread 0x000000000218d800 Implicit null exception at 0x000000000f574334 to 0x000000000f575a99
Event: 7.343 Thread 0x0000000008a58000 Exception <a 'java/lang/ArrayIndexOutOfBoundsException': 18> (0x00000000efd22428) thrown at [C:\re\workspace\8-2-build-windows-amd64-cygwin\jdk8u51\3951\hotspot\src\share\vm\interpreter\interpreterRuntime.cpp, line 366]
Event: 7.345 Thread 0x0000000008a58000 Exception <a 'java/lang/ArrayIndexOutOfBoundsException': 145> (0x00000000efd23ef8) thrown at [C:\re\workspace\8-2-build-windows-amd64-cygwin\jdk8u51\3951\hotspot\src\share\vm\interpreter\interpreterRuntime.cpp, line 366]
Event: 7.347 Thread 0x0000000008a58000 Exception <a 'java/lang/ArrayIndexOutOfBoundsException'> (0x00000000efd25130) thrown at [C:\re\workspace\8-2-build-windows-amd64-cygwin\jdk8u51\3951\hotspot\src\share\vm\runtime\sharedRuntime.cpp, line 605]

Events (10 events):
Event: 11.866 loading class com/android/dx/dex/code/DalvInsnList
Event: 11.866 loading class com/android/dx/dex/code/DalvInsnList done
Event: 11.867 loading class com/android/dx/dex/code/PositionList
Event: 11.867 loading class com/android/dx/dex/code/PositionList done
Event: 11.867 loading class com/android/dx/dex/code/PositionList$Entry
Event: 11.867 loading class com/android/dx/dex/code/PositionList$Entry done
Event: 11.868 loading class com/android/dx/dex/code/LocalList
Event: 11.868 loading class com/android/dx/dex/code/LocalList done
Event: 11.869 loading class com/android/dx/dex/code/LocalList$MakeState
Event: 11.869 loading class com/android/dx/dex/code/LocalList$MakeState done


Dynamic libraries:
0x00007ff630db0000 - 0x00007ff630de7000 	C:\Program Files\Java\jdk1.8.0_51\bin\java.exe
0x00007ff9eb070000 - 0x00007ff9eb231000 	C:\WINDOWS\SYSTEM32\ntdll.dll
0x00007ff9e8e50000 - 0x00007ff9e8efd000 	C:\WINDOWS\system32\KERNEL32.DLL
0x00007ff9e7890000 - 0x00007ff9e7a78000 	C:\WINDOWS\system32\KERNELBASE.dll
0x00007ff9e8790000 - 0x00007ff9e8837000 	C:\WINDOWS\system32\ADVAPI32.dll
0x00007ff9eafd0000 - 0x00007ff9eb06d000 	C:\WINDOWS\system32\msvcrt.dll
0x00007ff9e8510000 - 0x00007ff9e856b000 	C:\WINDOWS\system32\sechost.dll
0x00007ff9e9040000 - 0x00007ff9e915c000 	C:\WINDOWS\system32\RPCRT4.dll
0x00007ff9e8a70000 - 0x00007ff9e8bc6000 	C:\WINDOWS\system32\USER32.dll
0x00007ff9e9160000 - 0x00007ff9e92e6000 	C:\WINDOWS\system32\GDI32.dll
0x00007ff9e3510000 - 0x00007ff9e3784000 	C:\WINDOWS\WinSxS\amd64_microsoft.windows.common-controls_6595b64144ccf1df_6.0.10586.0_none_8c15ae12515e1c22\COMCTL32.dll
0x00007ff9e8bd0000 - 0x00007ff9e8e4d000 	C:\WINDOWS\system32\combase.dll
0x00007ff9e7700000 - 0x00007ff9e776a000 	C:\WINDOWS\system32\bcryptPrimitives.dll
0x00007ff9e8750000 - 0x00007ff9e878b000 	C:\WINDOWS\system32\IMM32.DLL
0x00007ff9e60a0000 - 0x00007ff9e60d1000 	C:\Windows\system32\nvinitx.dll
0x00007ff9e6090000 - 0x00007ff9e609a000 	C:\WINDOWS\SYSTEM32\VERSION.dll
0x000000000f000000 - 0x000000000f006000 	C:\Program Files\NVIDIA Corporation\CoProcManager\_etoured.dll
0x00007ff9e56e0000 - 0x00007ff9e5712000 	C:\Program Files\NVIDIA Corporation\CoProcManager\nvd3d9wrapx.dll
0x00007ff9e94b0000 - 0x00007ff9e98d9000 	C:\WINDOWS\system32\SETUPAPI.dll
0x00007ff9e7790000 - 0x00007ff9e77d3000 	C:\WINDOWS\system32\CFGMGR32.dll
0x00007ff9e5370000 - 0x00007ff9e5392000 	C:\Program Files\NVIDIA Corporation\CoProcManager\nvdxgiwrapx.dll
0x0000000060980000 - 0x0000000060a52000 	C:\Program Files\Java\jdk1.8.0_51\jre\bin\msvcr100.dll
0x0000000061280000 - 0x0000000061b03000 	C:\Program Files\Java\jdk1.8.0_51\jre\bin\server\jvm.dll
0x00007ff9e92f0000 - 0x00007ff9e92f8000 	C:\WINDOWS\system32\PSAPI.DLL
0x00007ff9db690000 - 0x00007ff9db699000 	C:\WINDOWS\SYSTEM32\WSOCK32.dll
0x00007ff9eaf60000 - 0x00007ff9eafcb000 	C:\WINDOWS\system32\WS2_32.dll
0x00007ff9e5650000 - 0x00007ff9e5673000 	C:\WINDOWS\SYSTEM32\WINMM.dll
0x00007ff9e55f0000 - 0x00007ff9e561c000 	C:\WINDOWS\SYSTEM32\WINMMBASE.dll
0x0000000061d80000 - 0x0000000061d8f000 	C:\Program Files\Java\jdk1.8.0_51\jre\bin\verify.dll
0x0000000061d50000 - 0x0000000061d79000 	C:\Program Files\Java\jdk1.8.0_51\jre\bin\java.dll
0x0000000061d30000 - 0x0000000061d46000 	C:\Program Files\Java\jdk1.8.0_51\jre\bin\zip.dll
0x00007ff9e98e0000 - 0x00007ff9eae3c000 	C:\WINDOWS\system32\SHELL32.dll
0x00007ff9e7e00000 - 0x00007ff9e8445000 	C:\WINDOWS\system32\windows.storage.dll
0x00007ff9e84b0000 - 0x00007ff9e8502000 	C:\WINDOWS\system32\shlwapi.dll
0x00007ff9e7670000 - 0x00007ff9e767f000 	C:\WINDOWS\system32\kernel.appcore.dll
0x00007ff9e7d40000 - 0x00007ff9e7df5000 	C:\WINDOWS\system32\shcore.dll
0x00007ff9e7680000 - 0x00007ff9e76cb000 	C:\WINDOWS\system32\powrprof.dll
0x00007ff9e76e0000 - 0x00007ff9e76f4000 	C:\WINDOWS\system32\profapi.dll
0x00007ff9dc000000 - 0x00007ff9dc18c000 	C:\WINDOWS\SYSTEM32\dbghelp.dll

VM Arguments:
jvm_args: -Djava.awt.headless=true -Xmx1024M -Dfile.encoding=windows-1252 -Duser.country=US -Duser.language=en -Duser.variant 
java_command: com.android.dx.command.Main --dex --num-threads=4 --output C:\Users\Omar\EDA397_2016_Group5\PairProgrammingApp\app\build\intermediates\pre-dexed\debug\com.android.support-support-v4-23.2.1_3f4b979ab7c0db0380eb8ab2c0d81e0b9d0fd568.jar C:\Users\Omar\EDA397_2016_Group5\PairProgrammingApp\app\build\intermediates\exploded-aar\com.android.support\support-v4\23.2.1\jars\classes.jar
java_class_path (initial): C:\Users\Omar\AppData\Local\Android\sdk\build-tools\23.0.2\lib\dx.jar
Launcher Type: SUN_STANDARD

Environment Variables:
JAVA_HOME=C:\Program Files\Java\jdk1.8.0_51
PATH=C:\Program Files\Haskell\bin;C:\Program Files\Haskell Platform\7.10.3\lib\extralibs\bin;C:\Program Files\Haskell Platform\7.10.3\bin;C:\Ruby22-x64\bin;C:\Program Files\Common Files\Microsoft Shared\Windows Live;C:\Program Files (x86)\Common Files\Microsoft Shared\Windows Live;C:\ProgramData\Oracle\Java\javapath;C:\Windows\system32;C:\Windows;C:\Windows\System32\Wbem;C:\Windows\System32\WindowsPowerShell\v1.0\;C:\Program Files (x86)\Windows Live\Shared;C:\Program Files\nodejs;C:\Program Files\Java\jdk1.8.0_51\bin;C:\Users\Omar\Desktop\SonarQube\sonar-runner-2.4\bin;C:\Program Files (x86)\NVIDIA Corporation\PhysX\Common;C:\WINDOWS\system32\config\systemprofile\.dnx\bin;C:\Program Files\Microsoft DNX\Dnvm\;C:\Program Files\IBM\SPSS\Statistics\22\JRE\bin;C:\Program Files (x86)\Skype\Phone\;C:\Program Files\nodejs\;C:\Program Files\Git\cmd;C:\Program Files\Git\mingw64\bin;C:\Program Files\Git\usr\bin;C:\Program Files\WIDCOMM\Bluetooth Software\;C:\Program Files\WIDCOMM\Bluetooth Software\syswow64;C:\Program Files (x86)\SoundWire Server;C:\WINDOWS\system32;C:\WINDOWS;C:\WINDOWS\System32\Wbem;C:\WINDOWS\System32\WindowsPowerShell\v1.0\;C:\Program Files\Haskell Platform\7.10.3\mingw\bin;C:\Users\Omar\AppData\Roaming\cabal\bin;C:\MinGW\bin;C:\Gtk+\bin;C:\ThreadScope\threadscope-0.2.2\bin;C:\cygwin\bin;C:\Users\Omar\AppData\Roaming\cabal\bin;C:\Users\Omar\AppData\Roaming\npm;C:\Program Files (x86)\Gtk+\bin
USERNAME=Omar
OS=Windows_NT
PROCESSOR_IDENTIFIER=Intel64 Family 6 Model 42 Stepping 7, GenuineIntel



---------------  S Y S T E M  ---------------

OS: Windows 10.0 , 64 bit Build 10586 (10.0.10586.0)

CPU:total 8 (4 cores per cpu, 2 threads per core) family 6 model 42 stepping 7, cmov, cx8, fxsr, mmx, sse, sse2, sse3, ssse3, sse4.1, sse4.2, popcnt, avx, aes, clmul, ht, tsc, tscinvbit

Memory: 4k page, physical 8335212k(1557004k free), swap 10294124k(4168k free)

vm_info: Java HotSpot(TM) 64-Bit Server VM (25.51-b03) for windows-amd64 JRE (1.8.0_51-b16), built on Jun  8 2015 18:03:07 by "java_re" with MS VC++ 10.0 (VS2010)

time: Tue May 03 23:49:32 2016
elapsed time: 11 seconds (0d 0h 0m 11s)

