#
# There is insufficient memory for the Java Runtime Environment to continue.
# Native memory allocation (malloc) failed to allocate 798256 bytes for Chunk::new
# Possible reasons:
#   The system is out of physical RAM or swap space
#   In 32 bit mode, the process size limit was hit
# Possible solutions:
#   Reduce memory load on the system
#   Increase physical memory or swap space
#   Check if swap backing store is full
#   Use 64 bit Java on a 64 bit OS
#   Decrease Java heap size (-Xmx/-Xms)
#   Decrease number of Java threads
#   Decrease Java thread stack sizes (-Xss)
#   Set larger code cache with -XX:ReservedCodeCacheSize=
# This output file may be truncated or incomplete.
#
#  Out of Memory Error (allocation.cpp:390), pid=9184, tid=4168
#
# JRE version: Java(TM) SE Runtime Environment (8.0_51-b16) (build 1.8.0_51-b16)
# Java VM: Java HotSpot(TM) 64-Bit Server VM (25.51-b03 mixed mode windows-amd64 compressed oops)
# Failed to write core dump. Minidumps are not enabled by default on client versions of Windows
#

---------------  T H R E A D  ---------------

Current thread (0x00000000084b9800):  JavaThread "C2 CompilerThread0" daemon [_thread_in_native, id=4168, stack(0x0000000008a90000,0x0000000008b90000)]

Stack: [0x0000000008a90000,0x0000000008b90000]
Native frames: (J=compiled Java code, j=interpreted, Vv=VM code, C=native code)
V  [jvm.dll+0x32b4ca]
V  [jvm.dll+0x2797e3]
V  [jvm.dll+0x27a479]
V  [jvm.dll+0x271765]
V  [jvm.dll+0xcba02]
V  [jvm.dll+0xcbecc]
V  [jvm.dll+0x476f72]
V  [jvm.dll+0x4b95ff]
V  [jvm.dll+0x46c011]
V  [ntdll.dll+0x46cd4e]
V  [RPCRT4.dll+0x4501a2]
V  [jvm.dll+0xa43a2]
V  [jvm.dll+0xa4cdf]
V  [jvm.dll+0x2418a4]
V  [jvm.dll+0x29846a]
C  [msvcr100.dll+0x21d9f]
C  [msvcr100.dll+0x21e3b]
C  [KERNEL32.DLL+0x18102]
C  [ntdll.dll+0x5c5b4]


Current CompileTask:
C2:    601  554       4       com.android.dx.merge.IndexMap$EncodedValueTransformer::transform (495 bytes)


---------------  P R O C E S S  ---------------

Java Threads: ( => current thread )
  0x0000000008559800 JavaThread "Service Thread" daemon [_thread_blocked, id=6948, stack(0x0000000008e90000,0x0000000008f90000)]
  0x00000000084ca800 JavaThread "C1 CompilerThread3" daemon [_thread_blocked, id=11368, stack(0x0000000008d90000,0x0000000008e90000)]
  0x00000000084c2800 JavaThread "C2 CompilerThread2" daemon [_thread_in_native, id=6248, stack(0x0000000008c90000,0x0000000008d90000)]
  0x00000000084be800 JavaThread "C2 CompilerThread1" daemon [_thread_in_native, id=5668, stack(0x0000000008b90000,0x0000000008c90000)]
=>0x00000000084b9800 JavaThread "C2 CompilerThread0" daemon [_thread_in_native, id=4168, stack(0x0000000008a90000,0x0000000008b90000)]
  0x00000000084b6800 JavaThread "Attach Listener" daemon [_thread_blocked, id=4456, stack(0x0000000008990000,0x0000000008a90000)]
  0x00000000084b5800 JavaThread "Signal Dispatcher" daemon [_thread_blocked, id=2404, stack(0x0000000008890000,0x0000000008990000)]
  0x00000000022fa000 JavaThread "Finalizer" daemon [_thread_blocked, id=8728, stack(0x0000000007d30000,0x0000000007e30000)]
  0x00000000022f3000 JavaThread "Reference Handler" daemon [_thread_blocked, id=8864, stack(0x0000000007c30000,0x0000000007d30000)]
  0x00000000021fe800 JavaThread "main" [_thread_in_Java, id=11784, stack(0x00000000020f0000,0x00000000021f0000)]

Other Threads:
  0x0000000005e49800 VMThread [stack: 0x0000000007b30000,0x0000000007c30000] [id=4056]
  0x000000000855a800 WatcherThread [stack: 0x0000000008f90000,0x0000000009090000] [id=1900]

VM state:not at safepoint (normal execution)

VM Mutex/Monitor currently owned by a thread: None

Heap:
 PSYoungGen      total 38400K, used 22457K [0x00000000eab00000, 0x00000000ef600000, 0x0000000100000000)
  eden space 33280K, 52% used [0x00000000eab00000,0x00000000ebbf1520,0x00000000ecb80000)
  from space 5120K, 99% used [0x00000000ecb80000,0x00000000ed07d140,0x00000000ed080000)
  to   space 5120K, 0% used [0x00000000ef100000,0x00000000ef100000,0x00000000ef600000)
 ParOldGen       total 87552K, used 27829K [0x00000000c0000000, 0x00000000c5580000, 0x00000000eab00000)
  object space 87552K, 31% used [0x00000000c0000000,0x00000000c1b2d788,0x00000000c5580000)
 Metaspace       used 4133K, capacity 5232K, committed 5376K, reserved 1056768K
  class space    used 436K, capacity 488K, committed 512K, reserved 1048576K

Card table byte_map: [0x00000000026d0000,0x00000000028e0000] byte_map_base: 0x00000000020d0000

Marking Bits: (ParMarkBitMap*) 0x000000006df94040
 Begin Bits: [0x0000000003240000, 0x0000000004240000)
 End Bits:   [0x0000000004240000, 0x0000000005240000)

Polling page: 0x0000000000aa0000

CodeCache: size=245760Kb used=2617Kb max_used=2629Kb free=243142Kb
 bounds [0x000000000f010000, 0x000000000f2b0000, 0x000000001e010000]
 total_blobs=905 nmethods=648 adapters=169
 compilation: enabled

Compilation events (10 events):
Event: 0.565 Thread 0x00000000084be800 nmethod 556 0x000000000f27ced0 code [0x000000000f27d040, 0x000000000f27d778]
Event: 0.565 Thread 0x00000000084be800  581       4       java.util.HashMap::putVal (300 bytes)
Event: 0.565 Thread 0x00000000084ca800 nmethod 584 0x000000000f279e10 code [0x000000000f279fc0, 0x000000000f27a5c8]
Event: 0.565 Thread 0x00000000084ca800  586       3       com.android.dx.merge.IndexMap::adjustMethod (10 bytes)
Event: 0.565 Thread 0x00000000084ca800 nmethod 586 0x000000000f25abd0 code [0x000000000f25ad20, 0x000000000f25aeb0]
Event: 0.565 Thread 0x00000000084ca800  588       3       com.android.dx.merge.IndexMap::putAnnotationDirectoryOffset (33 bytes)
Event: 0.566 Thread 0x00000000084ca800 nmethod 588 0x000000000f27bbd0 code [0x000000000f27bde0, 0x000000000f27c8a8]
Event: 0.567 Thread 0x00000000084ca800  601       3       com.android.dex.EncodedValueReader::readArray (19 bytes)
Event: 0.567 Thread 0x00000000084ca800 nmethod 601 0x000000000f25c810 code [0x000000000f25c980, 0x000000000f25cb58]
Event: 0.567 Thread 0x00000000084ca800  598       3       com.android.dex.EncodedValueReader::<init> (10 bytes)

GC Heap History (2 events):
Event: 0.389 GC heap before
{Heap before GC invocations=1 (full 0):
 PSYoungGen      total 38400K, used 33280K [0x00000000eab00000, 0x00000000ed580000, 0x0000000100000000)
  eden space 33280K, 100% used [0x00000000eab00000,0x00000000ecb80000,0x00000000ecb80000)
  from space 5120K, 0% used [0x00000000ed080000,0x00000000ed080000,0x00000000ed580000)
  to   space 5120K, 0% used [0x00000000ecb80000,0x00000000ecb80000,0x00000000ed080000)
 ParOldGen       total 87552K, used 0K [0x00000000c0000000, 0x00000000c5580000, 0x00000000eab00000)
  object space 87552K, 0% used [0x00000000c0000000,0x00000000c0000000,0x00000000c5580000)
 Metaspace       used 3760K, capacity 4944K, committed 5120K, reserved 1056768K
  class space    used 407K, capacity 456K, committed 512K, reserved 1048576K
Event: 0.399 GC heap after
Heap after GC invocations=1 (full 0):
 PSYoungGen      total 38400K, used 5108K [0x00000000eab00000, 0x00000000ef600000, 0x0000000100000000)
  eden space 33280K, 0% used [0x00000000eab00000,0x00000000eab00000,0x00000000ecb80000)
  from space 5120K, 99% used [0x00000000ecb80000,0x00000000ed07d140,0x00000000ed080000)
  to   space 5120K, 0% used [0x00000000ef100000,0x00000000ef100000,0x00000000ef600000)
 ParOldGen       total 87552K, used 27829K [0x00000000c0000000, 0x00000000c5580000, 0x00000000eab00000)
  object space 87552K, 31% used [0x00000000c0000000,0x00000000c1b2d788,0x00000000c5580000)
 Metaspace       used 3760K, capacity 4944K, committed 5120K, reserved 1056768K
  class space    used 407K, capacity 456K, committed 512K, reserved 1048576K
}

Deoptimization events (10 events):
Event: 0.499 Thread 0x00000000021fe800 Uncommon trap: reason=predicate action=maybe_recompile pc=0x000000000f1bdc88 method=com.android.dex.Leb128.writeUnsignedLeb128(Lcom/android/dex/util/ByteOutput;I)V @ 9
Event: 0.499 Thread 0x00000000021fe800 Uncommon trap: reason=class_check action=maybe_recompile pc=0x000000000f1c0b74 method=com.android.dex.Leb128.readUnsignedLeb128(Lcom/android/dex/util/ByteInput;)I @ 5
Event: 0.499 Thread 0x00000000021fe800 Uncommon trap: reason=class_check action=maybe_recompile pc=0x000000000f1c0b74 method=com.android.dex.Leb128.readUnsignedLeb128(Lcom/android/dex/util/ByteInput;)I @ 5
Event: 0.514 Thread 0x00000000021fe800 Uncommon trap: reason=predicate action=maybe_recompile pc=0x000000000f243b24 method=com.android.dex.Leb128.readUnsignedLeb128(Lcom/android/dex/util/ByteInput;)I @ 41
Event: 0.532 Thread 0x00000000021fe800 Uncommon trap: reason=class_check action=maybe_recompile pc=0x000000000f1f195c method=com.android.dx.merge.DexMerger$IdMerger$UnsortedValue.compareTo(Lcom/android/dx/merge/DexMerger$IdMerger$UnsortedValue;)I @ 8
Event: 0.532 Thread 0x00000000021fe800 Uncommon trap: reason=class_check action=maybe_recompile pc=0x000000000f1f195c method=com.android.dx.merge.DexMerger$IdMerger$UnsortedValue.compareTo(Lcom/android/dx/merge/DexMerger$IdMerger$UnsortedValue;)I @ 8
Event: 0.532 Thread 0x00000000021fe800 Uncommon trap: reason=class_check action=maybe_recompile pc=0x000000000f1f195c method=com.android.dx.merge.DexMerger$IdMerger$UnsortedValue.compareTo(Lcom/android/dx/merge/DexMerger$IdMerger$UnsortedValue;)I @ 8
Event: 0.532 Thread 0x00000000021fe800 Uncommon trap: reason=class_check action=maybe_recompile pc=0x000000000f1f195c method=com.android.dx.merge.DexMerger$IdMerger$UnsortedValue.compareTo(Lcom/android/dx/merge/DexMerger$IdMerger$UnsortedValue;)I @ 8
Event: 0.532 Thread 0x00000000021fe800 Uncommon trap: reason=class_check action=maybe_recompile pc=0x000000000f1f92f8 method=com.android.dx.merge.DexMerger$IdMerger$UnsortedValue.compareTo(Lcom/android/dx/merge/DexMerger$IdMerger$UnsortedValue;)I @ 8
Event: 0.562 Thread 0x00000000021fe800 Uncommon trap: reason=unstable_if action=reinterpret pc=0x000000000f25aa1c method=com.android.dex.EncodedValueCodec.readUnsignedInt(Lcom/android/dex/util/ByteInput;IZ)I @ 3

Internal exceptions (2 events):
Event: 0.042 Thread 0x00000000021fe800 Exception <a 'java/lang/NoSuchMethodError': Method sun.misc.Unsafe.defineClass(Ljava/lang/String;[BII)Ljava/lang/Class; name or signature does not match> (0x00000000eab0e6a8) thrown at [C:\re\workspace\8-2-build-windows-amd64-cygwin\jdk8u51\3951\hotspot\srnê\sŒP¥?
Event: 0.042 Thread 0x00000000021fe800 Exception <a 'java/lang/NoSuchMethodError': Method sun.misc.Unsafe.prefetchRead(Ljava/lang/Object;J)V name or signature does not match> (0x00000000eab0e938) thrown at [C:\re\workspace\8-2-build-windows-amd64-cygwin\jdk8u51\3951\hotspot\src\share\vm\prims\j

Events (10 events):
Event: 0.532 Thread 0x00000000021fe800 DEOPT UNPACKING pc=0x000000000f05582a sp=0x00000000021eece0 mode 2
Event: 0.562 Thread 0x00000000021fe800 Uncommon trap: trap_request=0xffffff65 fr.pc=0x000000000f25aa1c
Event: 0.562 Thread 0x00000000021fe800 DEOPT PACKING pc=0x000000000f25aa1c sp=0x00000000021eee20
Event: 0.562 Thread 0x00000000021fe800 DEOPT UNPACKING pc=0x000000000f05582a sp=0x00000000021eedc0 mode 2
Event: 0.566 loading class com/android/dx/merge/SortableType
Event: 0.566 loading class com/android/dx/merge/SortableType done
Event: 0.566 loading class com/android/dex/Dex$ClassDefIterable
Event: 0.566 loading class com/android/dex/Dex$ClassDefIterable done
Event: 0.567 loading class com/android/dex/Dex$ClassDefIterator
Event: 0.567 loading class com/android/dex/Dex$ClassDefIterator done


Dynamic libraries:
0x00007ff68a6c0000 - 0x00007ff68a6f7000 	C:\Program Files\Java\jdk1.8.0_51\bin\java.exe
0x00007ff8728e0000 - 0x00007ff872aa1000 	C:\WINDOWS\SYSTEM32\ntdll.dll
0x00007ff870870000 - 0x00007ff87091d000 	C:\WINDOWS\system32\KERNEL32.DLL
0x00007ff86f650000 - 0x00007ff86f838000 	C:\WINDOWS\system32\KERNELBASE.dll
0x00007ff8709a0000 - 0x00007ff870a47000 	C:\WINDOWS\system32\ADVAPI32.dll
0x00007ff870670000 - 0x00007ff87070d000 	C:\WINDOWS\system32\msvcrt.dll
0x00007ff870920000 - 0x00007ff87097b000 	C:\WINDOWS\system32\sechost.dll
0x00007ff871fb0000 - 0x00007ff8720cc000 	C:\WINDOWS\system32\RPCRT4.dll
0x00007ff86fe10000 - 0x00007ff86ff66000 	C:\WINDOWS\system32\USER32.dll
0x00007ff872740000 - 0x00007ff8728c6000 	C:\WINDOWS\system32\GDI32.dll
0x00007ff86aca0000 - 0x00007ff86af14000 	C:\WINDOWS\WinSxS\amd64_microsoft.windows.common-controls_6595b64144ccf1df_6.0.10586.0_none_8c15ae12515e1c22\COMCTL32.dll
0x00007ff8723f0000 - 0x00007ff87266d000 	C:\WINDOWS\system32\combase.dll
0x00007ff86f5e0000 - 0x00007ff86f64a000 	C:\WINDOWS\system32\bcryptPrimitives.dll
0x00007ff870620000 - 0x00007ff87065b000 	C:\WINDOWS\system32\IMM32.DLL
0x00007ff86d910000 - 0x00007ff86d941000 	C:\Windows\system32\nvinitx.dll
0x00007ff86d900000 - 0x00007ff86d90a000 	C:\WINDOWS\SYSTEM32\VERSION.dll
0x000000000f000000 - 0x000000000f006000 	C:\Program Files\NVIDIA Corporation\CoProcManager\_etoured.dll
0x00007ff86c700000 - 0x00007ff86c732000 	C:\Program Files\NVIDIA Corporation\CoProcManager\nvd3d9wrapx.dll
0x00007ff86ffe0000 - 0x00007ff870409000 	C:\WINDOWS\system32\SETUPAPI.dll
0x00007ff86fbe0000 - 0x00007ff86fc23000 	C:\WINDOWS\system32\CFGMGR32.dll
0x00007ff86b330000 - 0x00007ff86b352000 	C:\Program Files\NVIDIA Corporation\CoProcManager\nvdxgiwrapx.dll
0x000000006d510000 - 0x000000006d5e2000 	C:\Program Files\Java\jdk1.8.0_51\jre\bin\msvcr100.dll
0x000000006d790000 - 0x000000006e013000 	C:\Program Files\Java\jdk1.8.0_51\jre\bin\server\jvm.dll
0x00007ff870660000 - 0x00007ff870668000 	C:\WINDOWS\system32\PSAPI.DLL
0x00007ff86d010000 - 0x00007ff86d033000 	C:\WINDOWS\SYSTEM32\WINMM.dll
0x00007ff863fd0000 - 0x00007ff863fd9000 	C:\WINDOWS\SYSTEM32\WSOCK32.dll
0x00007ff86ff70000 - 0x00007ff86ffdb000 	C:\WINDOWS\system32\WS2_32.dll
0x00007ff86cfe0000 - 0x00007ff86d00c000 	C:\WINDOWS\SYSTEM32\WINMMBASE.dll
0x000000006e270000 - 0x000000006e27f000 	C:\Program Files\Java\jdk1.8.0_51\jre\bin\verify.dll
0x000000006e240000 - 0x000000006e269000 	C:\Program Files\Java\jdk1.8.0_51\jre\bin\java.dll
0x000000006e220000 - 0x000000006e236000 	C:\Program Files\Java\jdk1.8.0_51\jre\bin\zip.dll
0x00007ff870a50000 - 0x00007ff871fac000 	C:\WINDOWS\system32\SHELL32.dll
0x0000000007e30000 - 0x0000000008475000 	C:\WINDOWS\system32\windows.storage.dll
0x00007ff8721a0000 - 0x00007ff8721f2000 	C:\WINDOWS\system32\shlwapi.dll
0x00007ff86ef10000 - 0x00007ff86ef1f000 	C:\WINDOWS\system32\kernel.appcore.dll
0x00007ff86f840000 - 0x00007ff86f8f5000 	C:\WINDOWS\system32\shcore.dll
0x00007ff86ef20000 - 0x00007ff86ef6b000 	C:\WINDOWS\system32\powrprof.dll
0x00007ff86eee0000 - 0x00007ff86eef4000 	C:\WINDOWS\system32\profapi.dll
0x00007ff864440000 - 0x00007ff8645cc000 	C:\WINDOWS\SYSTEM32\dbghelp.dll

VM Arguments:
jvm_args: -Djava.awt.headless=true -Xmx1024M -Dfile.encoding=windows-1252 -Duser.country=US -Duser.language=en -Duser.variant 
java_command: com.android.dx.command.Main --dex --num-threads=4 --output C:\Users\Omar\EDA397_2016_Group5\PairProgrammingApp\app\build\intermediates\transforms\dex\debug\folders\1000\1f\main C:\Users\Omar\EDA397_2016_Group5\PairProgrammingApp\app\build\intermediates\pre-dexed\debug\com.android.support-appcompat-v7-23.1.1_ed3201e04bf763b3bce4ba7343088107bdeb069a.jar C:\Users\Omar\EDA397_2016_Group5\PairProgrammingApp\app\build\intermediates\pre-dexed\debug\debug_519ef0e785d3a5321d58bc2d11c35a5a38f49643.jar C:\Users\Omar\EDA397_2016_Group5\PairProgrammingApp\app\build\intermediates\pre-dexed\debug\internal_impl-23.1.1_422a8a70293e7947fc9e3631ae2f6f3fcfd64c4f.jar C:\Users\Omar\EDA397_2016_Group5\PairProgrammingApp\app\build\intermediates\pre-dexed\debug\support-annotations-23.1.1_ff1eee94c9a6016a518afdc5b2b161747ec9666b.jar C:\Users\Omar\EDA397_2016_Group5\PairProgrammingApp\app\build\intermediates\pre-dexed\debug\com.android.support-support-v4-23.1.1_a8ab12dae0f981a61e016deefbf99b1610232ed4.jar C:\Users\Omar\EDA397_2016_Group5\PairProgrammingApp\app\build\intermediates\pre-dexed\debug\com.android.support-design-23.1.1_9547a8bea9afbea175f0011c1062ba9000c61e3b.jar C:\Users\Omar\EDA397_2016_Group5\PairProgrammingApp\app\build\intermediates\pre-dexed\debug\com.google.android.gms-play-services-basement-8.1.0_f45d3f987c8ec55d30b52821933c258ec5859ca5.jar C:\Users\Omar\EDA397_2016_Group5\PairProgrammingApp\app\build\intermediates\pre-dexed\debug\com.android.support-recyclerview-v7-23.1.1_70a164876d2012b2c2e29ca2252aecec331370a7.jar C:\Users\Omar\EDA397_2016_Group5\PairProgrammingApp\app\build\intermediates\pre-dexed\debug\com.google.android.gms-play-services-appindexing-8.1.0_24726b9231bb64bf00656d811418669c599da240.jar C:\Users\Omar\EDA397_2016_Group5\PairProgrammingApp\app\build\intermediates\pre-dexed\debug\library-1.0.11_5903fa4b4946f500e38641babfaeffc114ecda55.jar
java_class_path (initial): C:\Users\Omar\AppData\Local\Android\sdk\build-tools\23.0.2\lib\dx.jar
Launcher Type: SUN_STANDARD

Environment Variables:
JAVA_HOME=C:\Program Files\Java\jdk1.8.0_51
PATH=C:\Program Files\Haskell\bin;C:\Program Files\Haskell Platform\7.10.3\lib\extralibs\bin;C:\Program Files\Haskell Platform\7.10.3\bin;C:\Ruby22-x64\bin;C:\Program Files\Common Files\Microsoft Shared\Windows Live;C:\Program Files (x86)\Common Files\Microsoft Shared\Windows Live;C:\ProgramData\Oracle\Java\javapath;C:\Windows\system32;C:\Windows;C:\Windows\System32\Wbem;C:\Windows\System32\WindowsPowerShell\v1.0\;C:\Program Files (x86)\Windows Live\Shared;C:\Program Files\nodejs;C:\Program Files\Java\jdk1.8.0_51\bin;C:\Users\Omar\Desktop\SonarQube\sonar-runner-2.4\bin;C:\Program Files (x86)\NVIDIA Corporation\PhysX\Common;C:\WINDOWS\system32\config\systemprofile\.dnx\bin;C:\Program Files\Microsoft DNX\Dnvm\;C:\Program Files\IBM\SPSS\Statistics\22\JRE\bin;C:\Program Files (x86)\Skype\Phone\;C:\Program Files\nodejs\;C:\Program Files\Git\cmd;C:\Program Files\Git\mingw64\bin;C:\Program Files\Git\usr\bin;C:\Program Files\WIDCOMM\Bluetooth Software\;C:\Program Files\WIDCOMM\Bluetooth Software\syswow64;C:\Program Files (x86)\SoundWire Server;C:\WINDOWS\system32;C:\WINDOWS;C:\WINDOWS\System32\Wbem;C:\WINDOWS\System32\WindowsPowerShell\v1.0\;C:\Program Files\Haskell Platform\7.10.3\mingw\bin;C:\Users\Omar\AppData\Roaming\cabal\bin;C:\MinGW\bin;C:\Gtk+\bin;C:\ThreadScope\threadscope-0.2.2\bin;C:\cygwin\bin;C:\Users\Omar\AppData\Roaming\cabal\bin;C:\Users\Omar\AppData\Roaming\npm;C:\Program Files (x86)\Gtk+\bin
USERNAME=Omar
OS=Windows_NT
PROCESSOR_IDENTIFIER=Intel64 Family 6 Model 42 Stepping 7, GenuineIntel



---------------  S Y S T E M  ---------------

OS: Windows 10.0 , 64 bit Build 10586 (10.0.10586.0)

CPU:total 8 (4 cores per cpu, 2 threads per core) family 6 model 42 stepping 7, cmov, cx8, fxsr, mmx, sse, sse2, sse3, ssse3, sse4.1, sse4.2, popcnt, avx, aes, clmul, ht, tsc, tscinvbit

Memory: 4k page, physical 8335212k(1579484k free), swap 10294124k(4260k free)

vm_info: Java HotSpot(TM) 64-Bit Server VM (25.51-b03) for windows-amd64 JRE (1.8.0_51-b16), built on Jun  8 2015 18:03:07 by "java_re" with MS VC++ 10.0 (VS2010)

time: Thu Apr 28 20:22:58 2016
elapsed time: 0 seconds (0d 0h 0m 0s)

