#
# There is insufficient memory for the Java Runtime Environment to continue.
# Native memory allocation (malloc) failed to allocate 427216 bytes for Chunk::new
# Possible reasons:
#   The system is out of physical RAM or swap space
#   In 32 bit mode, the process size limit was hit
# Possible solutions:
#   Reduce memory load on the system
#   Increase physical memory or swap space
#   Check if swap backing store is full
#   Use 64 bit Java on a 64 bit OS
#   Decrease Java heap size (-Xmx/-Xms)
#   Decrease number of Java threads
#   Decrease Java thread stack sizes (-Xss)
#   Set larger code cache with -XX:ReservedCodeCacheSize=
# This output file may be truncated or incomplete.
#
#  Out of Memory Error (allocation.cpp:390), pid=10840, tid=1528
#
# JRE version: Java(TM) SE Runtime Environment (8.0_51-b16) (build 1.8.0_51-b16)
# Java VM: Java HotSpot(TM) 64-Bit Server VM (25.51-b03 mixed mode windows-amd64 compressed oops)
# Failed to write core dump. Minidumps are not enabled by default on client versions of Windows
#

---------------  T H R E A D  ---------------

Current thread (0x0000000007ed9000):  JavaThread "C2 CompilerThread0" daemon [_thread_in_native, id=1528, stack(0x00000000084b0000,0x00000000085b0000)]

Stack: [0x00000000084b0000,0x00000000085b0000]
Native frames: (J=compiled Java code, j=interpreted, Vv=VM code, C=native code)
V  [jvm.dll+0x32b4ca]
V  [jvm.dll+0x2797e3]
V  [jvm.dll+0x27a479]
V  [jvm.dll+0x271765]
V  [jvm.dll+0xcba02]
V  [jvm.dll+0xcbecc]
V  [jvm.dll+0x492a7c]
V  [jvm.dll+0x45f98a]
V  [jvm.dll+0x46a7cb]
V  [jvm.dll+0x46cde2]
V  [jvm.dll+0x4501a2]
V  [jvm.dll+0xa43a2]
V  [jvm.dll+0xa4cdf]
V  [jvm.dll+0x2418a4]
V  [jvm.dll+0x29846a]
C  [msvcr100.dll+0x21d9f]
C  [msvcr100.dll+0x21e3b]
C  [KERNEL32.DLL+0x18102]
C  [ntdll.dll+0x5c5b4]


Current CompileTask:
C2:   4682 1647       4       com.android.dx.ssa.DeadCodeRemover::isCircularNoSideEffect (140 bytes)


---------------  P R O C E S S  ---------------

Java Threads: ( => current thread )
  0x00000000081d5800 JavaThread "pool-1-thread-4" [_thread_blocked, id=12448, stack(0x00000000096b0000,0x00000000097b0000)]
  0x00000000081d5000 JavaThread "pool-1-thread-3" [_thread_blocked, id=12320, stack(0x00000000095b0000,0x00000000096b0000)]
  0x00000000081d2000 JavaThread "pool-1-thread-2" [_thread_blocked, id=12480, stack(0x00000000094b0000,0x00000000095b0000)]
  0x00000000081d0800 JavaThread "pool-2-thread-1" [_thread_blocked, id=2432, stack(0x00000000093b0000,0x00000000094b0000)]
  0x00000000081cd800 JavaThread "pool-1-thread-1" [_thread_blocked, id=12428, stack(0x00000000092b0000,0x00000000093b0000)]
  0x0000000007f3f800 JavaThread "Service Thread" daemon [_thread_blocked, id=12240, stack(0x00000000088b0000,0x00000000089b0000)]
  0x0000000007f3a800 JavaThread "C1 CompilerThread3" daemon [_thread_in_vm, id=12564, stack(0x00000000087b0000,0x00000000088b0000)]
  0x0000000007f37800 JavaThread "C2 CompilerThread2" daemon [_thread_in_native, id=11516, stack(0x00000000086b0000,0x00000000087b0000)]
  0x0000000007f36000 JavaThread "C2 CompilerThread1" daemon [_thread_in_native, id=7428, stack(0x00000000085b0000,0x00000000086b0000)]
=>0x0000000007ed9000 JavaThread "C2 CompilerThread0" daemon [_thread_in_native, id=1528, stack(0x00000000084b0000,0x00000000085b0000)]
  0x0000000007ed6800 JavaThread "Attach Listener" daemon [_thread_blocked, id=9732, stack(0x00000000083b0000,0x00000000084b0000)]
  0x0000000007ed5800 JavaThread "Signal Dispatcher" daemon [_thread_blocked, id=6652, stack(0x00000000082b0000,0x00000000083b0000)]
  0x00000000023b4800 JavaThread "Finalizer" daemon [_thread_blocked, id=3128, stack(0x0000000007db0000,0x0000000007eb0000)]
  0x00000000023b3000 JavaThread "Reference Handler" daemon [_thread_blocked, id=5304, stack(0x0000000007cb0000,0x0000000007db0000)]
  0x000000000086d800 JavaThread "main" [_thread_in_Java, id=12336, stack(0x0000000002000000,0x0000000002100000)]

Other Threads:
  0x0000000005ed8800 VMThread [stack: 0x0000000007bb0000,0x0000000007cb0000] [id=12328]
  0x0000000007f40800 WatcherThread [stack: 0x00000000089b0000,0x0000000008ab0000] [id=11520]

VM state:not at safepoint (normal execution)

VM Mutex/Monitor currently owned by a thread: None

Heap:
 PSYoungGen      total 38400K, used 33409K [0x00000000eab00000, 0x00000000ef600000, 0x0000000100000000)
  eden space 33280K, 85% used [0x00000000eab00000,0x00000000ec6a81d8,0x00000000ecb80000)
  from space 5120K, 99% used [0x00000000ecb80000,0x00000000ed0783b0,0x00000000ed080000)
  to   space 5120K, 0% used [0x00000000ef100000,0x00000000ef100000,0x00000000ef600000)
 ParOldGen       total 87552K, used 713K [0x00000000c0000000, 0x00000000c5580000, 0x00000000eab00000)
  object space 87552K, 0% used [0x00000000c0000000,0x00000000c00b27f8,0x00000000c5580000)
 Metaspace       used 6180K, capacity 7088K, committed 7296K, reserved 1056768K
  class space    used 592K, capacity 616K, committed 640K, reserved 1048576K

Card table byte_map: [0x0000000002780000,0x0000000002990000] byte_map_base: 0x0000000002180000

Marking Bits: (ParMarkBitMap*) 0x0000000061a84040
 Begin Bits: [0x00000000032f0000, 0x00000000042f0000)
 End Bits:   [0x00000000042f0000, 0x00000000052f0000)

Polling page: 0x0000000000550000

CodeCache: size=245760Kb used=6881Kb max_used=6881Kb free=238878Kb
 bounds [0x000000000f010000, 0x000000000f6d0000, 0x000000001e010000]
 total_blobs=1942 nmethods=1672 adapters=182
 compilation: enabled

Compilation events (10 events):
Event: 4.638 Thread 0x0000000007f3a800 1655       3       com.android.dx.dex.code.StdCatchBuilder::<init> (62 bytes)
Event: 4.639 Thread 0x0000000007f3a800 nmethod 1655 0x000000000f6c7dd0 code [0x000000000f6c7f80, 0x000000000f6c8448]
Event: 4.639 Thread 0x0000000007f3a800 1656       3       com.android.dx.dex.code.OutputCollector::appendSuffixToOutput (45 bytes)
Event: 4.640 Thread 0x0000000007f3a800 nmethod 1656 0x000000000f6c8610 code [0x000000000f6c8820, 0x000000000f6c92f8]
Event: 4.641 Thread 0x0000000007f3a800 1657       3       com.android.dx.dex.code.DalvCode::<init> (68 bytes)
Event: 4.642 Thread 0x0000000007f3a800 nmethod 1657 0x000000000f6c9a50 code [0x000000000f6c9be0, 0x000000000f6c9ff8]
Event: 4.644 Thread 0x0000000007f3a800 1658       3       com.android.dx.cf.code.LocalVariableList::itemToLocal (47 bytes)
Event: 4.645 Thread 0x0000000007f3a800 nmethod 1658 0x000000000f6ca190 code [0x000000000f6ca340, 0x000000000f6ca8b8]
Event: 4.646 Thread 0x0000000007f3a800 1659       3       sun.misc.Unsafe::getAndAddInt (27 bytes)
Event: 4.647 Thread 0x0000000007f3a800 nmethod 1659 0x000000000f6caa90 code [0x000000000f6cac00, 0x000000000f6cae10]

GC Heap History (2 events):
Event: 1.983 GC heap before
{Heap before GC invocations=1 (full 0):
 PSYoungGen      total 38400K, used 33280K [0x00000000eab00000, 0x00000000ed580000, 0x0000000100000000)
  eden space 33280K, 100% used [0x00000000eab00000,0x00000000ecb80000,0x00000000ecb80000)
  from space 5120K, 0% used [0x00000000ed080000,0x00000000ed080000,0x00000000ed580000)
  to   space 5120K, 0% used [0x00000000ecb80000,0x00000000ecb80000,0x00000000ed080000)
 ParOldGen       total 87552K, used 0K [0x00000000c0000000, 0x00000000c5580000, 0x00000000eab00000)
  object space 87552K, 0% used [0x00000000c0000000,0x00000000c0000000,0x00000000c5580000)
 Metaspace       used 5866K, capacity 6832K, committed 7040K, reserved 1056768K
  class space    used 586K, capacity 616K, committed 640K, reserved 1048576K
Event: 2.294 GC heap after
Heap after GC invocations=1 (full 0):
 PSYoungGen      total 38400K, used 5088K [0x00000000eab00000, 0x00000000ef600000, 0x0000000100000000)
  eden space 33280K, 0% used [0x00000000eab00000,0x00000000eab00000,0x00000000ecb80000)
  from space 5120K, 99% used [0x00000000ecb80000,0x00000000ed0783b0,0x00000000ed080000)
  to   space 5120K, 0% used [0x00000000ef100000,0x00000000ef100000,0x00000000ef600000)
 ParOldGen       total 87552K, used 713K [0x00000000c0000000, 0x00000000c5580000, 0x00000000eab00000)
  object space 87552K, 0% used [0x00000000c0000000,0x00000000c00b27f8,0x00000000c5580000)
 Metaspace       used 5866K, capacity 6832K, committed 7040K, reserved 1056768K
  class space    used 586K, capacity 616K, committed 640K, reserved 1048576K
}

Deoptimization events (5 events):
Event: 0.916 Thread 0x000000000086d800 Uncommon trap: reason=unstable_if action=reinterpret pc=0x000000000f15c110 method=java.lang.String.indexOf(II)I @ 49
Event: 1.027 Thread 0x000000000086d800 Uncommon trap: reason=unstable_if action=reinterpret pc=0x000000000f166814 method=java.lang.String.compareTo(Ljava/lang/String;)I @ 38
Event: 1.371 Thread 0x000000000086d800 Uncommon trap: reason=unstable_if action=reinterpret pc=0x000000000f23fa5c method=java.util.HashMap.getNode(ILjava/lang/Object;)Ljava/util/HashMap$Node; @ 129
Event: 1.621 Thread 0x00000000081cd800 Uncommon trap: reason=unstable_if action=reinterpret pc=0x000000000f32a19c method=com.android.dx.rop.cst.Constant.compareTo(Lcom/android/dx/rop/cst/Constant;)I @ 12
Event: 4.403 Thread 0x00000000081cd800 Uncommon trap: reason=unstable_if action=reinterpret pc=0x000000000f4a5c80 method=com.android.dx.ssa.SCCP.simulateStmt(Lcom/android/dx/ssa/SsaInsn;)V @ 53

Internal exceptions (2 events):
Event: 0.180 Thread 0x000000000086d800 Exception <a 'java/lang/NoSuchMethodError': Method sun.misc.Unsafe.defineClass(Ljava/lang/String;[BII)Ljava/lang/Class; name or signature does not match> (0x00000000eab0daf0) thrown at [C:\re\workspace\8-2-build-windows-amd64-cygwin\jdk8u51\3951\hotspot\sr_þÙÁ›Ç?
Event: 0.181 Thread 0x000000000086d800 Exception <a 'java/lang/NoSuchMethodError': Method sun.misc.Unsafe.prefetchRead(Ljava/lang/Object;J)V name or signature does not match> (0x00000000eab0dd80) thrown at [C:\re\workspace\8-2-build-windows-amd64-cygwin\jdk8u51\3951\hotspot\src\share\vm\prims\j

Events (10 events):
Event: 4.286 loading class com/android/dx/cf/attrib/AttRuntimeInvisibleAnnotations done
Event: 4.286 loading class com/android/dx/cf/attrib/BaseAnnotations
Event: 4.286 loading class com/android/dx/cf/attrib/BaseAnnotations done
Event: 4.403 Thread 0x00000000081cd800 Uncommon trap: trap_request=0xffffff65 fr.pc=0x000000000f4a5c80
Event: 4.403 Thread 0x00000000081cd800 DEOPT PACKING pc=0x000000000f4a5c80 sp=0x00000000093ae7a0
Event: 4.403 Thread 0x00000000081cd800 DEOPT UNPACKING pc=0x000000000f05582a sp=0x00000000093ae778 mode 2
Event: 4.425 Executing VM operation: EnableBiasedLocking
Event: 4.426 Executing VM operation: EnableBiasedLocking done
Event: 4.478 loading class com/android/dx/cf/code/SwitchList
Event: 4.478 loading class com/android/dx/cf/code/SwitchList done


Dynamic libraries:
0x00007ff630db0000 - 0x00007ff630de7000 	C:\Program Files\Java\jdk1.8.0_51\bin\java.exe
0x00007ff9eb070000 - 0x00007ff9eb231000 	C:\WINDOWS\SYSTEM32\ntdll.dll
0x00007ff9e8e50000 - 0x00007ff9e8efd000 	C:\WINDOWS\system32\KERNEL32.DLL
0x00007ff9e7890000 - 0x00007ff9e7a78000 	C:\WINDOWS\system32\KERNELBASE.dll
0x00007ff9e8790000 - 0x00007ff9e8837000 	C:\WINDOWS\system32\ADVAPI32.dll
0x00007ff9eafd0000 - 0x00007ff9eb06d000 	C:\WINDOWS\system32\msvcrt.dll
0x00007ff9e8510000 - 0x00007ff9e856b000 	C:\WINDOWS\system32\sechost.dll
0x00007ff9e9040000 - 0x00007ff9e915c000 	C:\WINDOWS\system32\RPCRT4.dll
0x00007ff9e8a70000 - 0x00007ff9e8bc6000 	C:\WINDOWS\system32\USER32.dll
0x00007ff9e9160000 - 0x00007ff9e92e6000 	C:\WINDOWS\system32\GDI32.dll
0x00007ff9e3510000 - 0x00007ff9e3784000 	C:\WINDOWS\WinSxS\amd64_microsoft.windows.common-controls_6595b64144ccf1df_6.0.10586.0_none_8c15ae12515e1c22\COMCTL32.dll
0x00007ff9e8bd0000 - 0x00007ff9e8e4d000 	C:\WINDOWS\system32\combase.dll
0x00007ff9e7700000 - 0x00007ff9e776a000 	C:\WINDOWS\system32\bcryptPrimitives.dll
0x00007ff9e8750000 - 0x00007ff9e878b000 	C:\WINDOWS\system32\IMM32.DLL
0x00007ff9e60a0000 - 0x00007ff9e60d1000 	C:\Windows\system32\nvinitx.dll
0x00007ff9e6090000 - 0x00007ff9e609a000 	C:\WINDOWS\SYSTEM32\VERSION.dll
0x000000000f000000 - 0x000000000f006000 	C:\Program Files\NVIDIA Corporation\CoProcManager\_etoured.dll
0x00007ff9e56e0000 - 0x00007ff9e5712000 	C:\Program Files\NVIDIA Corporation\CoProcManager\nvd3d9wrapx.dll
0x00007ff9e94b0000 - 0x00007ff9e98d9000 	C:\WINDOWS\system32\SETUPAPI.dll
0x00007ff9e7790000 - 0x00007ff9e77d3000 	C:\WINDOWS\system32\CFGMGR32.dll
0x00007ff9e5370000 - 0x00007ff9e5392000 	C:\Program Files\NVIDIA Corporation\CoProcManager\nvdxgiwrapx.dll
0x0000000060980000 - 0x0000000060a52000 	C:\Program Files\Java\jdk1.8.0_51\jre\bin\msvcr100.dll
0x0000000061280000 - 0x0000000061b03000 	C:\Program Files\Java\jdk1.8.0_51\jre\bin\server\jvm.dll
0x00007ff9e92f0000 - 0x00007ff9e92f8000 	C:\WINDOWS\system32\PSAPI.DLL
0x00007ff9db690000 - 0x00007ff9db699000 	C:\WINDOWS\SYSTEM32\WSOCK32.dll
0x00007ff9eaf60000 - 0x00007ff9eafcb000 	C:\WINDOWS\system32\WS2_32.dll
0x00007ff9e5650000 - 0x00007ff9e5673000 	C:\WINDOWS\SYSTEM32\WINMM.dll
0x00007ff9e55f0000 - 0x00007ff9e561c000 	C:\WINDOWS\SYSTEM32\WINMMBASE.dll
0x0000000061d80000 - 0x0000000061d8f000 	C:\Program Files\Java\jdk1.8.0_51\jre\bin\verify.dll
0x0000000061d50000 - 0x0000000061d79000 	C:\Program Files\Java\jdk1.8.0_51\jre\bin\java.dll
0x0000000061d30000 - 0x0000000061d46000 	C:\Program Files\Java\jdk1.8.0_51\jre\bin\zip.dll
0x00007ff9e98e0000 - 0x00007ff9eae3c000 	C:\WINDOWS\system32\SHELL32.dll
0x00007ff9e7e00000 - 0x00007ff9e8445000 	C:\WINDOWS\system32\windows.storage.dll
0x00007ff9e84b0000 - 0x00007ff9e8502000 	C:\WINDOWS\system32\shlwapi.dll
0x00007ff9e7670000 - 0x00007ff9e767f000 	C:\WINDOWS\system32\kernel.appcore.dll
0x00007ff9e7d40000 - 0x00007ff9e7df5000 	C:\WINDOWS\system32\shcore.dll
0x00007ff9e7680000 - 0x00007ff9e76cb000 	C:\WINDOWS\system32\powrprof.dll
0x00007ff9e76e0000 - 0x00007ff9e76f4000 	C:\WINDOWS\system32\profapi.dll
0x00007ff9dc000000 - 0x00007ff9dc18c000 	C:\WINDOWS\SYSTEM32\dbghelp.dll

VM Arguments:
jvm_args: -Djava.awt.headless=true -Xmx1024M -Dfile.encoding=windows-1252 -Duser.country=US -Duser.language=en -Duser.variant 
java_command: com.android.dx.command.Main --dex --num-threads=4 --output C:\Users\Omar\EDA397_2016_Group5\PairProgrammingApp\app\build\intermediates\pre-dexed\debug\internal_impl-23.2.1_ff33ce0b1bcb58fbedece340cbefd3cc926b5618.jar C:\Users\Omar\EDA397_2016_Group5\PairProgrammingApp\app\build\intermediates\exploded-aar\com.android.support\support-v4\23.2.1\jars\libs\internal_impl-23.2.1.jar
java_class_path (initial): C:\Users\Omar\AppData\Local\Android\sdk\build-tools\23.0.2\lib\dx.jar
Launcher Type: SUN_STANDARD

Environment Variables:
JAVA_HOME=C:\Program Files\Java\jdk1.8.0_51
PATH=C:\Program Files\Haskell\bin;C:\Program Files\Haskell Platform\7.10.3\lib\extralibs\bin;C:\Program Files\Haskell Platform\7.10.3\bin;C:\Ruby22-x64\bin;C:\Program Files\Common Files\Microsoft Shared\Windows Live;C:\Program Files (x86)\Common Files\Microsoft Shared\Windows Live;C:\ProgramData\Oracle\Java\javapath;C:\Windows\system32;C:\Windows;C:\Windows\System32\Wbem;C:\Windows\System32\WindowsPowerShell\v1.0\;C:\Program Files (x86)\Windows Live\Shared;C:\Program Files\nodejs;C:\Program Files\Java\jdk1.8.0_51\bin;C:\Users\Omar\Desktop\SonarQube\sonar-runner-2.4\bin;C:\Program Files (x86)\NVIDIA Corporation\PhysX\Common;C:\WINDOWS\system32\config\systemprofile\.dnx\bin;C:\Program Files\Microsoft DNX\Dnvm\;C:\Program Files\IBM\SPSS\Statistics\22\JRE\bin;C:\Program Files (x86)\Skype\Phone\;C:\Program Files\nodejs\;C:\Program Files\Git\cmd;C:\Program Files\Git\mingw64\bin;C:\Program Files\Git\usr\bin;C:\Program Files\WIDCOMM\Bluetooth Software\;C:\Program Files\WIDCOMM\Bluetooth Software\syswow64;C:\Program Files (x86)\SoundWire Server;C:\WINDOWS\system32;C:\WINDOWS;C:\WINDOWS\System32\Wbem;C:\WINDOWS\System32\WindowsPowerShell\v1.0\;C:\Program Files\Haskell Platform\7.10.3\mingw\bin;C:\Users\Omar\AppData\Roaming\cabal\bin;C:\MinGW\bin;C:\Gtk+\bin;C:\ThreadScope\threadscope-0.2.2\bin;C:\cygwin\bin;C:\Users\Omar\AppData\Roaming\cabal\bin;C:\Users\Omar\AppData\Roaming\npm;C:\Program Files (x86)\Gtk+\bin
USERNAME=Omar
OS=Windows_NT
PROCESSOR_IDENTIFIER=Intel64 Family 6 Model 42 Stepping 7, GenuineIntel



---------------  S Y S T E M  ---------------

OS: Windows 10.0 , 64 bit Build 10586 (10.0.10586.0)

CPU:total 8 (4 cores per cpu, 2 threads per core) family 6 model 42 stepping 7, cmov, cx8, fxsr, mmx, sse, sse2, sse3, ssse3, sse4.1, sse4.2, popcnt, avx, aes, clmul, ht, tsc, tscinvbit

Memory: 4k page, physical 8335212k(1556988k free), swap 10294124k(4168k free)

vm_info: Java HotSpot(TM) 64-Bit Server VM (25.51-b03) for windows-amd64 JRE (1.8.0_51-b16), built on Jun  8 2015 18:03:07 by "java_re" with MS VC++ 10.0 (VS2010)

time: Tue May 03 23:49:32 2016
elapsed time: 4 seconds (0d 0h 0m 4s)

