#
# There is insufficient memory for the Java Runtime Environment to continue.
# Native memory allocation (malloc) failed to allocate 1490416 bytes for Chunk::new
# Possible reasons:
#   The system is out of physical RAM or swap space
#   In 32 bit mode, the process size limit was hit
# Possible solutions:
#   Reduce memory load on the system
#   Increase physical memory or swap space
#   Check if swap backing store is full
#   Use 64 bit Java on a 64 bit OS
#   Decrease Java heap size (-Xmx/-Xms)
#   Decrease number of Java threads
#   Decrease Java thread stack sizes (-Xss)
#   Set larger code cache with -XX:ReservedCodeCacheSize=
# This output file may be truncated or incomplete.
#
#  Out of Memory Error (allocation.cpp:390), pid=2304, tid=1928
#
# JRE version: Java(TM) SE Runtime Environment (8.0_51-b16) (build 1.8.0_51-b16)
# Java VM: Java HotSpot(TM) 64-Bit Server VM (25.51-b03 mixed mode windows-amd64 compressed oops)
# Failed to write core dump. Minidumps are not enabled by default on client versions of Windows
#

---------------  T H R E A D  ---------------

Current thread (0x0000000007f64000):  JavaThread "C2 CompilerThread2" daemon [_thread_in_native, id=1928, stack(0x0000000008730000,0x0000000008830000)]

Stack: [0x0000000008730000,0x0000000008830000]
Native frames: (J=compiled Java code, j=interpreted, Vv=VM code, C=native code)
V  [jvm.dll+0x32b4ca]
V  [jvm.dll+0x2797e3]
V  [jvm.dll+0x27a479]
V  [jvm.dll+0x271765]
V  [jvm.dll+0xcba02]
V  [jvm.dll+0xcbecc]
V  [jvm.dll+0x476f72]
V  [jvm.dll+0x4b95ff]
V  [jvm.dll+0x46bca4]
V  [jvm.dll+0x46cd4e]
V  [jvm.dll+0x4501a2]
V  [jvm.dll+0xa43a2]
V  [jvm.dll+0xa4cdf]
V  [jvm.dll+0x2418a4]
V  [jvm.dll+0x29846a]
C  [msvcr100.dll+0x21d9f]
C  [msvcr100.dll+0x21e3b]
C  [KERNEL32.DLL+0x18102]
C  [ntdll.dll+0x5c5b4]


Current CompileTask:
C2:   1022 1210   !   4       com.android.dx.cf.code.BytecodeArray::parseInstruction (2764 bytes)


---------------  P R O C E S S  ---------------

Java Threads: ( => current thread )
  0x0000000008b3c000 JavaThread "pool-1-thread-4" [_thread_in_Java, id=12456, stack(0x0000000009730000,0x0000000009830000)]
  0x0000000008b5a000 JavaThread "pool-1-thread-3" [_thread_in_Java, id=6716, stack(0x0000000009630000,0x0000000009730000)]
  0x0000000008252800 JavaThread "pool-1-thread-2" [_thread_in_Java, id=12856, stack(0x0000000009530000,0x0000000009630000)]
  0x0000000008328800 JavaThread "pool-2-thread-1" [_thread_blocked, id=5912, stack(0x0000000009430000,0x0000000009530000)]
  0x0000000008327800 JavaThread "pool-1-thread-1" [_thread_in_Java, id=9968, stack(0x0000000009330000,0x0000000009430000)]
  0x0000000007fbb800 JavaThread "Service Thread" daemon [_thread_blocked, id=6704, stack(0x0000000008930000,0x0000000008a30000)]
  0x0000000007f6d000 JavaThread "C1 CompilerThread3" daemon [_thread_in_native, id=12480, stack(0x0000000008830000,0x0000000008930000)]
=>0x0000000007f64000 JavaThread "C2 CompilerThread2" daemon [_thread_in_native, id=1928, stack(0x0000000008730000,0x0000000008830000)]
  0x0000000007f5e800 JavaThread "C2 CompilerThread1" daemon [_thread_in_native, id=1240, stack(0x0000000008630000,0x0000000008730000)]
  0x0000000007f59000 JavaThread "C2 CompilerThread0" daemon [_thread_in_native, id=11056, stack(0x0000000008530000,0x0000000008630000)]
  0x0000000007f56000 JavaThread "Attach Listener" daemon [_thread_blocked, id=10968, stack(0x0000000008430000,0x0000000008530000)]
  0x0000000007f55000 JavaThread "Signal Dispatcher" daemon [_thread_blocked, id=872, stack(0x0000000008330000,0x0000000008430000)]
  0x000000000237a800 JavaThread "Finalizer" daemon [_thread_blocked, id=1988, stack(0x0000000007d70000,0x0000000007e70000)]
  0x0000000005e9d800 JavaThread "Reference Handler" daemon [_thread_blocked, id=7324, stack(0x0000000007c70000,0x0000000007d70000)]
  0x000000000097d800 JavaThread "main" [_thread_in_Java, id=10536, stack(0x0000000002180000,0x0000000002280000)]

Other Threads:
  0x0000000005e98800 VMThread [stack: 0x0000000007b70000,0x0000000007c70000] [id=9876]
  0x0000000007fbc800 WatcherThread [stack: 0x0000000008a30000,0x0000000008b30000] [id=11652]

VM state:not at safepoint (normal execution)

VM Mutex/Monitor currently owned by a thread: None

Heap:
 PSYoungGen      total 38400K, used 8945K [0x00000000eab00000, 0x00000000ed580000, 0x0000000100000000)
  eden space 33280K, 11% used [0x00000000eab00000,0x00000000eaebf730,0x00000000ecb80000)
  from space 5120K, 99% used [0x00000000ed080000,0x00000000ed57ceb0,0x00000000ed580000)
  to   space 5120K, 0% used [0x00000000ecb80000,0x00000000ecb80000,0x00000000ed080000)
 ParOldGen       total 87552K, used 5606K [0x00000000c0000000, 0x00000000c5580000, 0x00000000eab00000)
  object space 87552K, 6% used [0x00000000c0000000,0x00000000c0579b10,0x00000000c5580000)
 Metaspace       used 6021K, capacity 6960K, committed 7040K, reserved 1056768K
  class space    used 593K, capacity 616K, committed 640K, reserved 1048576K

Card table byte_map: [0x0000000002740000,0x0000000002950000] byte_map_base: 0x0000000002140000

Marking Bits: (ParMarkBitMap*) 0x0000000072c34040
 Begin Bits: [0x00000000032b0000, 0x00000000042b0000)
 End Bits:   [0x00000000042b0000, 0x00000000052b0000)

Polling page: 0x0000000000950000

CodeCache: size=245760Kb used=5020Kb max_used=5020Kb free=240739Kb
 bounds [0x000000000f010000, 0x000000000f500000, 0x000000001e010000]
 total_blobs=1586 nmethods=1316 adapters=182
 compilation: enabled

Compilation events (10 events):
Event: 0.994 Thread 0x0000000007f6d000 nmethod 1338 0x000000000f4f1310 code [0x000000000f4f1520, 0x000000000f4f1ae8]
Event: 0.994 Thread 0x0000000007f6d000 1335       2       com.android.dx.ssa.back.InterferenceGraph::<init> (42 bytes)
Event: 0.995 Thread 0x0000000007f6d000 nmethod 1335 0x000000000f4f2310 code [0x000000000f4f24c0, 0x000000000f4f2a28]
Event: 0.995 Thread 0x0000000007f6d000 1336       2       com.android.dx.ssa.back.LivenessAnalyzer::constructInterferenceGraph (47 bytes)
Event: 0.996 Thread 0x0000000007f6d000 nmethod 1336 0x000000000f4f2e50 code [0x000000000f4f2fe0, 0x000000000f4f32d8]
Event: 0.996 Thread 0x0000000007f6d000 1345       2       com.android.dx.rop.cst.CstType::equals (29 bytes)
Event: 0.996 Thread 0x0000000007f6d000 nmethod 1345 0x000000000f4e1a50 code [0x000000000f4e1ba0, 0x000000000f4e1d90]
Event: 0.996 Thread 0x0000000007f6d000 1316       2       com.android.dx.rop.code.Rops::opMoveParam (69 bytes)
Event: 0.997 Thread 0x0000000007f6d000 nmethod 1316 0x000000000f4f3490 code [0x000000000f4f3660, 0x000000000f4f3b38]
Event: 0.997 Thread 0x0000000007f6d000 1340       2       com.android.dx.rop.cst.CstFloat::getType (4 bytes)

GC Heap History (3 events):
Event: 0.809 GC heap before
{Heap before GC invocations=1 (full 0):
 PSYoungGen      total 38400K, used 33280K [0x00000000eab00000, 0x00000000ed580000, 0x0000000100000000)
  eden space 33280K, 100% used [0x00000000eab00000,0x00000000ecb80000,0x00000000ecb80000)
  from space 5120K, 0% used [0x00000000ed080000,0x00000000ed080000,0x00000000ed580000)
  to   space 5120K, 0% used [0x00000000ecb80000,0x00000000ecb80000,0x00000000ed080000)
 ParOldGen       total 87552K, used 0K [0x00000000c0000000, 0x00000000c5580000, 0x00000000eab00000)
  object space 87552K, 0% used [0x00000000c0000000,0x00000000c0000000,0x00000000c5580000)
 Metaspace       used 5868K, capacity 6832K, committed 7040K, reserved 1056768K
  class space    used 590K, capacity 616K, committed 640K, reserved 1048576K
Event: 0.816 GC heap after
Heap after GC invocations=1 (full 0):
 PSYoungGen      total 38400K, used 5118K [0x00000000eab00000, 0x00000000ed580000, 0x0000000100000000)
  eden space 33280K, 0% used [0x00000000eab00000,0x00000000eab00000,0x00000000ecb80000)
  from space 5120K, 99% used [0x00000000ecb80000,0x00000000ed07f9f0,0x00000000ed080000)
  to   space 5120K, 0% used [0x00000000ed080000,0x00000000ed080000,0x00000000ed580000)
 ParOldGen       total 87552K, used 1464K [0x00000000c0000000, 0x00000000c5580000, 0x00000000eab00000)
  object space 87552K, 1% used [0x00000000c0000000,0x00000000c016e120,0x00000000c5580000)
 Metaspace       used 5868K, capacity 6832K, committed 7040K, reserved 1056768K
  class space    used 590K, capacity 616K, committed 640K, reserved 1048576K
}
Event: 1.000 GC heap before
{Heap before GC invocations=2 (full 0):
 PSYoungGen      total 38400K, used 38398K [0x00000000eab00000, 0x00000000ed580000, 0x0000000100000000)
  eden space 33280K, 100% used [0x00000000eab00000,0x00000000ecb80000,0x00000000ecb80000)
  from space 5120K, 99% used [0x00000000ecb80000,0x00000000ed07f9f0,0x00000000ed080000)
  to   space 5120K, 0% used [0x00000000ed080000,0x00000000ed080000,0x00000000ed580000)
 ParOldGen       total 87552K, used 1464K [0x00000000c0000000, 0x00000000c5580000, 0x00000000eab00000)
  object space 87552K, 1% used [0x00000000c0000000,0x00000000c016e120,0x00000000c5580000)
 Metaspace       used 6020K, capacity 6960K, committed 7040K, reserved 1056768K
  class space    used 593K, capacity 616K, committed 640K, reserved 1048576K

Deoptimization events (10 events):
Event: 0.834 Thread 0x0000000008252800 Uncommon trap: reason=bimorphic action=maybe_recompile pc=0x000000000f3b1c7c method=java.util.HashMap.putVal(ILjava/lang/Object;Ljava/lang/Object;ZZ)Ljava/lang/Object; @ 91
Event: 0.834 Thread 0x0000000008252800 Uncommon trap: reason=bimorphic action=maybe_recompile pc=0x000000000f3b1c7c method=java.util.HashMap.putVal(ILjava/lang/Object;Ljava/lang/Object;ZZ)Ljava/lang/Object; @ 91
Event: 0.852 Thread 0x0000000008327800 Uncommon trap: reason=null_check action=make_not_entrant pc=0x000000000f40c0e0 method=com.android.dx.rop.type.Type.equals(Ljava/lang/Object;)Z @ 8
Event: 0.853 Thread 0x0000000008b3c000 Uncommon trap: reason=class_check action=maybe_recompile pc=0x000000000f42616c method=java.util.HashMap.putVal(ILjava/lang/Object;Ljava/lang/Object;ZZ)Ljava/lang/Object; @ 203
Event: 0.860 Thread 0x0000000008b5a000 Uncommon trap: reason=bimorphic action=maybe_recompile pc=0x000000000f4261a8 method=java.util.HashMap.putVal(ILjava/lang/Object;Ljava/lang/Object;ZZ)Ljava/lang/Object; @ 91
Event: 0.865 Thread 0x0000000008252800 Uncommon trap: reason=unstable_if action=reinterpret pc=0x000000000f2bc6ac method=com.android.dx.rop.code.RegisterSpecSet.put(Lcom/android/dx/rop/code/RegisterSpec;)V @ 77
Event: 0.865 Thread 0x0000000008252800 Uncommon trap: reason=unstable_if action=reinterpret pc=0x000000000f2f74dc method=com.android.dx.rop.code.RegisterSpecSet.put(Lcom/android/dx/rop/code/RegisterSpec;)V @ 77
Event: 0.871 Thread 0x0000000008b5a000 Uncommon trap: reason=unstable_if action=reinterpret pc=0x000000000f3be5f8 method=com.android.dx.cf.code.Ropper.labelToResultIndex(I)I @ 34
Event: 0.873 Thread 0x0000000008b5a000 Uncommon trap: reason=unstable_if action=reinterpret pc=0x000000000f43c29c method=com.android.dx.util.LabeledList.set(ILcom/android/dx/util/LabeledItem;)V @ 16
Event: 0.946 Thread 0x000000000097d800 Uncommon trap: reason=unloaded action=reinterpret pc=0x000000000f43d614 method=com.android.dx.cf.cst.ConstantPoolParser.parse0(ILjava/util/BitSet;)Lcom/android/dx/rop/cst/Constant; @ 198

Internal exceptions (3 events):
Event: 0.057 Thread 0x000000000097d800 Exception <a 'java/lang/NoSuchMethodError': Method sun.misc.Unsafe.defineClass(Ljava/lang/String;[BII)Ljava/lang/Class; name or signature does not match> (0x00000000eab0da60) thrown at [C:\re\workspace\8-2-build-windows-amd64-cygwin\jdk8u51\3951\hotspot\srëN^½/P­?
Event: 0.057 Thread 0x000000000097d800 Exception <a 'java/lang/NoSuchMethodError': Method sun.misc.Unsafe.prefetchRead(Ljava/lang/Object;J)V name or signature does not match> (0x00000000eab0dcf0) thrown at [C:\re\workspace\8-2-build-windows-amd64-cygwin\jdk8u51\3951\hotspot\src\share\vm\prims\j£ZpEEë?
Event: 0.852 Thread 0x0000000008327800 Implicit null exception at 0x000000000f40bfe2 to 0x000000000f40c0d2

Events (10 events):
Event: 0.871 Thread 0x0000000008b5a000 DEOPT UNPACKING pc=0x000000000f05582a sp=0x000000000972ed18 mode 2
Event: 0.873 Thread 0x0000000008b5a000 Uncommon trap: trap_request=0xffffff65 fr.pc=0x000000000f43c29c
Event: 0.873 Thread 0x0000000008b5a000 DEOPT PACKING pc=0x000000000f43c29c sp=0x000000000972eb10
Event: 0.873 Thread 0x0000000008b5a000 DEOPT UNPACKING pc=0x000000000f05582a sp=0x000000000972eaf8 mode 2
Event: 0.946 Thread 0x000000000097d800 Uncommon trap: trap_request=0x000000d0 fr.pc=0x000000000f43d614
Event: 0.946 Thread 0x000000000097d800 DEOPT PACKING pc=0x000000000f43d614 sp=0x000000000227e6d0
Event: 0.946 Thread 0x000000000097d800 DEOPT UNPACKING pc=0x000000000f05582a sp=0x000000000227e698 mode 2
Event: 0.997 Executing VM operation: ForceSafepoint
Event: 0.997 Executing VM operation: ForceSafepoint done
Event: 0.999 Executing VM operation: ParallelGCFailedAllocation


Dynamic libraries:
0x00007ff787ce0000 - 0x00007ff787d17000 	C:\Program Files\Java\jdk1.8.0_51\bin\java.exe
0x00007ff84e3e0000 - 0x00007ff84e5a1000 	C:\WINDOWS\SYSTEM32\ntdll.dll
0x00007ff84bf60000 - 0x00007ff84c00d000 	C:\WINDOWS\system32\KERNEL32.DLL
0x00007ff84ab30000 - 0x00007ff84ad18000 	C:\WINDOWS\system32\KERNELBASE.dll
0x00007ff84b8e0000 - 0x00007ff84b987000 	C:\WINDOWS\system32\ADVAPI32.dll
0x00007ff84e2c0000 - 0x00007ff84e35d000 	C:\WINDOWS\system32\msvcrt.dll
0x00007ff84c0e0000 - 0x00007ff84c13b000 	C:\WINDOWS\system32\sechost.dll
0x00007ff84b7c0000 - 0x00007ff84b8dc000 	C:\WINDOWS\system32\RPCRT4.dll
0x00007ff84c140000 - 0x00007ff84c296000 	C:\WINDOWS\system32\USER32.dll
0x00007ff84ba00000 - 0x00007ff84bb86000 	C:\WINDOWS\system32\GDI32.dll
0x00007ff846460000 - 0x00007ff8466d4000 	C:\WINDOWS\WinSxS\amd64_microsoft.windows.common-controls_6595b64144ccf1df_6.0.10586.0_none_8c15ae12515e1c22\COMCTL32.dll
0x00007ff84bca0000 - 0x00007ff84bf1d000 	C:\WINDOWS\system32\combase.dll
0x00007ff84b470000 - 0x00007ff84b4da000 	C:\WINDOWS\system32\bcryptPrimitives.dll
0x00007ff84bf20000 - 0x00007ff84bf5b000 	C:\WINDOWS\system32\IMM32.DLL
0x00007ff84a8d0000 - 0x00007ff84a901000 	C:\Windows\system32\nvinitx.dll
0x00007ff84a8c0000 - 0x00007ff84a8ca000 	C:\WINDOWS\SYSTEM32\VERSION.dll
0x000000000f000000 - 0x000000000f006000 	C:\Program Files\NVIDIA Corporation\CoProcManager\_etoured.dll
0x00007ff849140000 - 0x00007ff849172000 	C:\Program Files\NVIDIA Corporation\CoProcManager\nvd3d9wrapx.dll
0x00007ff84de30000 - 0x00007ff84e259000 	C:\WINDOWS\system32\SETUPAPI.dll
0x00007ff84b390000 - 0x00007ff84b3d3000 	C:\WINDOWS\system32\CFGMGR32.dll
0x00007ff848fe0000 - 0x00007ff849002000 	C:\Program Files\NVIDIA Corporation\CoProcManager\nvdxgiwrapx.dll
0x0000000072130000 - 0x0000000072202000 	C:\Program Files\Java\jdk1.8.0_51\jre\bin\msvcr100.dll
0x0000000072430000 - 0x0000000072cb3000 	C:\Program Files\Java\jdk1.8.0_51\jre\bin\server\jvm.dll
0x00007ff84dcc0000 - 0x00007ff84dcc8000 	C:\WINDOWS\system32\PSAPI.DLL
0x00007ff83f9c0000 - 0x00007ff83f9c9000 	C:\WINDOWS\SYSTEM32\WSOCK32.dll
0x00007ff848c10000 - 0x00007ff848c33000 	C:\WINDOWS\SYSTEM32\WINMM.dll
0x00007ff84bb90000 - 0x00007ff84bbfb000 	C:\WINDOWS\system32\WS2_32.dll
0x00007ff848bb0000 - 0x00007ff848bdc000 	C:\WINDOWS\SYSTEM32\WINMMBASE.dll
0x0000000074500000 - 0x000000007450f000 	C:\Program Files\Java\jdk1.8.0_51\jre\bin\verify.dll
0x00000000744d0000 - 0x00000000744f9000 	C:\Program Files\Java\jdk1.8.0_51\jre\bin\java.dll
0x00000000744b0000 - 0x00000000744c6000 	C:\Program Files\Java\jdk1.8.0_51\jre\bin\zip.dll
0x00007ff84c760000 - 0x00007ff84dcbc000 	C:\WINDOWS\system32\SHELL32.dll
0x00007ff84ad20000 - 0x00007ff84b365000 	C:\WINDOWS\system32\windows.storage.dll
0x00007ff84e260000 - 0x00007ff84e2b2000 	C:\WINDOWS\system32\shlwapi.dll
0x00007ff84aa10000 - 0x00007ff84aa1f000 	C:\WINDOWS\system32\kernel.appcore.dll
0x0000000007e70000 - 0x0000000007f25000 	C:\WINDOWS\system32\shcore.dll
0x00007ff84aa20000 - 0x00007ff84aa6b000 	C:\WINDOWS\system32\powrprof.dll
0x00007ff84a9e0000 - 0x00007ff84a9f4000 	C:\WINDOWS\system32\profapi.dll
0x00007ff83fa60000 - 0x00007ff83fbec000 	C:\WINDOWS\SYSTEM32\dbghelp.dll

VM Arguments:
jvm_args: -Djava.awt.headless=true -Xmx1024M -Dfile.encoding=windows-1252 -Duser.country=US -Duser.language=en -Duser.variant 
java_command: com.android.dx.command.Main --dex --num-threads=4 --output C:\Users\Omar\EDA397_2016_Group5\PairProgrammingApp\app\build\intermediates\pre-dexed\debug\com.android.support-design-23.1.1_9547a8bea9afbea175f0011c1062ba9000c61e3b.jar C:\Users\Omar\EDA397_2016_Group5\PairProgrammingApp\app\build\intermediates\exploded-aar\com.android.support\design\23.1.1\jars\classes.jar
java_class_path (initial): C:\Users\Omar\AppData\Local\Android\sdk\build-tools\23.0.2\lib\dx.jar
Launcher Type: SUN_STANDARD

Environment Variables:
JAVA_HOME=C:\Program Files\Java\jdk1.8.0_51
PATH=C:\Program Files\Haskell\bin;C:\Program Files\Haskell Platform\7.10.3\lib\extralibs\bin;C:\Program Files\Haskell Platform\7.10.3\bin;C:\Ruby22-x64\bin;C:\Program Files\Common Files\Microsoft Shared\Windows Live;C:\Program Files (x86)\Common Files\Microsoft Shared\Windows Live;C:\ProgramData\Oracle\Java\javapath;C:\Windows\system32;C:\Windows;C:\Windows\System32\Wbem;C:\Windows\System32\WindowsPowerShell\v1.0\;C:\Program Files (x86)\Windows Live\Shared;C:\Program Files\nodejs;C:\Program Files\Java\jdk1.8.0_51\bin;C:\Users\Omar\Desktop\SonarQube\sonar-runner-2.4\bin;C:\Program Files (x86)\NVIDIA Corporation\PhysX\Common;C:\WINDOWS\system32\config\systemprofile\.dnx\bin;C:\Program Files\Microsoft DNX\Dnvm\;C:\Program Files\IBM\SPSS\Statistics\22\JRE\bin;C:\Program Files (x86)\Skype\Phone\;C:\Program Files\nodejs\;C:\Program Files\Git\cmd;C:\Program Files\Git\mingw64\bin;C:\Program Files\Git\usr\bin;C:\Program Files\WIDCOMM\Bluetooth Software\;C:\Program Files\WIDCOMM\Bluetooth Software\syswow64;C:\Program Files (x86)\SoundWire Server;C:\WINDOWS\system32;C:\WINDOWS;C:\WINDOWS\System32\Wbem;C:\WINDOWS\System32\WindowsPowerShell\v1.0\;C:\Program Files\Haskell Platform\7.10.3\mingw\bin;C:\Users\Omar\AppData\Roaming\cabal\bin;C:\Gtk+\bin;C:\Users\Omar\AppData\Roaming\cabal\bin;C:\Users\Omar\AppData\Roaming\npm;C:\Program Files (x86)\Gtk+\bin
USERNAME=Omar
OS=Windows_NT
PROCESSOR_IDENTIFIER=Intel64 Family 6 Model 42 Stepping 7, GenuineIntel



---------------  S Y S T E M  ---------------

OS: Windows 10.0 , 64 bit Build 10586 (10.0.10586.0)

CPU:total 8 (4 cores per cpu, 2 threads per core) family 6 model 42 stepping 7, cmov, cx8, fxsr, mmx, sse, sse2, sse3, ssse3, sse4.1, sse4.2, popcnt, avx, aes, clmul, ht, tsc, tscinvbit

Memory: 4k page, physical 8335212k(1785288k free), swap 10294124k(3192k free)

vm_info: Java HotSpot(TM) 64-Bit Server VM (25.51-b03) for windows-amd64 JRE (1.8.0_51-b16), built on Jun  8 2015 18:03:07 by "java_re" with MS VC++ 10.0 (VS2010)

time: Tue Apr 05 18:22:34 2016
elapsed time: 1 seconds (0d 0h 0m 1s)

